Looking for git in: git
Using git 2.22.0 from git
> git rev-parse --show-toplevel
> git config --get commit.template
Open repository: /home/user/Git/fullstackopen2019
> git status -z -u
> git symbolic-ref --short HEAD
> git rev-parse master
> git rev-parse --symbolic-full-name master@{u}
> git rev-list --left-right master...refs/remotes/origin/master
> git for-each-ref --format %(refname) %(objectname) --sort -committerdate
> git remote --verbose
> git show :osa1/anekdootit/src/index.js
> git check-ignore -v -z --stdin
> git rev-parse --show-toplevel
fatal: not a git repository (or any of the parent directories): .git
> git show :osa1/anekdootit/src/index.js
> git show :osa1/anekdootit/src/index.js
> git check-ignore -v -z --stdin
> git check-ignore -v -z --stdin
> git check-ignore -v -z --stdin
> git show :osa2/kurssitiedot/src/index.css
> git ls-files --stage -- osa2/kurssitiedot/src/
> git show :osa2/kurssitiedot/src/index.js
> git ls-files --stage -- osa2/kurssitiedot/src/
> git check-ignore -v -z --stdin
> git show :osa2/kurssitiedot/src/components/Course.js
> git ls-files --stage -- osa2/kurssitiedot/src/components/
