6/12/2019, 11:29:14 PM:
-----------------------
Unexpected token (/home/user/Git/fullstackopen2019/osa1/unicafe/src/index.js:4:15)
  2 | import ReactDOM from "react-dom";
  3 | 
> 4 | const Buttons ({})
    |               ^
  5 | 
  6 | const App = () => {
  7 |   // tallenna napit omaan tilaansa

6/13/2019, 12:44:10 AM:
-----------------------
Unexpected token, expected "/home/user/Git/fullstackopen2019/osa1/anekdootit/src/index.js::" (/home/user/Git/fullstackopen2019/osa1/anekdootit/src/index.js:17:5)
  15 |     num === selected
  16 |       ? num === 0 ? num +=1 : num-=1
> 17 |     console.log(num);
     |     ^
  18 |     setSelected(num);
  19 |   };
  20 | 

6/13/2019, 1:21:30 AM:
----------------------
Unexpected token (/home/user/Git/fullstackopen2019/osa1/anekdootit/src/index.js:82:9)
  80 |         <h2>Anecdote with most votes</h2>
  81 |         <MostVoted handler={mostVotes()} anecdotes={props.anecdotes} votes={votes}
> 82 |         <p>{mostVotes()}</p>
     |         ^
  83 |         <p />
  84 |       </div>
  85 |     </>

