[2019-06-12 23:19:51.711] [renderer1] [error] Error: Error: ENOENT: no such file or directory, stat '/home/user/Git/fullstackopen2019/.vscode'
[2019-06-12 23:48:10.722] [renderer1] [error] TypeScript Server Error (3.5.1)
Debug Failure. Did not expect JsxExpression to have an Identifier in its trivia
Error: Debug Failure. Did not expect JsxExpression to have an Identifier in its trivia
    at addSyntheticNodes (tsserver.js:121096:30)
    at createChildren (tsserver.js:121085:9)
    at NodeObject.getChildren (tsserver.js:121029:56)
    at getTokenAtPositionWorker (tsserver.js:96646:43)
    at getTokenAtPosition (tsserver.js:96638:16)
    at Object.findTokenOnLeftOfPosition (tsserver.js:96679:31)
    at Object.getSignatureHelpItems (tsserver.js:107487:36)
    at Object.getSignatureHelpItems (tsserver.js:122240:37)
    at IOSession.Session.getSignatureHelpItems (tsserver.js:131190:62)
    at Session.handlers.ts.createMapFromTemplate._a.(anonymous function) (tsserver.js:130090:61)
    at tsserver.js:131637:88
    at IOSession.Session.executeWithRequestId (tsserver.js:131628:28)
    at IOSession.Session.executeCommand (tsserver.js:131637:33)
    at IOSession.Session.onMessage (tsserver.js:131659:35)
    at Interface.<anonymous> (tsserver.js:132950:27)
    at Interface.emit (events.js:182:13)
    at Interface._onLine (readline.js:290:10)
    at Interface._normalWrite (readline.js:433:12)
    at Socket.ondata (readline.js:149:10)
    at Socket.emit (events.js:182:13)
    at addChunk (_stream_readable.js:283:12)
    at readableAddChunk (_stream_readable.js:264:11)
    at Socket.Readable.push (_stream_readable.js:219:10)
    at Pipe.onStreamRead [as onread] (internal/stream_base_commons.js:94:17): Error: TypeScript Server Error (3.5.1)
Debug Failure. Did not expect JsxExpression to have an Identifier in its trivia
Error: Debug Failure. Did not expect JsxExpression to have an Identifier in its trivia
    at addSyntheticNodes (tsserver.js:121096:30)
    at createChildren (tsserver.js:121085:9)
    at NodeObject.getChildren (tsserver.js:121029:56)
    at getTokenAtPositionWorker (tsserver.js:96646:43)
    at getTokenAtPosition (tsserver.js:96638:16)
    at Object.findTokenOnLeftOfPosition (tsserver.js:96679:31)
    at Object.getSignatureHelpItems (tsserver.js:107487:36)
    at Object.getSignatureHelpItems (tsserver.js:122240:37)
    at IOSession.Session.getSignatureHelpItems (tsserver.js:131190:62)
    at Session.handlers.ts.createMapFromTemplate._a.(anonymous function) (tsserver.js:130090:61)
    at tsserver.js:131637:88
    at IOSession.Session.executeWithRequestId (tsserver.js:131628:28)
    at IOSession.Session.executeCommand (tsserver.js:131637:33)
    at IOSession.Session.onMessage (tsserver.js:131659:35)
    at Interface.<anonymous> (tsserver.js:132950:27)
    at Interface.emit (events.js:182:13)
    at Interface._onLine (readline.js:290:10)
    at Interface._normalWrite (readline.js:433:12)
    at Socket.ondata (readline.js:149:10)
    at Socket.emit (events.js:182:13)
    at addChunk (_stream_readable.js:283:12)
    at readableAddChunk (_stream_readable.js:264:11)
    at Socket.Readable.push (_stream_readable.js:219:10)
    at Pipe.onStreamRead [as onread] (internal/stream_base_commons.js:94:17)
	at Function.create (/usr/lib/code/extensions/typescript-language-features/dist/extension.js:1:197728)
	at v.dispatchResponse (/usr/lib/code/extensions/typescript-language-features/dist/extension.js:1:203096)
	at v.dispatchMessage (/usr/lib/code/extensions/typescript-language-features/dist/extension.js:1:201848)
	at constructor._reader.onData.e (/usr/lib/code/extensions/typescript-language-features/dist/extension.js:1:201204)
	at u.fire (/usr/lib/code/out/vs/workbench/services/extensions/node/extensionHostProcess.js:47:720)
	at t.Reader.onLengthData (/usr/lib/code/extensions/typescript-language-features/dist/extension.js:1:206508)
	at Socket.t.Reader.constructor.e.on.e (/usr/lib/code/extensions/typescript-language-features/dist/extension.js:1:206156)
	at Socket.emit (events.js:182:13)
	at addChunk (_stream_readable.js:283:12)
	at readableAddChunk (_stream_readable.js:264:11)
	at Socket.Readable.push (_stream_readable.js:219:10)
	at Pipe.onStreamRead [as onread] (internal/stream_base_commons.js:94:17)
[2019-06-13 00:27:11.525] [renderer1] [error] Data tree node not found: [object Object]: Error: Data tree node not found: [object Object]
    at Y.getDataNode (file:///usr/lib/code/out/vs/workbench/workbench.main.js:963:433)
    at Y.reveal (file:///usr/lib/code/out/vs/workbench/workbench.main.js:963:23)
    at e.<anonymous> (file:///usr/lib/code/out/vs/workbench/workbench.main.js:5306:868)
    at Generator.next (<anonymous>)
    at r (file:///usr/lib/code/out/vs/workbench/workbench.main.js:34:454)
[2019-06-13 00:27:14.382] [renderer1] [error] Data tree node not found: [object Object]: Error: Data tree node not found: [object Object]
    at Y.getDataNode (file:///usr/lib/code/out/vs/workbench/workbench.main.js:963:433)
    at Y.reveal (file:///usr/lib/code/out/vs/workbench/workbench.main.js:963:23)
    at e.<anonymous> (file:///usr/lib/code/out/vs/workbench/workbench.main.js:5306:868)
    at Generator.next (<anonymous>)
    at r (file:///usr/lib/code/out/vs/workbench/workbench.main.js:34:454)
[2019-06-13 01:02:44.649] [renderer1] [error] TypeScript Server Error (3.5.1)
Debug Failure. Did not expect JsxClosingFragment to have an Identifier in its trivia
Error: Debug Failure. Did not expect JsxClosingFragment to have an Identifier in its trivia
    at addSyntheticNodes (tsserver.js:121096:30)
    at createChildren (tsserver.js:121085:9)
    at NodeObject.getChildren (tsserver.js:121029:56)
    at getTokenAtPositionWorker (tsserver.js:96646:43)
    at getTouchingToken (tsserver.js:96633:16)
    at Object.getTouchingPropertyName (tsserver.js:96625:16)
    at Object.getDocumentHighlights (tsserver.js:101315:27)
    at Object.getDocumentHighlights (tsserver.js:122187:42)
    at IOSession.Session.getDocumentHighlights (tsserver.js:130772:71)
    at Session.handlers.ts.createMapFromTemplate._a.(anonymous function) (tsserver.js:130173:61)
    at tsserver.js:131637:88
    at IOSession.Session.executeWithRequestId (tsserver.js:131628:28)
    at IOSession.Session.executeCommand (tsserver.js:131637:33)
    at IOSession.Session.onMessage (tsserver.js:131659:35)
    at Interface.<anonymous> (tsserver.js:132950:27)
    at Interface.emit (events.js:182:13)
    at Interface._onLine (readline.js:290:10)
    at Interface._normalWrite (readline.js:433:12)
    at Socket.ondata (readline.js:149:10)
    at Socket.emit (events.js:182:13)
    at addChunk (_stream_readable.js:283:12)
    at readableAddChunk (_stream_readable.js:264:11)
    at Socket.Readable.push (_stream_readable.js:219:10)
    at Pipe.onStreamRead [as onread] (internal/stream_base_commons.js:94:17): Error: TypeScript Server Error (3.5.1)
Debug Failure. Did not expect JsxClosingFragment to have an Identifier in its trivia
Error: Debug Failure. Did not expect JsxClosingFragment to have an Identifier in its trivia
    at addSyntheticNodes (tsserver.js:121096:30)
    at createChildren (tsserver.js:121085:9)
    at NodeObject.getChildren (tsserver.js:121029:56)
    at getTokenAtPositionWorker (tsserver.js:96646:43)
    at getTouchingToken (tsserver.js:96633:16)
    at Object.getTouchingPropertyName (tsserver.js:96625:16)
    at Object.getDocumentHighlights (tsserver.js:101315:27)
    at Object.getDocumentHighlights (tsserver.js:122187:42)
    at IOSession.Session.getDocumentHighlights (tsserver.js:130772:71)
    at Session.handlers.ts.createMapFromTemplate._a.(anonymous function) (tsserver.js:130173:61)
    at tsserver.js:131637:88
    at IOSession.Session.executeWithRequestId (tsserver.js:131628:28)
    at IOSession.Session.executeCommand (tsserver.js:131637:33)
    at IOSession.Session.onMessage (tsserver.js:131659:35)
    at Interface.<anonymous> (tsserver.js:132950:27)
    at Interface.emit (events.js:182:13)
    at Interface._onLine (readline.js:290:10)
    at Interface._normalWrite (readline.js:433:12)
    at Socket.ondata (readline.js:149:10)
    at Socket.emit (events.js:182:13)
    at addChunk (_stream_readable.js:283:12)
    at readableAddChunk (_stream_readable.js:264:11)
    at Socket.Readable.push (_stream_readable.js:219:10)
    at Pipe.onStreamRead [as onread] (internal/stream_base_commons.js:94:17)
	at Function.create (/usr/lib/code/extensions/typescript-language-features/dist/extension.js:1:197728)
	at v.dispatchResponse (/usr/lib/code/extensions/typescript-language-features/dist/extension.js:1:203096)
	at v.dispatchMessage (/usr/lib/code/extensions/typescript-language-features/dist/extension.js:1:201848)
	at constructor._reader.onData.e (/usr/lib/code/extensions/typescript-language-features/dist/extension.js:1:201204)
	at u.fire (/usr/lib/code/out/vs/workbench/services/extensions/node/extensionHostProcess.js:47:720)
	at t.Reader.onLengthData (/usr/lib/code/extensions/typescript-language-features/dist/extension.js:1:206508)
	at Socket.t.Reader.constructor.e.on.e (/usr/lib/code/extensions/typescript-language-features/dist/extension.js:1:206156)
	at Socket.emit (events.js:182:13)
	at addChunk (_stream_readable.js:283:12)
	at readableAddChunk (_stream_readable.js:264:11)
	at Socket.Readable.push (_stream_readable.js:219:10)
	at Pipe.onStreamRead [as onread] (internal/stream_base_commons.js:94:17)
[2019-06-13 01:02:44.876] [renderer1] [error] TypeScript Server Error (3.5.1)
Debug Failure. Did not expect JsxClosingFragment to have an Identifier in its trivia
Error: Debug Failure. Did not expect JsxClosingFragment to have an Identifier in its trivia
    at addSyntheticNodes (tsserver.js:121096:30)
    at createChildren (tsserver.js:121085:9)
    at NodeObject.getChildren (tsserver.js:121029:56)
    at getTokenAtPositionWorker (tsserver.js:96646:43)
    at Object.getTokenAtPosition (tsserver.js:96638:16)
    at getInfo (tsserver.js:117568:28)
    at Object.getAvailableActions (tsserver.js:117552:28)
    at tsserver.js:112870:128
    at getIterator (tsserver.js:627:23)
    at Object.flatMapIterator (tsserver.js:610:27)
    at Object.getApplicableRefactors (tsserver.js:112869:36)
    at Object.getApplicableRefactors (tsserver.js:122632:32)
    at IOSession.Session.getApplicableRefactors (tsserver.js:131393:53)
    at Session.handlers.ts.createMapFromTemplate._a.(anonymous function) (tsserver.js:130211:61)
    at tsserver.js:131637:88
    at IOSession.Session.executeWithRequestId (tsserver.js:131628:28)
    at IOSession.Session.executeCommand (tsserver.js:131637:33)
    at IOSession.Session.onMessage (tsserver.js:131659:35)
    at Interface.<anonymous> (tsserver.js:132950:27)
    at Interface.emit (events.js:182:13)
    at Interface._onLine (readline.js:290:10)
    at Interface._normalWrite (readline.js:433:12)
    at Socket.ondata (readline.js:149:10)
    at Socket.emit (events.js:182:13)
    at addChunk (_stream_readable.js:283:12)
    at readableAddChunk (_stream_readable.js:264:11)
    at Socket.Readable.push (_stream_readable.js:219:10)
    at Pipe.onStreamRead [as onread] (internal/stream_base_commons.js:94:17): Error: TypeScript Server Error (3.5.1)
Debug Failure. Did not expect JsxClosingFragment to have an Identifier in its trivia
Error: Debug Failure. Did not expect JsxClosingFragment to have an Identifier in its trivia
    at addSyntheticNodes (tsserver.js:121096:30)
    at createChildren (tsserver.js:121085:9)
    at NodeObject.getChildren (tsserver.js:121029:56)
    at getTokenAtPositionWorker (tsserver.js:96646:43)
    at Object.getTokenAtPosition (tsserver.js:96638:16)
    at getInfo (tsserver.js:117568:28)
    at Object.getAvailableActions (tsserver.js:117552:28)
    at tsserver.js:112870:128
    at getIterator (tsserver.js:627:23)
    at Object.flatMapIterator (tsserver.js:610:27)
    at Object.getApplicableRefactors (tsserver.js:112869:36)
    at Object.getApplicableRefactors (tsserver.js:122632:32)
    at IOSession.Session.getApplicableRefactors (tsserver.js:131393:53)
    at Session.handlers.ts.createMapFromTemplate._a.(anonymous function) (tsserver.js:130211:61)
    at tsserver.js:131637:88
    at IOSession.Session.executeWithRequestId (tsserver.js:131628:28)
    at IOSession.Session.executeCommand (tsserver.js:131637:33)
    at IOSession.Session.onMessage (tsserver.js:131659:35)
    at Interface.<anonymous> (tsserver.js:132950:27)
    at Interface.emit (events.js:182:13)
    at Interface._onLine (readline.js:290:10)
    at Interface._normalWrite (readline.js:433:12)
    at Socket.ondata (readline.js:149:10)
    at Socket.emit (events.js:182:13)
    at addChunk (_stream_readable.js:283:12)
    at readableAddChunk (_stream_readable.js:264:11)
    at Socket.Readable.push (_stream_readable.js:219:10)
    at Pipe.onStreamRead [as onread] (internal/stream_base_commons.js:94:17)
	at Function.create (/usr/lib/code/extensions/typescript-language-features/dist/extension.js:1:197728)
	at v.dispatchResponse (/usr/lib/code/extensions/typescript-language-features/dist/extension.js:1:203096)
	at v.dispatchMessage (/usr/lib/code/extensions/typescript-language-features/dist/extension.js:1:201848)
	at constructor._reader.onData.e (/usr/lib/code/extensions/typescript-language-features/dist/extension.js:1:201204)
	at u.fire (/usr/lib/code/out/vs/workbench/services/extensions/node/extensionHostProcess.js:47:720)
	at t.Reader.onLengthData (/usr/lib/code/extensions/typescript-language-features/dist/extension.js:1:206508)
	at Socket.t.Reader.constructor.e.on.e (/usr/lib/code/extensions/typescript-language-features/dist/extension.js:1:206156)
	at Socket.emit (events.js:182:13)
	at addChunk (_stream_readable.js:283:12)
	at readableAddChunk (_stream_readable.js:264:11)
	at Socket.Readable.push (_stream_readable.js:219:10)
	at Pipe.onStreamRead [as onread] (internal/stream_base_commons.js:94:17)
[2019-06-13 01:34:40.861] [renderer1] [error] TypeScript Server Error (3.5.1)
Debug Failure. Did not expect JsxExpression to have an Identifier in its trivia
Error: Debug Failure. Did not expect JsxExpression to have an Identifier in its trivia
    at addSyntheticNodes (tsserver.js:121096:30)
    at createChildren (tsserver.js:121085:9)
    at NodeObject.getChildren (tsserver.js:121029:56)
    at findRightmostToken (tsserver.js:96757:26)
    at findRightmostToken (tsserver.js:96759:29)
    at find (tsserver.js:96732:47)
    at find (tsserver.js:96736:32)
    at find (tsserver.js:96736:32)
    at find (tsserver.js:96736:32)
    at find (tsserver.js:96736:32)
    at find (tsserver.js:96736:32)
    at find (tsserver.js:96736:32)
    at find (tsserver.js:96736:32)
    at find (tsserver.js:96736:32)
    at find (tsserver.js:96736:32)
    at find (tsserver.js:96736:32)
    at find (tsserver.js:96736:32)
    at find (tsserver.js:96736:32)
    at find (tsserver.js:96736:32)
    at Object.findPrecedingToken (tsserver.js:96709:22)
    at Object.getCompletionsAtPosition (tsserver.js:99500:35)
    at Object.getCompletionsAtPosition (tsserver.js:122085:35)
    at IOSession.Session.getCompletions (tsserver.js:131119:64)
    at Session.handlers.ts.createMapFromTemplate._a.(anonymous function) (tsserver.js:130069:61)
    at tsserver.js:131637:88
    at IOSession.Session.executeWithRequestId (tsserver.js:131628:28)
    at IOSession.Session.executeCommand (tsserver.js:131637:33)
    at IOSession.Session.onMessage (tsserver.js:131659:35)
    at Interface.<anonymous> (tsserver.js:132950:27)
    at Interface.emit (events.js:182:13)
    at Interface._onLine (readline.js:290:10)
    at Interface._normalWrite (readline.js:433:12)
    at Socket.ondata (readline.js:149:10)
    at Socket.emit (events.js:182:13)
    at addChunk (_stream_readable.js:283:12)
    at readableAddChunk (_stream_readable.js:264:11)
    at Socket.Readable.push (_stream_readable.js:219:10)
    at Pipe.onStreamRead [as onread] (internal/stream_base_commons.js:94:17): Error: TypeScript Server Error (3.5.1)
Debug Failure. Did not expect JsxExpression to have an Identifier in its trivia
Error: Debug Failure. Did not expect JsxExpression to have an Identifier in its trivia
    at addSyntheticNodes (tsserver.js:121096:30)
    at createChildren (tsserver.js:121085:9)
    at NodeObject.getChildren (tsserver.js:121029:56)
    at findRightmostToken (tsserver.js:96757:26)
    at findRightmostToken (tsserver.js:96759:29)
    at find (tsserver.js:96732:47)
    at find (tsserver.js:96736:32)
    at find (tsserver.js:96736:32)
    at find (tsserver.js:96736:32)
    at find (tsserver.js:96736:32)
    at find (tsserver.js:96736:32)
    at find (tsserver.js:96736:32)
    at find (tsserver.js:96736:32)
    at find (tsserver.js:96736:32)
    at find (tsserver.js:96736:32)
    at find (tsserver.js:96736:32)
    at find (tsserver.js:96736:32)
    at find (tsserver.js:96736:32)
    at find (tsserver.js:96736:32)
    at Object.findPrecedingToken (tsserver.js:96709:22)
    at Object.getCompletionsAtPosition (tsserver.js:99500:35)
    at Object.getCompletionsAtPosition (tsserver.js:122085:35)
    at IOSession.Session.getCompletions (tsserver.js:131119:64)
    at Session.handlers.ts.createMapFromTemplate._a.(anonymous function) (tsserver.js:130069:61)
    at tsserver.js:131637:88
    at IOSession.Session.executeWithRequestId (tsserver.js:131628:28)
    at IOSession.Session.executeCommand (tsserver.js:131637:33)
    at IOSession.Session.onMessage (tsserver.js:131659:35)
    at Interface.<anonymous> (tsserver.js:132950:27)
    at Interface.emit (events.js:182:13)
    at Interface._onLine (readline.js:290:10)
    at Interface._normalWrite (readline.js:433:12)
    at Socket.ondata (readline.js:149:10)
    at Socket.emit (events.js:182:13)
    at addChunk (_stream_readable.js:283:12)
    at readableAddChunk (_stream_readable.js:264:11)
    at Socket.Readable.push (_stream_readable.js:219:10)
    at Pipe.onStreamRead [as onread] (internal/stream_base_commons.js:94:17)
	at Function.create (/usr/lib/code/extensions/typescript-language-features/dist/extension.js:1:197728)
	at v.dispatchResponse (/usr/lib/code/extensions/typescript-language-features/dist/extension.js:1:203096)
	at v.dispatchMessage (/usr/lib/code/extensions/typescript-language-features/dist/extension.js:1:201848)
	at constructor._reader.onData.e (/usr/lib/code/extensions/typescript-language-features/dist/extension.js:1:201204)
	at u.fire (/usr/lib/code/out/vs/workbench/services/extensions/node/extensionHostProcess.js:47:720)
	at t.Reader.onLengthData (/usr/lib/code/extensions/typescript-language-features/dist/extension.js:1:206508)
	at Socket.t.Reader.constructor.e.on.e (/usr/lib/code/extensions/typescript-language-features/dist/extension.js:1:206156)
	at Socket.emit (events.js:182:13)
	at addChunk (_stream_readable.js:283:12)
	at readableAddChunk (_stream_readable.js:264:11)
	at Socket.Readable.push (_stream_readable.js:219:10)
	at Pipe.onStreamRead [as onread] (internal/stream_base_commons.js:94:17)
[2019-06-13 01:34:42.878] [renderer1] [error] TypeScript Server Error (3.5.1)
Debug Failure. Did not expect JsxExpression to have an Identifier in its trivia
Error: Debug Failure. Did not expect JsxExpression to have an Identifier in its trivia
    at addSyntheticNodes (tsserver.js:121096:30)
    at createChildren (tsserver.js:121085:9)
    at NodeObject.getChildren (tsserver.js:121029:56)
    at getTokenAtPositionWorker (tsserver.js:96646:43)
    at getTouchingToken (tsserver.js:96633:16)
    at Object.getTouchingPropertyName (tsserver.js:96625:16)
    at Object.getDocumentHighlights (tsserver.js:101315:27)
    at Object.getDocumentHighlights (tsserver.js:122187:42)
    at IOSession.Session.getDocumentHighlights (tsserver.js:130772:71)
    at Session.handlers.ts.createMapFromTemplate._a.(anonymous function) (tsserver.js:130173:61)
    at tsserver.js:131637:88
    at IOSession.Session.executeWithRequestId (tsserver.js:131628:28)
    at IOSession.Session.executeCommand (tsserver.js:131637:33)
    at IOSession.Session.onMessage (tsserver.js:131659:35)
    at Interface.<anonymous> (tsserver.js:132950:27)
    at Interface.emit (events.js:182:13)
    at Interface._onLine (readline.js:290:10)
    at Interface._normalWrite (readline.js:433:12)
    at Socket.ondata (readline.js:149:10)
    at Socket.emit (events.js:182:13)
    at addChunk (_stream_readable.js:283:12)
    at readableAddChunk (_stream_readable.js:264:11)
    at Socket.Readable.push (_stream_readable.js:219:10)
    at Pipe.onStreamRead [as onread] (internal/stream_base_commons.js:94:17): Error: TypeScript Server Error (3.5.1)
Debug Failure. Did not expect JsxExpression to have an Identifier in its trivia
Error: Debug Failure. Did not expect JsxExpression to have an Identifier in its trivia
    at addSyntheticNodes (tsserver.js:121096:30)
    at createChildren (tsserver.js:121085:9)
    at NodeObject.getChildren (tsserver.js:121029:56)
    at getTokenAtPositionWorker (tsserver.js:96646:43)
    at getTouchingToken (tsserver.js:96633:16)
    at Object.getTouchingPropertyName (tsserver.js:96625:16)
    at Object.getDocumentHighlights (tsserver.js:101315:27)
    at Object.getDocumentHighlights (tsserver.js:122187:42)
    at IOSession.Session.getDocumentHighlights (tsserver.js:130772:71)
    at Session.handlers.ts.createMapFromTemplate._a.(anonymous function) (tsserver.js:130173:61)
    at tsserver.js:131637:88
    at IOSession.Session.executeWithRequestId (tsserver.js:131628:28)
    at IOSession.Session.executeCommand (tsserver.js:131637:33)
    at IOSession.Session.onMessage (tsserver.js:131659:35)
    at Interface.<anonymous> (tsserver.js:132950:27)
    at Interface.emit (events.js:182:13)
    at Interface._onLine (readline.js:290:10)
    at Interface._normalWrite (readline.js:433:12)
    at Socket.ondata (readline.js:149:10)
    at Socket.emit (events.js:182:13)
    at addChunk (_stream_readable.js:283:12)
    at readableAddChunk (_stream_readable.js:264:11)
    at Socket.Readable.push (_stream_readable.js:219:10)
    at Pipe.onStreamRead [as onread] (internal/stream_base_commons.js:94:17)
	at Function.create (/usr/lib/code/extensions/typescript-language-features/dist/extension.js:1:197728)
	at v.dispatchResponse (/usr/lib/code/extensions/typescript-language-features/dist/extension.js:1:203096)
	at v.dispatchMessage (/usr/lib/code/extensions/typescript-language-features/dist/extension.js:1:201848)
	at constructor._reader.onData.e (/usr/lib/code/extensions/typescript-language-features/dist/extension.js:1:201204)
	at u.fire (/usr/lib/code/out/vs/workbench/services/extensions/node/extensionHostProcess.js:47:720)
	at t.Reader.onLengthData (/usr/lib/code/extensions/typescript-language-features/dist/extension.js:1:206508)
	at Socket.t.Reader.constructor.e.on.e (/usr/lib/code/extensions/typescript-language-features/dist/extension.js:1:206156)
	at Socket.emit (events.js:182:13)
	at addChunk (_stream_readable.js:283:12)
	at readableAddChunk (_stream_readable.js:264:11)
	at Socket.Readable.push (_stream_readable.js:219:10)
	at Pipe.onStreamRead [as onread] (internal/stream_base_commons.js:94:17)
[2019-06-13 01:34:43.807] [renderer1] [error] TypeScript Server Error (3.5.1)
Debug Failure. Did not expect JsxExpression to have an Identifier in its trivia
Error: Debug Failure. Did not expect JsxExpression to have an Identifier in its trivia
    at addSyntheticNodes (tsserver.js:121096:30)
    at createChildren (tsserver.js:121085:9)
    at NodeObject.getChildren (tsserver.js:121029:56)
    at getTokenAtPositionWorker (tsserver.js:96646:43)
    at Object.getTokenAtPosition (tsserver.js:96638:16)
    at getInfo (tsserver.js:117568:28)
    at Object.getAvailableActions (tsserver.js:117552:28)
    at tsserver.js:112870:128
    at getIterator (tsserver.js:627:23)
    at Object.flatMapIterator (tsserver.js:610:27)
    at Object.getApplicableRefactors (tsserver.js:112869:36)
    at Object.getApplicableRefactors (tsserver.js:122632:32)
    at IOSession.Session.getApplicableRefactors (tsserver.js:131393:53)
    at Session.handlers.ts.createMapFromTemplate._a.(anonymous function) (tsserver.js:130211:61)
    at tsserver.js:131637:88
    at IOSession.Session.executeWithRequestId (tsserver.js:131628:28)
    at IOSession.Session.executeCommand (tsserver.js:131637:33)
    at IOSession.Session.onMessage (tsserver.js:131659:35)
    at Interface.<anonymous> (tsserver.js:132950:27)
    at Interface.emit (events.js:182:13)
    at Interface._onLine (readline.js:290:10)
    at Interface._normalWrite (readline.js:433:12)
    at Socket.ondata (readline.js:149:10)
    at Socket.emit (events.js:182:13)
    at addChunk (_stream_readable.js:283:12)
    at readableAddChunk (_stream_readable.js:264:11)
    at Socket.Readable.push (_stream_readable.js:219:10)
    at Pipe.onStreamRead [as onread] (internal/stream_base_commons.js:94:17): Error: TypeScript Server Error (3.5.1)
Debug Failure. Did not expect JsxExpression to have an Identifier in its trivia
Error: Debug Failure. Did not expect JsxExpression to have an Identifier in its trivia
    at addSyntheticNodes (tsserver.js:121096:30)
    at createChildren (tsserver.js:121085:9)
    at NodeObject.getChildren (tsserver.js:121029:56)
    at getTokenAtPositionWorker (tsserver.js:96646:43)
    at Object.getTokenAtPosition (tsserver.js:96638:16)
    at getInfo (tsserver.js:117568:28)
    at Object.getAvailableActions (tsserver.js:117552:28)
    at tsserver.js:112870:128
    at getIterator (tsserver.js:627:23)
    at Object.flatMapIterator (tsserver.js:610:27)
    at Object.getApplicableRefactors (tsserver.js:112869:36)
    at Object.getApplicableRefactors (tsserver.js:122632:32)
    at IOSession.Session.getApplicableRefactors (tsserver.js:131393:53)
    at Session.handlers.ts.createMapFromTemplate._a.(anonymous function) (tsserver.js:130211:61)
    at tsserver.js:131637:88
    at IOSession.Session.executeWithRequestId (tsserver.js:131628:28)
    at IOSession.Session.executeCommand (tsserver.js:131637:33)
    at IOSession.Session.onMessage (tsserver.js:131659:35)
    at Interface.<anonymous> (tsserver.js:132950:27)
    at Interface.emit (events.js:182:13)
    at Interface._onLine (readline.js:290:10)
    at Interface._normalWrite (readline.js:433:12)
    at Socket.ondata (readline.js:149:10)
    at Socket.emit (events.js:182:13)
    at addChunk (_stream_readable.js:283:12)
    at readableAddChunk (_stream_readable.js:264:11)
    at Socket.Readable.push (_stream_readable.js:219:10)
    at Pipe.onStreamRead [as onread] (internal/stream_base_commons.js:94:17)
	at Function.create (/usr/lib/code/extensions/typescript-language-features/dist/extension.js:1:197728)
	at v.dispatchResponse (/usr/lib/code/extensions/typescript-language-features/dist/extension.js:1:203096)
	at v.dispatchMessage (/usr/lib/code/extensions/typescript-language-features/dist/extension.js:1:201848)
	at constructor._reader.onData.e (/usr/lib/code/extensions/typescript-language-features/dist/extension.js:1:201204)
	at u.fire (/usr/lib/code/out/vs/workbench/services/extensions/node/extensionHostProcess.js:47:720)
	at t.Reader.onLengthData (/usr/lib/code/extensions/typescript-language-features/dist/extension.js:1:206508)
	at Socket.t.Reader.constructor.e.on.e (/usr/lib/code/extensions/typescript-language-features/dist/extension.js:1:206156)
	at Socket.emit (events.js:182:13)
	at addChunk (_stream_readable.js:283:12)
	at readableAddChunk (_stream_readable.js:264:11)
	at Socket.Readable.push (_stream_readable.js:219:10)
	at Pipe.onStreamRead [as onread] (internal/stream_base_commons.js:94:17)
