[2019-06-16 16:01:51.760] [exthost] [info] extension host started
[2019-06-16 16:01:51.775] [exthost] [info] ExtensionService#_doActivateExtension vscode.typescript-language-features {"startup":false,"activationEvent":"onLanguage:javascript"}
[2019-06-16 16:01:51.775] [exthost] [info] ExtensionService#loadCommonJSModule /usr/lib/code/extensions/typescript-language-features/dist/extension
[2019-06-16 16:01:51.832] [exthost] [info] ExtensionService#_doActivateExtension vscode.debug-auto-launch {"startup":true,"activationEvent":"*"}
[2019-06-16 16:01:51.832] [exthost] [info] ExtensionService#loadCommonJSModule /usr/lib/code/extensions/debug-auto-launch/dist/extension
[2019-06-16 16:01:51.842] [exthost] [info] ExtensionService#_doActivateExtension vscode.emmet {"startup":true,"activationEvent":"*"}
[2019-06-16 16:01:51.842] [exthost] [info] ExtensionService#loadCommonJSModule /usr/lib/code/extensions/emmet/dist/extension
[2019-06-16 16:01:51.856] [exthost] [info] ExtensionService#_doActivateExtension vscode.git {"startup":true,"activationEvent":"*"}
[2019-06-16 16:01:51.857] [exthost] [info] ExtensionService#loadCommonJSModule /usr/lib/code/extensions/git/dist/main
[2019-06-16 16:01:51.935] [exthost] [info] ExtensionService#_doActivateExtension vscode.merge-conflict {"startup":true,"activationEvent":"*"}
[2019-06-16 16:01:51.935] [exthost] [info] ExtensionService#loadCommonJSModule /usr/lib/code/extensions/merge-conflict/dist/extension
[2019-06-16 16:01:51.971] [exthost] [info] ExtensionService#_doActivateExtension esbenp.prettier-vscode {"startup":true,"activationEvent":"*"}
[2019-06-16 16:01:51.971] [exthost] [info] ExtensionService#loadCommonJSModule /home/user/.vscode-oss/extensions/esbenp.prettier-vscode-1.9.0/out/src/extension
[2019-06-16 16:01:52.214] [exthost] [info] eager extensions activated
[2019-06-16 22:58:25.949] [exthost] [info] ExtensionService#_doActivateExtension vscode.extension-editing {"startup":false,"activationEvent":"onLanguage:typescript"}
[2019-06-16 22:58:25.949] [exthost] [info] ExtensionService#loadCommonJSModule /usr/lib/code/extensions/extension-editing/dist/extension
[2019-06-16 23:10:05.303] [exthost] [info] ExtensionService#_doActivateExtension vscode.configuration-editing {"startup":false,"activationEvent":"onLanguage:json"}
[2019-06-16 23:10:05.303] [exthost] [info] ExtensionService#loadCommonJSModule /usr/lib/code/extensions/configuration-editing/dist/extension
[2019-06-16 23:10:05.308] [exthost] [info] ExtensionService#_doActivateExtension vscode.json-language-features {"startup":false,"activationEvent":"onLanguage:json"}
[2019-06-16 23:10:05.308] [exthost] [info] ExtensionService#loadCommonJSModule /usr/lib/code/extensions/json-language-features/client/dist/jsonMain
[2019-06-16 23:10:05.354] [exthost] [info] ExtensionService#_doActivateExtension vscode.npm {"startup":false,"activationEvent":"onLanguage:json"}
[2019-06-16 23:10:05.354] [exthost] [info] ExtensionService#loadCommonJSModule /usr/lib/code/extensions/npm/dist/main
[2019-06-17 21:33:04.981] [exthost] [error] [vscode.typescript-language-features] provider FAILED
[2019-06-17 21:33:04.983] [exthost] [error] Error: TypeScript Server Error (3.5.1)
Cannot read property 'kind' of undefined
TypeError: Cannot read property 'kind' of undefined
    at Object.isImportClause (tsserver.js:14022:21)
    at Object.deleteDeclaration (tsserver.js:112676:32)
    at _loop_9 (tsserver.js:112264:47)
    at ChangeTracker.finishDeleteDeclarations (tsserver.js:112271:21)
    at ChangeTracker.getChanges (tsserver.js:112291:22)
    at Function.ChangeTracker.with (tsserver.js:111836:32)
    at Object.getCodeActions (tsserver.js:116453:69)
    at tsserver.js:112821:121
    at Object.flatMap (tsserver.js:573:25)
    at Object.getFixes (tsserver.js:112821:23)
    at tsserver.js:122397:35
    at Object.flatMap (tsserver.js:573:25)
    at Object.getCodeFixesAtPosition (tsserver.js:122395:23)
    at IOSession.Session.getCodeFixes (tsserver.js:131443:64)
    at Session.handlers.ts.createMapFromTemplate._a.(anonymous function) (tsserver.js:130193:61)
    at tsserver.js:131637:88
    at IOSession.Session.executeWithRequestId (tsserver.js:131628:28)
    at IOSession.Session.executeCommand (tsserver.js:131637:33)
    at IOSession.Session.onMessage (tsserver.js:131659:35)
    at Interface.<anonymous> (tsserver.js:132950:27)
    at Interface.emit (events.js:182:13)
    at Interface._onLine (readline.js:290:10)
    at Interface._normalWrite (readline.js:433:12)
    at Socket.ondata (readline.js:149:10)
    at Socket.emit (events.js:182:13)
    at addChunk (_stream_readable.js:283:12)
    at readableAddChunk (_stream_readable.js:264:11)
    at Socket.Readable.push (_stream_readable.js:219:10)
    at Pipe.onStreamRead [as onread] (internal/stream_base_commons.js:94:17)
	at Function.create (/usr/lib/code/extensions/typescript-language-features/dist/extension.js:1:197728)
	at v.dispatchResponse (/usr/lib/code/extensions/typescript-language-features/dist/extension.js:1:203096)
	at v.dispatchMessage (/usr/lib/code/extensions/typescript-language-features/dist/extension.js:1:201848)
	at constructor._reader.onData.e (/usr/lib/code/extensions/typescript-language-features/dist/extension.js:1:201204)
	at u.fire (/usr/lib/code/out/vs/workbench/services/extensions/node/extensionHostProcess.js:47:720)
	at t.Reader.onLengthData (/usr/lib/code/extensions/typescript-language-features/dist/extension.js:1:206508)
	at Socket.t.Reader.constructor.e.on.e (/usr/lib/code/extensions/typescript-language-features/dist/extension.js:1:206156)
	at Socket.emit (events.js:182:13)
	at addChunk (_stream_readable.js:283:12)
	at readableAddChunk (_stream_readable.js:264:11)
	at Socket.Readable.push (_stream_readable.js:219:10)
	at Pipe.onStreamRead [as onread] (internal/stream_base_commons.js:94:17)
[2019-06-17 21:33:05.247] [exthost] [error] [vscode.typescript-language-features] provider FAILED
[2019-06-17 21:33:05.247] [exthost] [error] Error: TypeScript Server Error (3.5.1)
Cannot read property 'kind' of undefined
TypeError: Cannot read property 'kind' of undefined
    at Object.isImportClause (tsserver.js:14022:21)
    at Object.deleteDeclaration (tsserver.js:112676:32)
    at _loop_9 (tsserver.js:112264:47)
    at ChangeTracker.finishDeleteDeclarations (tsserver.js:112271:21)
    at ChangeTracker.getChanges (tsserver.js:112291:22)
    at Function.ChangeTracker.with (tsserver.js:111836:32)
    at Object.getCodeActions (tsserver.js:116453:69)
    at tsserver.js:112821:121
    at Object.flatMap (tsserver.js:573:25)
    at Object.getFixes (tsserver.js:112821:23)
    at tsserver.js:122397:35
    at Object.flatMap (tsserver.js:573:25)
    at Object.getCodeFixesAtPosition (tsserver.js:122395:23)
    at IOSession.Session.getCodeFixes (tsserver.js:131443:64)
    at Session.handlers.ts.createMapFromTemplate._a.(anonymous function) (tsserver.js:130193:61)
    at tsserver.js:131637:88
    at IOSession.Session.executeWithRequestId (tsserver.js:131628:28)
    at IOSession.Session.executeCommand (tsserver.js:131637:33)
    at IOSession.Session.onMessage (tsserver.js:131659:35)
    at Interface.<anonymous> (tsserver.js:132950:27)
    at Interface.emit (events.js:182:13)
    at Interface._onLine (readline.js:290:10)
    at Interface._normalWrite (readline.js:433:12)
    at Socket.ondata (readline.js:149:10)
    at Socket.emit (events.js:182:13)
    at addChunk (_stream_readable.js:283:12)
    at readableAddChunk (_stream_readable.js:264:11)
    at Socket.Readable.push (_stream_readable.js:219:10)
    at Pipe.onStreamRead [as onread] (internal/stream_base_commons.js:94:17)
	at Function.create (/usr/lib/code/extensions/typescript-language-features/dist/extension.js:1:197728)
	at v.dispatchResponse (/usr/lib/code/extensions/typescript-language-features/dist/extension.js:1:203096)
	at v.dispatchMessage (/usr/lib/code/extensions/typescript-language-features/dist/extension.js:1:201848)
	at constructor._reader.onData.e (/usr/lib/code/extensions/typescript-language-features/dist/extension.js:1:201204)
	at u.fire (/usr/lib/code/out/vs/workbench/services/extensions/node/extensionHostProcess.js:47:720)
	at t.Reader.onLengthData (/usr/lib/code/extensions/typescript-language-features/dist/extension.js:1:206508)
	at Socket.t.Reader.constructor.e.on.e (/usr/lib/code/extensions/typescript-language-features/dist/extension.js:1:206156)
	at Socket.emit (events.js:182:13)
	at addChunk (_stream_readable.js:283:12)
	at readableAddChunk (_stream_readable.js:264:11)
	at Socket.Readable.push (_stream_readable.js:219:10)
	at Pipe.onStreamRead [as onread] (internal/stream_base_commons.js:94:17)
[2019-06-17 22:44:10.472] [exthost] [info] ExtensionService#_doActivateExtension vscode.debug-server-ready {"startup":false,"activationEvent":"onDebugResolve"}
[2019-06-17 22:44:10.472] [exthost] [info] ExtensionService#loadCommonJSModule /usr/lib/code/extensions/debug-server-ready/dist/extension
[2019-06-17 22:44:10.488] [exthost] [info] ExtensionService#_doActivateExtension ms-vscode.node-debug2 {"startup":false,"activationEvent":"onDebugResolve:node"}
[2019-06-17 22:44:10.488] [exthost] [info] ExtensionService#loadCommonJSModule /usr/lib/code/extensions/ms-vscode.node-debug2/out/src/extension
[2019-06-17 22:44:10.502] [exthost] [info] ExtensionService#_doActivateExtension ms-vscode.node-debug {"startup":false,"activationEvent":"onDebugResolve:node"}
[2019-06-17 22:44:10.502] [exthost] [info] ExtensionService#loadCommonJSModule /usr/lib/code/extensions/ms-vscode.node-debug/dist/extension.js
[2019-06-17 23:20:28.383] [exthost] [error] [vscode.typescript-language-features] provider FAILED
[2019-06-17 23:20:28.383] [exthost] [error] Error: TypeScript Server Error (3.5.1)
Cannot read property 'emitNode' of undefined
TypeError: Cannot read property 'emitNode' of undefined
    at Object.getStartsOnNewLine (tsserver.js:64087:29)
    at shouldWriteSeparatingLineTerminator (tsserver.js:87425:27)
    at emitNodeList (tsserver.js:87210:29)
    at emitList (tsserver.js:87107:13)
    at Object.writeList (tsserver.js:84550:13)
    at tsserver.js:107985:29
    at Object.mapToDisplayParts (tsserver.js:97521:13)
    at itemInfoForParameters (tsserver.js:107982:41)
    at getSignatureHelpItem (tsserver.js:107948:95)
    at tsserver.js:107921:79
    at Array.map (<anonymous>)
    at createSignatureHelpItems (tsserver.js:107921:36)
    at tsserver.js:107580:120
    at Object.runWithCancellationToken (tsserver.js:31649:28)
    at tsserver.js:107580:44
    at Object.firstDefined (tsserver.js:307:26)
    at tsserver.js:107576:27
    at Object.firstDefined (tsserver.js:307:26)
    at createJSSignatureHelpItems (tsserver.js:107575:56)
    at Object.getSignatureHelpItems (tsserver.js:107509:56)
    at Object.getSignatureHelpItems (tsserver.js:122240:37)
    at IOSession.Session.getSignatureHelpItems (tsserver.js:131190:62)
    at Session.handlers.ts.createMapFromTemplate._a.(anonymous function) (tsserver.js:130090:61)
    at tsserver.js:131637:88
    at IOSession.Session.executeWithRequestId (tsserver.js:131628:28)
    at IOSession.Session.executeCommand (tsserver.js:131637:33)
    at IOSession.Session.onMessage (tsserver.js:131659:35)
    at Interface.<anonymous> (tsserver.js:132950:27)
    at Interface.emit (events.js:182:13)
    at Interface._onLine (readline.js:290:10)
    at Interface._normalWrite (readline.js:433:12)
    at Socket.ondata (readline.js:149:10)
    at Socket.emit (events.js:182:13)
    at addChunk (_stream_readable.js:283:12)
    at readableAddChunk (_stream_readable.js:264:11)
    at Socket.Readable.push (_stream_readable.js:219:10)
    at Pipe.onStreamRead [as onread] (internal/stream_base_commons.js:94:17)
	at Function.create (/usr/lib/code/extensions/typescript-language-features/dist/extension.js:1:197728)
	at v.dispatchResponse (/usr/lib/code/extensions/typescript-language-features/dist/extension.js:1:203096)
	at v.dispatchMessage (/usr/lib/code/extensions/typescript-language-features/dist/extension.js:1:201848)
	at constructor._reader.onData.e (/usr/lib/code/extensions/typescript-language-features/dist/extension.js:1:201204)
	at u.fire (/usr/lib/code/out/vs/workbench/services/extensions/node/extensionHostProcess.js:47:720)
	at t.Reader.onLengthData (/usr/lib/code/extensions/typescript-language-features/dist/extension.js:1:206508)
	at Socket.t.Reader.constructor.e.on.e (/usr/lib/code/extensions/typescript-language-features/dist/extension.js:1:206156)
	at Socket.emit (events.js:182:13)
	at addChunk (_stream_readable.js:283:12)
	at readableAddChunk (_stream_readable.js:264:11)
	at Socket.Readable.push (_stream_readable.js:219:10)
	at Pipe.onStreamRead [as onread] (internal/stream_base_commons.js:94:17)
[2019-06-17 23:20:29.597] [exthost] [error] [vscode.typescript-language-features] provider FAILED
[2019-06-17 23:20:29.597] [exthost] [error] Error: TypeScript Server Error (3.5.1)
Cannot read property 'emitNode' of undefined
TypeError: Cannot read property 'emitNode' of undefined
    at Object.getStartsOnNewLine (tsserver.js:64087:29)
    at shouldWriteSeparatingLineTerminator (tsserver.js:87425:27)
    at emitNodeList (tsserver.js:87210:29)
    at emitList (tsserver.js:87107:13)
    at Object.writeList (tsserver.js:84550:13)
    at tsserver.js:107985:29
    at Object.mapToDisplayParts (tsserver.js:97521:13)
    at itemInfoForParameters (tsserver.js:107982:41)
    at getSignatureHelpItem (tsserver.js:107948:95)
    at tsserver.js:107921:79
    at Array.map (<anonymous>)
    at createSignatureHelpItems (tsserver.js:107921:36)
    at tsserver.js:107580:120
    at Object.runWithCancellationToken (tsserver.js:31649:28)
    at tsserver.js:107580:44
    at Object.firstDefined (tsserver.js:307:26)
    at tsserver.js:107576:27
    at Object.firstDefined (tsserver.js:307:26)
    at createJSSignatureHelpItems (tsserver.js:107575:56)
    at Object.getSignatureHelpItems (tsserver.js:107509:56)
    at Object.getSignatureHelpItems (tsserver.js:122240:37)
    at IOSession.Session.getSignatureHelpItems (tsserver.js:131190:62)
    at Session.handlers.ts.createMapFromTemplate._a.(anonymous function) (tsserver.js:130090:61)
    at tsserver.js:131637:88
    at IOSession.Session.executeWithRequestId (tsserver.js:131628:28)
    at IOSession.Session.executeCommand (tsserver.js:131637:33)
    at IOSession.Session.onMessage (tsserver.js:131659:35)
    at Interface.<anonymous> (tsserver.js:132950:27)
    at Interface.emit (events.js:182:13)
    at Interface._onLine (readline.js:290:10)
    at Interface._normalWrite (readline.js:433:12)
    at Socket.ondata (readline.js:149:10)
    at Socket.emit (events.js:182:13)
    at addChunk (_stream_readable.js:283:12)
    at readableAddChunk (_stream_readable.js:264:11)
    at Socket.Readable.push (_stream_readable.js:219:10)
    at Pipe.onStreamRead [as onread] (internal/stream_base_commons.js:94:17)
	at Function.create (/usr/lib/code/extensions/typescript-language-features/dist/extension.js:1:197728)
	at v.dispatchResponse (/usr/lib/code/extensions/typescript-language-features/dist/extension.js:1:203096)
	at v.dispatchMessage (/usr/lib/code/extensions/typescript-language-features/dist/extension.js:1:201848)
	at constructor._reader.onData.e (/usr/lib/code/extensions/typescript-language-features/dist/extension.js:1:201204)
	at u.fire (/usr/lib/code/out/vs/workbench/services/extensions/node/extensionHostProcess.js:47:720)
	at t.Reader.onLengthData (/usr/lib/code/extensions/typescript-language-features/dist/extension.js:1:206508)
	at Socket.t.Reader.constructor.e.on.e (/usr/lib/code/extensions/typescript-language-features/dist/extension.js:1:206156)
	at Socket.emit (events.js:182:13)
	at addChunk (_stream_readable.js:283:12)
	at readableAddChunk (_stream_readable.js:264:11)
	at Socket.Readable.push (_stream_readable.js:219:10)
	at Pipe.onStreamRead [as onread] (internal/stream_base_commons.js:94:17)
[2019-06-18 00:14:48.122] [exthost] [error] [vscode.typescript-language-features] provider FAILED
[2019-06-18 00:14:48.122] [exthost] [error] Error: name must not be falsy
	at Function.validate (/usr/lib/code/out/vs/workbench/services/extensions/node/extensionHostProcess.js:345:71)
	at new w (/usr/lib/code/out/vs/workbench/services/extensions/node/extensionHostProcess.js:345:20)
	at new w (/usr/lib/code/out/vs/workbench/services/extensions/node/extensionHostProcess.js:333:525)
	at Function.convertNavTree (/usr/lib/code/extensions/typescript-language-features/dist/extension.js:1:144006)
	at Function.convertNavTree (/usr/lib/code/extensions/typescript-language-features/dist/extension.js:1:144142)
	at Function.convertNavTree (/usr/lib/code/extensions/typescript-language-features/dist/extension.js:1:144142)
	at provideDocumentSymbols.s.childItems.forEach.n (/usr/lib/code/extensions/typescript-language-features/dist/extension.js:1:143826)
	at Array.forEach (<anonymous>)
	at a.provideDocumentSymbols (/usr/lib/code/extensions/typescript-language-features/dist/extension.js:1:143813)
[2019-06-18 00:14:57.998] [exthost] [error] [vscode.typescript-language-features] provider FAILED
[2019-06-18 00:14:57.998] [exthost] [error] Error: name must not be falsy
	at Function.validate (/usr/lib/code/out/vs/workbench/services/extensions/node/extensionHostProcess.js:345:71)
	at new w (/usr/lib/code/out/vs/workbench/services/extensions/node/extensionHostProcess.js:345:20)
	at new w (/usr/lib/code/out/vs/workbench/services/extensions/node/extensionHostProcess.js:333:525)
	at Function.convertNavTree (/usr/lib/code/extensions/typescript-language-features/dist/extension.js:1:144006)
	at Function.convertNavTree (/usr/lib/code/extensions/typescript-language-features/dist/extension.js:1:144142)
	at Function.convertNavTree (/usr/lib/code/extensions/typescript-language-features/dist/extension.js:1:144142)
	at provideDocumentSymbols.s.childItems.forEach.n (/usr/lib/code/extensions/typescript-language-features/dist/extension.js:1:143826)
	at Array.forEach (<anonymous>)
	at a.provideDocumentSymbols (/usr/lib/code/extensions/typescript-language-features/dist/extension.js:1:143813)
[2019-06-18 20:28:01.699] [exthost] [info] ExtensionService#_doActivateExtension vscode.css-language-features {"startup":false,"activationEvent":"onLanguage:css"}
[2019-06-18 20:28:01.699] [exthost] [info] ExtensionService#loadCommonJSModule /usr/lib/code/extensions/css-language-features/client/dist/cssMain
[2019-06-18 20:52:58.830] [exthost] [error] [vscode.typescript-language-features] provider FAILED
[2019-06-18 20:52:58.830] [exthost] [error] Error: TypeScript Server Error (3.5.1)
Cannot read property 'kind' of undefined
TypeError: Cannot read property 'kind' of undefined
    at Object.isImportClause (tsserver.js:14022:21)
    at Object.deleteDeclaration (tsserver.js:112676:32)
    at _loop_9 (tsserver.js:112264:47)
    at ChangeTracker.finishDeleteDeclarations (tsserver.js:112271:21)
    at ChangeTracker.getChanges (tsserver.js:112291:22)
    at Function.ChangeTracker.with (tsserver.js:111836:32)
    at Object.getCodeActions (tsserver.js:116453:69)
    at tsserver.js:112821:121
    at Object.flatMap (tsserver.js:573:25)
    at Object.getFixes (tsserver.js:112821:23)
    at tsserver.js:122397:35
    at Object.flatMap (tsserver.js:573:25)
    at Object.getCodeFixesAtPosition (tsserver.js:122395:23)
    at IOSession.Session.getCodeFixes (tsserver.js:131443:64)
    at Session.handlers.ts.createMapFromTemplate._a.(anonymous function) (tsserver.js:130193:61)
    at tsserver.js:131637:88
    at IOSession.Session.executeWithRequestId (tsserver.js:131628:28)
    at IOSession.Session.executeCommand (tsserver.js:131637:33)
    at IOSession.Session.onMessage (tsserver.js:131659:35)
    at Interface.<anonymous> (tsserver.js:132950:27)
    at Interface.emit (events.js:182:13)
    at Interface._onLine (readline.js:290:10)
    at Interface._normalWrite (readline.js:433:12)
    at Socket.ondata (readline.js:149:10)
    at Socket.emit (events.js:182:13)
    at addChunk (_stream_readable.js:283:12)
    at readableAddChunk (_stream_readable.js:264:11)
    at Socket.Readable.push (_stream_readable.js:219:10)
    at Pipe.onStreamRead [as onread] (internal/stream_base_commons.js:94:17)
	at Function.create (/usr/lib/code/extensions/typescript-language-features/dist/extension.js:1:197728)
	at v.dispatchResponse (/usr/lib/code/extensions/typescript-language-features/dist/extension.js:1:203096)
	at v.dispatchMessage (/usr/lib/code/extensions/typescript-language-features/dist/extension.js:1:201848)
	at constructor._reader.onData.e (/usr/lib/code/extensions/typescript-language-features/dist/extension.js:1:201204)
	at u.fire (/usr/lib/code/out/vs/workbench/services/extensions/node/extensionHostProcess.js:47:720)
	at t.Reader.onLengthData (/usr/lib/code/extensions/typescript-language-features/dist/extension.js:1:206508)
	at Socket.t.Reader.constructor.e.on.e (/usr/lib/code/extensions/typescript-language-features/dist/extension.js:1:206156)
	at Socket.emit (events.js:182:13)
	at addChunk (_stream_readable.js:283:12)
	at readableAddChunk (_stream_readable.js:264:11)
	at Socket.Readable.push (_stream_readable.js:219:10)
	at Pipe.onStreamRead [as onread] (internal/stream_base_commons.js:94:17)
[2019-06-18 21:31:17.601] [exthost] [info] ExtensionService#_doActivateExtension vscode.html-language-features {"startup":false,"activationEvent":"onLanguage:html"}
[2019-06-18 21:31:17.601] [exthost] [info] ExtensionService#loadCommonJSModule /usr/lib/code/extensions/html-language-features/client/dist/htmlMain
