[2019-06-13 08:12:31.174] [renderer1] [error] Error: Error: ENOENT: no such file or directory, stat '/home/user/Git/fullstackopen2019/.vscode'
[2019-06-13 22:31:40.369] [renderer1] [warning] UNRESPONSIVE extension host, 'vscode.git' took 89% of 69.873ms, saved PROFILE here: '/tmp/exthost-63969c.cpuprofile' [{"id":"gc","total":709,"percentage":1},{"id":"program","total":1683,"percentage":2},{"id":"self","total":302,"percentage":0},{"id":"vscode.git","total":62474,"percentage":89}]
[2019-06-13 22:46:12.354] [renderer1] [error] Data tree node not found: [object Object]: Error: Data tree node not found: [object Object]
    at Y.getDataNode (file:///usr/lib/code/out/vs/workbench/workbench.main.js:963:433)
    at Y.reveal (file:///usr/lib/code/out/vs/workbench/workbench.main.js:963:23)
    at e.<anonymous> (file:///usr/lib/code/out/vs/workbench/workbench.main.js:5306:868)
    at Generator.next (<anonymous>)
    at r (file:///usr/lib/code/out/vs/workbench/workbench.main.js:34:454)
[2019-06-14 00:36:30.916] [renderer1] [error] TypeScript Server Error (3.5.1)
Debug Failure. Did not expect JsxSelfClosingElement to have an Identifier in its trivia
Error: Debug Failure. Did not expect JsxSelfClosingElement to have an Identifier in its trivia
    at addSyntheticNodes (tsserver.js:121096:30)
    at createChildren (tsserver.js:121085:9)
    at NodeObject.getChildren (tsserver.js:121029:56)
    at find (tsserver.js:96716:30)
    at find (tsserver.js:96736:32)
    at find (tsserver.js:96736:32)
    at find (tsserver.js:96736:32)
    at find (tsserver.js:96736:32)
    at find (tsserver.js:96736:32)
    at find (tsserver.js:96736:32)
    at find (tsserver.js:96736:32)
    at find (tsserver.js:96736:32)
    at find (tsserver.js:96736:32)
    at find (tsserver.js:96736:32)
    at find (tsserver.js:96736:32)
    at find (tsserver.js:96736:32)
    at find (tsserver.js:96736:32)
    at find (tsserver.js:96736:32)
    at find (tsserver.js:96736:32)
    at Object.findPrecedingToken (tsserver.js:96709:22)
    at Object.getCompletionsAtPosition (tsserver.js:99500:35)
    at Object.getCompletionsAtPosition (tsserver.js:122085:35)
    at IOSession.Session.getCompletions (tsserver.js:131119:64)
    at Session.handlers.ts.createMapFromTemplate._a.(anonymous function) (tsserver.js:130069:61)
    at tsserver.js:131637:88
    at IOSession.Session.executeWithRequestId (tsserver.js:131628:28)
    at IOSession.Session.executeCommand (tsserver.js:131637:33)
    at IOSession.Session.onMessage (tsserver.js:131659:35)
    at Interface.<anonymous> (tsserver.js:132950:27)
    at Interface.emit (events.js:182:13)
    at Interface._onLine (readline.js:290:10)
    at Interface._normalWrite (readline.js:433:12)
    at Socket.ondata (readline.js:149:10)
    at Socket.emit (events.js:182:13)
    at addChunk (_stream_readable.js:283:12)
    at readableAddChunk (_stream_readable.js:264:11)
    at Socket.Readable.push (_stream_readable.js:219:10)
    at Pipe.onStreamRead [as onread] (internal/stream_base_commons.js:94:17): Error: TypeScript Server Error (3.5.1)
Debug Failure. Did not expect JsxSelfClosingElement to have an Identifier in its trivia
Error: Debug Failure. Did not expect JsxSelfClosingElement to have an Identifier in its trivia
    at addSyntheticNodes (tsserver.js:121096:30)
    at createChildren (tsserver.js:121085:9)
    at NodeObject.getChildren (tsserver.js:121029:56)
    at find (tsserver.js:96716:30)
    at find (tsserver.js:96736:32)
    at find (tsserver.js:96736:32)
    at find (tsserver.js:96736:32)
    at find (tsserver.js:96736:32)
    at find (tsserver.js:96736:32)
    at find (tsserver.js:96736:32)
    at find (tsserver.js:96736:32)
    at find (tsserver.js:96736:32)
    at find (tsserver.js:96736:32)
    at find (tsserver.js:96736:32)
    at find (tsserver.js:96736:32)
    at find (tsserver.js:96736:32)
    at find (tsserver.js:96736:32)
    at find (tsserver.js:96736:32)
    at find (tsserver.js:96736:32)
    at Object.findPrecedingToken (tsserver.js:96709:22)
    at Object.getCompletionsAtPosition (tsserver.js:99500:35)
    at Object.getCompletionsAtPosition (tsserver.js:122085:35)
    at IOSession.Session.getCompletions (tsserver.js:131119:64)
    at Session.handlers.ts.createMapFromTemplate._a.(anonymous function) (tsserver.js:130069:61)
    at tsserver.js:131637:88
    at IOSession.Session.executeWithRequestId (tsserver.js:131628:28)
    at IOSession.Session.executeCommand (tsserver.js:131637:33)
    at IOSession.Session.onMessage (tsserver.js:131659:35)
    at Interface.<anonymous> (tsserver.js:132950:27)
    at Interface.emit (events.js:182:13)
    at Interface._onLine (readline.js:290:10)
    at Interface._normalWrite (readline.js:433:12)
    at Socket.ondata (readline.js:149:10)
    at Socket.emit (events.js:182:13)
    at addChunk (_stream_readable.js:283:12)
    at readableAddChunk (_stream_readable.js:264:11)
    at Socket.Readable.push (_stream_readable.js:219:10)
    at Pipe.onStreamRead [as onread] (internal/stream_base_commons.js:94:17)
	at Function.create (/usr/lib/code/extensions/typescript-language-features/dist/extension.js:1:197728)
	at v.dispatchResponse (/usr/lib/code/extensions/typescript-language-features/dist/extension.js:1:203096)
	at v.dispatchMessage (/usr/lib/code/extensions/typescript-language-features/dist/extension.js:1:201848)
	at constructor._reader.onData.e (/usr/lib/code/extensions/typescript-language-features/dist/extension.js:1:201204)
	at u.fire (/usr/lib/code/out/vs/workbench/services/extensions/node/extensionHostProcess.js:47:720)
	at t.Reader.onLengthData (/usr/lib/code/extensions/typescript-language-features/dist/extension.js:1:206508)
	at Socket.t.Reader.constructor.e.on.e (/usr/lib/code/extensions/typescript-language-features/dist/extension.js:1:206156)
	at Socket.emit (events.js:182:13)
	at addChunk (_stream_readable.js:283:12)
	at readableAddChunk (_stream_readable.js:264:11)
	at Socket.Readable.push (_stream_readable.js:219:10)
	at Pipe.onStreamRead [as onread] (internal/stream_base_commons.js:94:17)
[2019-06-14 00:36:31.149] [renderer1] [error] TypeScript Server Error (3.5.1)
Debug Failure. Did not expect JsxSelfClosingElement to have an Identifier in its trivia
Error: Debug Failure. Did not expect JsxSelfClosingElement to have an Identifier in its trivia
    at addSyntheticNodes (tsserver.js:121096:30)
    at createChildren (tsserver.js:121085:9)
    at NodeObject.getChildren (tsserver.js:121029:56)
    at getTokenAtPositionWorker (tsserver.js:96646:43)
    at Object.getTokenAtPosition (tsserver.js:96638:16)
    at getInfo (tsserver.js:117568:28)
    at Object.getAvailableActions (tsserver.js:117552:28)
    at tsserver.js:112870:128
    at getIterator (tsserver.js:627:23)
    at Object.flatMapIterator (tsserver.js:610:27)
    at Object.getApplicableRefactors (tsserver.js:112869:36)
    at Object.getApplicableRefactors (tsserver.js:122632:32)
    at IOSession.Session.getApplicableRefactors (tsserver.js:131393:53)
    at Session.handlers.ts.createMapFromTemplate._a.(anonymous function) (tsserver.js:130211:61)
    at tsserver.js:131637:88
    at IOSession.Session.executeWithRequestId (tsserver.js:131628:28)
    at IOSession.Session.executeCommand (tsserver.js:131637:33)
    at IOSession.Session.onMessage (tsserver.js:131659:35)
    at Interface.<anonymous> (tsserver.js:132950:27)
    at Interface.emit (events.js:182:13)
    at Interface._onLine (readline.js:290:10)
    at Interface._normalWrite (readline.js:433:12)
    at Socket.ondata (readline.js:149:10)
    at Socket.emit (events.js:182:13)
    at addChunk (_stream_readable.js:283:12)
    at readableAddChunk (_stream_readable.js:264:11)
    at Socket.Readable.push (_stream_readable.js:219:10)
    at Pipe.onStreamRead [as onread] (internal/stream_base_commons.js:94:17): Error: TypeScript Server Error (3.5.1)
Debug Failure. Did not expect JsxSelfClosingElement to have an Identifier in its trivia
Error: Debug Failure. Did not expect JsxSelfClosingElement to have an Identifier in its trivia
    at addSyntheticNodes (tsserver.js:121096:30)
    at createChildren (tsserver.js:121085:9)
    at NodeObject.getChildren (tsserver.js:121029:56)
    at getTokenAtPositionWorker (tsserver.js:96646:43)
    at Object.getTokenAtPosition (tsserver.js:96638:16)
    at getInfo (tsserver.js:117568:28)
    at Object.getAvailableActions (tsserver.js:117552:28)
    at tsserver.js:112870:128
    at getIterator (tsserver.js:627:23)
    at Object.flatMapIterator (tsserver.js:610:27)
    at Object.getApplicableRefactors (tsserver.js:112869:36)
    at Object.getApplicableRefactors (tsserver.js:122632:32)
    at IOSession.Session.getApplicableRefactors (tsserver.js:131393:53)
    at Session.handlers.ts.createMapFromTemplate._a.(anonymous function) (tsserver.js:130211:61)
    at tsserver.js:131637:88
    at IOSession.Session.executeWithRequestId (tsserver.js:131628:28)
    at IOSession.Session.executeCommand (tsserver.js:131637:33)
    at IOSession.Session.onMessage (tsserver.js:131659:35)
    at Interface.<anonymous> (tsserver.js:132950:27)
    at Interface.emit (events.js:182:13)
    at Interface._onLine (readline.js:290:10)
    at Interface._normalWrite (readline.js:433:12)
    at Socket.ondata (readline.js:149:10)
    at Socket.emit (events.js:182:13)
    at addChunk (_stream_readable.js:283:12)
    at readableAddChunk (_stream_readable.js:264:11)
    at Socket.Readable.push (_stream_readable.js:219:10)
    at Pipe.onStreamRead [as onread] (internal/stream_base_commons.js:94:17)
	at Function.create (/usr/lib/code/extensions/typescript-language-features/dist/extension.js:1:197728)
	at v.dispatchResponse (/usr/lib/code/extensions/typescript-language-features/dist/extension.js:1:203096)
	at v.dispatchMessage (/usr/lib/code/extensions/typescript-language-features/dist/extension.js:1:201848)
	at constructor._reader.onData.e (/usr/lib/code/extensions/typescript-language-features/dist/extension.js:1:201204)
	at u.fire (/usr/lib/code/out/vs/workbench/services/extensions/node/extensionHostProcess.js:47:720)
	at t.Reader.onLengthData (/usr/lib/code/extensions/typescript-language-features/dist/extension.js:1:206508)
	at Socket.t.Reader.constructor.e.on.e (/usr/lib/code/extensions/typescript-language-features/dist/extension.js:1:206156)
	at Socket.emit (events.js:182:13)
	at addChunk (_stream_readable.js:283:12)
	at readableAddChunk (_stream_readable.js:264:11)
	at Socket.Readable.push (_stream_readable.js:219:10)
	at Pipe.onStreamRead [as onread] (internal/stream_base_commons.js:94:17)
[2019-06-14 00:36:31.585] [renderer1] [error] TypeScript Server Error (3.5.1)
Debug Failure. Did not expect JsxSelfClosingElement to have an Identifier in its trivia
Error: Debug Failure. Did not expect JsxSelfClosingElement to have an Identifier in its trivia
    at addSyntheticNodes (tsserver.js:121096:30)
    at createChildren (tsserver.js:121085:9)
    at NodeObject.getChildren (tsserver.js:121029:56)
    at find (tsserver.js:96716:30)
    at find (tsserver.js:96736:32)
    at find (tsserver.js:96736:32)
    at find (tsserver.js:96736:32)
    at find (tsserver.js:96736:32)
    at find (tsserver.js:96736:32)
    at find (tsserver.js:96736:32)
    at find (tsserver.js:96736:32)
    at find (tsserver.js:96736:32)
    at find (tsserver.js:96736:32)
    at find (tsserver.js:96736:32)
    at find (tsserver.js:96736:32)
    at find (tsserver.js:96736:32)
    at find (tsserver.js:96736:32)
    at find (tsserver.js:96736:32)
    at find (tsserver.js:96736:32)
    at Object.findPrecedingToken (tsserver.js:96709:22)
    at Object.getCompletionsAtPosition (tsserver.js:99500:35)
    at Object.getCompletionsAtPosition (tsserver.js:122085:35)
    at IOSession.Session.getCompletions (tsserver.js:131119:64)
    at Session.handlers.ts.createMapFromTemplate._a.(anonymous function) (tsserver.js:130069:61)
    at tsserver.js:131637:88
    at IOSession.Session.executeWithRequestId (tsserver.js:131628:28)
    at IOSession.Session.executeCommand (tsserver.js:131637:33)
    at IOSession.Session.onMessage (tsserver.js:131659:35)
    at Interface.<anonymous> (tsserver.js:132950:27)
    at Interface.emit (events.js:182:13)
    at Interface._onLine (readline.js:290:10)
    at Interface._normalWrite (readline.js:433:12)
    at Socket.ondata (readline.js:149:10)
    at Socket.emit (events.js:182:13)
    at addChunk (_stream_readable.js:283:12)
    at readableAddChunk (_stream_readable.js:264:11)
    at Socket.Readable.push (_stream_readable.js:219:10)
    at Pipe.onStreamRead [as onread] (internal/stream_base_commons.js:94:17): Error: TypeScript Server Error (3.5.1)
Debug Failure. Did not expect JsxSelfClosingElement to have an Identifier in its trivia
Error: Debug Failure. Did not expect JsxSelfClosingElement to have an Identifier in its trivia
    at addSyntheticNodes (tsserver.js:121096:30)
    at createChildren (tsserver.js:121085:9)
    at NodeObject.getChildren (tsserver.js:121029:56)
    at find (tsserver.js:96716:30)
    at find (tsserver.js:96736:32)
    at find (tsserver.js:96736:32)
    at find (tsserver.js:96736:32)
    at find (tsserver.js:96736:32)
    at find (tsserver.js:96736:32)
    at find (tsserver.js:96736:32)
    at find (tsserver.js:96736:32)
    at find (tsserver.js:96736:32)
    at find (tsserver.js:96736:32)
    at find (tsserver.js:96736:32)
    at find (tsserver.js:96736:32)
    at find (tsserver.js:96736:32)
    at find (tsserver.js:96736:32)
    at find (tsserver.js:96736:32)
    at find (tsserver.js:96736:32)
    at Object.findPrecedingToken (tsserver.js:96709:22)
    at Object.getCompletionsAtPosition (tsserver.js:99500:35)
    at Object.getCompletionsAtPosition (tsserver.js:122085:35)
    at IOSession.Session.getCompletions (tsserver.js:131119:64)
    at Session.handlers.ts.createMapFromTemplate._a.(anonymous function) (tsserver.js:130069:61)
    at tsserver.js:131637:88
    at IOSession.Session.executeWithRequestId (tsserver.js:131628:28)
    at IOSession.Session.executeCommand (tsserver.js:131637:33)
    at IOSession.Session.onMessage (tsserver.js:131659:35)
    at Interface.<anonymous> (tsserver.js:132950:27)
    at Interface.emit (events.js:182:13)
    at Interface._onLine (readline.js:290:10)
    at Interface._normalWrite (readline.js:433:12)
    at Socket.ondata (readline.js:149:10)
    at Socket.emit (events.js:182:13)
    at addChunk (_stream_readable.js:283:12)
    at readableAddChunk (_stream_readable.js:264:11)
    at Socket.Readable.push (_stream_readable.js:219:10)
    at Pipe.onStreamRead [as onread] (internal/stream_base_commons.js:94:17)
	at Function.create (/usr/lib/code/extensions/typescript-language-features/dist/extension.js:1:197728)
	at v.dispatchResponse (/usr/lib/code/extensions/typescript-language-features/dist/extension.js:1:203096)
	at v.dispatchMessage (/usr/lib/code/extensions/typescript-language-features/dist/extension.js:1:201848)
	at constructor._reader.onData.e (/usr/lib/code/extensions/typescript-language-features/dist/extension.js:1:201204)
	at u.fire (/usr/lib/code/out/vs/workbench/services/extensions/node/extensionHostProcess.js:47:720)
	at t.Reader.onLengthData (/usr/lib/code/extensions/typescript-language-features/dist/extension.js:1:206508)
	at Socket.t.Reader.constructor.e.on.e (/usr/lib/code/extensions/typescript-language-features/dist/extension.js:1:206156)
	at Socket.emit (events.js:182:13)
	at addChunk (_stream_readable.js:283:12)
	at readableAddChunk (_stream_readable.js:264:11)
	at Socket.Readable.push (_stream_readable.js:219:10)
	at Pipe.onStreamRead [as onread] (internal/stream_base_commons.js:94:17)
