[2019-06-13 08:12:33.262] [sharedprocess] [info] main {"machineId":"fee108dde72c3cd6202ff4ba6af0fadab50e9bacabdda6b53390b6457e2a6d81"}
[2019-06-13 08:12:33.271] [sharedprocess] [info] Scanned user extensions: 2
[2019-06-13 08:12:33.279] [sharedprocess] [info] Scanned user extensions: 2
[2019-06-13 08:12:33.312] [sharedprocess] [info] Scanned system extensions: 72
[2019-06-13 08:12:33.315] [sharedprocess] [info] Scanned system extensions: 72
[2019-06-13 08:12:33.331] [sharedprocess] [info] Scanned user extensions: 2
[2019-06-13 08:12:33.349] [sharedprocess] [info] Scanned system extensions: 72
[2019-06-13 08:12:33.374] [sharedprocess] [info] Scanned user extensions: 2
[2019-06-13 08:12:49.223] [sharedprocess] [info] Scanned user extensions: 2
[2019-06-13 08:13:13.251] [sharedprocess] [info] Starting to clean up unused language packs.
[2019-06-13 08:17:33.738] [sharedprocess] [info] Scanned user extensions: 2
[2019-06-13 08:22:34.737] [sharedprocess] [info] Scanned user extensions: 2
[2019-06-13 08:27:35.732] [sharedprocess] [info] Scanned user extensions: 2
[2019-06-13 08:32:35.739] [sharedprocess] [info] Scanned user extensions: 2
[2019-06-13 08:37:36.738] [sharedprocess] [info] Scanned user extensions: 2
[2019-06-13 08:42:36.748] [sharedprocess] [info] Scanned user extensions: 2
[2019-06-13 08:47:36.756] [sharedprocess] [info] Scanned user extensions: 2
[2019-06-13 08:52:36.765] [sharedprocess] [info] Scanned user extensions: 2
[2019-06-13 08:57:36.774] [sharedprocess] [info] Scanned user extensions: 2
[2019-06-13 09:02:36.784] [sharedprocess] [info] Scanned user extensions: 2
[2019-06-13 09:07:36.792] [sharedprocess] [info] Scanned user extensions: 2
[2019-06-13 09:12:36.801] [sharedprocess] [info] Scanned user extensions: 2
[2019-06-13 09:17:36.811] [sharedprocess] [info] Scanned user extensions: 2
[2019-06-13 09:22:36.820] [sharedprocess] [info] Scanned user extensions: 2
[2019-06-13 09:27:36.829] [sharedprocess] [info] Scanned user extensions: 2
[2019-06-13 09:32:36.839] [sharedprocess] [info] Scanned user extensions: 2
[2019-06-13 09:37:36.848] [sharedprocess] [info] Scanned user extensions: 2
[2019-06-13 09:42:36.857] [sharedprocess] [info] Scanned user extensions: 2
[2019-06-13 09:47:36.867] [sharedprocess] [info] Scanned user extensions: 2
[2019-06-13 09:52:36.876] [sharedprocess] [info] Scanned user extensions: 2
[2019-06-13 09:57:36.886] [sharedprocess] [info] Scanned user extensions: 2
[2019-06-13 10:02:36.894] [sharedprocess] [info] Scanned user extensions: 2
[2019-06-13 10:07:36.903] [sharedprocess] [info] Scanned user extensions: 2
[2019-06-13 10:12:36.914] [sharedprocess] [info] Scanned user extensions: 2
[2019-06-13 10:17:36.921] [sharedprocess] [info] Scanned user extensions: 2
[2019-06-13 10:22:36.929] [sharedprocess] [info] Scanned user extensions: 2
[2019-06-13 10:27:36.939] [sharedprocess] [info] Scanned user extensions: 2
[2019-06-13 10:32:36.947] [sharedprocess] [info] Scanned user extensions: 2
[2019-06-13 10:37:36.956] [sharedprocess] [info] Scanned user extensions: 2
[2019-06-13 10:42:36.964] [sharedprocess] [info] Scanned user extensions: 2
[2019-06-13 10:47:36.973] [sharedprocess] [info] Scanned user extensions: 2
[2019-06-13 10:52:36.983] [sharedprocess] [info] Scanned user extensions: 2
[2019-06-13 10:57:36.992] [sharedprocess] [info] Scanned user extensions: 2
[2019-06-13 11:02:37.001] [sharedprocess] [info] Scanned user extensions: 2
[2019-06-13 11:07:37.012] [sharedprocess] [info] Scanned user extensions: 2
[2019-06-13 11:12:37.023] [sharedprocess] [info] Scanned user extensions: 2
[2019-06-13 11:17:37.032] [sharedprocess] [info] Scanned user extensions: 2
[2019-06-13 11:22:37.042] [sharedprocess] [info] Scanned user extensions: 2
[2019-06-13 11:27:37.050] [sharedprocess] [info] Scanned user extensions: 2
[2019-06-13 11:32:37.059] [sharedprocess] [info] Scanned user extensions: 2
[2019-06-13 11:37:37.068] [sharedprocess] [info] Scanned user extensions: 2
[2019-06-13 11:42:37.077] [sharedprocess] [info] Scanned user extensions: 2
[2019-06-13 11:47:37.087] [sharedprocess] [info] Scanned user extensions: 2
[2019-06-13 11:52:37.096] [sharedprocess] [info] Scanned user extensions: 2
[2019-06-13 11:57:37.103] [sharedprocess] [info] Scanned user extensions: 2
[2019-06-13 12:02:37.112] [sharedprocess] [info] Scanned user extensions: 2
[2019-06-13 12:07:37.120] [sharedprocess] [info] Scanned user extensions: 2
[2019-06-13 12:12:37.130] [sharedprocess] [info] Scanned user extensions: 2
[2019-06-13 12:17:37.139] [sharedprocess] [info] Scanned user extensions: 2
[2019-06-13 12:22:37.148] [sharedprocess] [info] Scanned user extensions: 2
[2019-06-13 12:27:37.158] [sharedprocess] [info] Scanned user extensions: 2
[2019-06-13 12:32:37.165] [sharedprocess] [info] Scanned user extensions: 2
[2019-06-13 12:37:37.173] [sharedprocess] [info] Scanned user extensions: 2
[2019-06-13 12:42:37.183] [sharedprocess] [info] Scanned user extensions: 2
[2019-06-13 12:47:37.191] [sharedprocess] [info] Scanned user extensions: 2
[2019-06-13 12:52:37.201] [sharedprocess] [info] Scanned user extensions: 2
[2019-06-13 12:57:37.209] [sharedprocess] [info] Scanned user extensions: 2
[2019-06-13 13:02:37.219] [sharedprocess] [info] Scanned user extensions: 2
[2019-06-13 13:07:37.228] [sharedprocess] [info] Scanned user extensions: 2
[2019-06-13 13:12:37.237] [sharedprocess] [info] Scanned user extensions: 2
[2019-06-13 13:17:37.246] [sharedprocess] [info] Scanned user extensions: 2
[2019-06-13 13:22:37.256] [sharedprocess] [info] Scanned user extensions: 2
[2019-06-13 13:27:37.265] [sharedprocess] [info] Scanned user extensions: 2
[2019-06-13 13:32:37.272] [sharedprocess] [info] Scanned user extensions: 2
[2019-06-13 13:37:37.280] [sharedprocess] [info] Scanned user extensions: 2
[2019-06-13 13:42:37.289] [sharedprocess] [info] Scanned user extensions: 2
[2019-06-13 13:47:37.298] [sharedprocess] [info] Scanned user extensions: 2
[2019-06-13 13:52:37.308] [sharedprocess] [info] Scanned user extensions: 2
[2019-06-13 13:57:37.317] [sharedprocess] [info] Scanned user extensions: 2
[2019-06-13 14:02:37.326] [sharedprocess] [info] Scanned user extensions: 2
[2019-06-13 14:07:37.335] [sharedprocess] [info] Scanned user extensions: 2
[2019-06-13 14:12:37.344] [sharedprocess] [info] Scanned user extensions: 2
[2019-06-13 14:17:37.354] [sharedprocess] [info] Scanned user extensions: 2
[2019-06-13 14:22:37.362] [sharedprocess] [info] Scanned user extensions: 2
[2019-06-13 14:27:37.370] [sharedprocess] [info] Scanned user extensions: 2
[2019-06-13 14:32:37.380] [sharedprocess] [info] Scanned user extensions: 2
[2019-06-13 14:37:37.390] [sharedprocess] [info] Scanned user extensions: 2
[2019-06-13 14:42:37.399] [sharedprocess] [info] Scanned user extensions: 2
[2019-06-13 14:47:37.408] [sharedprocess] [info] Scanned user extensions: 2
[2019-06-13 14:52:37.418] [sharedprocess] [info] Scanned user extensions: 2
[2019-06-13 14:57:37.427] [sharedprocess] [info] Scanned user extensions: 2
[2019-06-13 15:02:37.437] [sharedprocess] [info] Scanned user extensions: 2
[2019-06-13 15:07:37.446] [sharedprocess] [info] Scanned user extensions: 2
[2019-06-13 15:12:37.455] [sharedprocess] [info] Scanned user extensions: 2
[2019-06-13 15:17:37.465] [sharedprocess] [info] Scanned user extensions: 2
[2019-06-13 15:22:37.473] [sharedprocess] [info] Scanned user extensions: 2
[2019-06-13 15:27:37.483] [sharedprocess] [info] Scanned user extensions: 2
[2019-06-13 15:32:37.493] [sharedprocess] [info] Scanned user extensions: 2
[2019-06-13 15:37:37.503] [sharedprocess] [info] Scanned user extensions: 2
[2019-06-13 15:42:37.512] [sharedprocess] [info] Scanned user extensions: 2
[2019-06-13 15:47:37.520] [sharedprocess] [info] Scanned user extensions: 2
[2019-06-13 15:52:37.527] [sharedprocess] [info] Scanned user extensions: 2
[2019-06-13 15:57:37.537] [sharedprocess] [info] Scanned user extensions: 2
[2019-06-13 16:02:37.546] [sharedprocess] [info] Scanned user extensions: 2
[2019-06-13 16:07:37.557] [sharedprocess] [info] Scanned user extensions: 2
[2019-06-13 16:12:37.566] [sharedprocess] [info] Scanned user extensions: 2
[2019-06-13 16:17:37.572] [sharedprocess] [info] Scanned user extensions: 2
[2019-06-13 16:22:37.580] [sharedprocess] [info] Scanned user extensions: 2
[2019-06-13 16:27:37.590] [sharedprocess] [info] Scanned user extensions: 2
[2019-06-13 16:32:37.606] [sharedprocess] [info] Scanned user extensions: 2
[2019-06-13 16:37:37.617] [sharedprocess] [info] Scanned user extensions: 2
[2019-06-13 16:42:37.624] [sharedprocess] [info] Scanned user extensions: 2
[2019-06-13 16:47:37.631] [sharedprocess] [info] Scanned user extensions: 2
[2019-06-13 16:52:37.640] [sharedprocess] [info] Scanned user extensions: 2
[2019-06-13 16:57:37.649] [sharedprocess] [info] Scanned user extensions: 2
[2019-06-13 17:02:37.656] [sharedprocess] [info] Scanned user extensions: 2
[2019-06-13 17:07:37.665] [sharedprocess] [info] Scanned user extensions: 2
[2019-06-13 17:12:37.675] [sharedprocess] [info] Scanned user extensions: 2
[2019-06-13 17:17:37.683] [sharedprocess] [info] Scanned user extensions: 2
[2019-06-13 17:22:37.691] [sharedprocess] [info] Scanned user extensions: 2
[2019-06-13 17:27:37.699] [sharedprocess] [info] Scanned user extensions: 2
[2019-06-13 17:32:37.707] [sharedprocess] [info] Scanned user extensions: 2
[2019-06-13 17:37:37.717] [sharedprocess] [info] Scanned user extensions: 2
[2019-06-13 17:42:37.724] [sharedprocess] [info] Scanned user extensions: 2
[2019-06-13 17:47:37.733] [sharedprocess] [info] Scanned user extensions: 2
[2019-06-13 17:52:37.743] [sharedprocess] [info] Scanned user extensions: 2
[2019-06-13 17:57:37.752] [sharedprocess] [info] Scanned user extensions: 2
[2019-06-13 18:02:37.760] [sharedprocess] [info] Scanned user extensions: 2
[2019-06-13 18:07:37.768] [sharedprocess] [info] Scanned user extensions: 2
[2019-06-13 18:12:37.776] [sharedprocess] [info] Scanned user extensions: 2
[2019-06-13 18:17:37.785] [sharedprocess] [info] Scanned user extensions: 2
[2019-06-13 18:22:37.794] [sharedprocess] [info] Scanned user extensions: 2
[2019-06-13 18:27:37.802] [sharedprocess] [info] Scanned user extensions: 2
[2019-06-13 18:32:37.809] [sharedprocess] [info] Scanned user extensions: 2
[2019-06-13 18:37:37.818] [sharedprocess] [info] Scanned user extensions: 2
[2019-06-13 18:42:37.826] [sharedprocess] [info] Scanned user extensions: 2
[2019-06-13 18:47:37.833] [sharedprocess] [info] Scanned user extensions: 2
[2019-06-13 18:52:37.841] [sharedprocess] [info] Scanned user extensions: 2
[2019-06-13 18:57:37.849] [sharedprocess] [info] Scanned user extensions: 2
[2019-06-13 19:02:37.858] [sharedprocess] [info] Scanned user extensions: 2
[2019-06-13 19:07:37.868] [sharedprocess] [info] Scanned user extensions: 2
[2019-06-13 19:12:37.876] [sharedprocess] [info] Scanned user extensions: 2
[2019-06-13 19:17:37.885] [sharedprocess] [info] Scanned user extensions: 2
[2019-06-13 19:22:37.894] [sharedprocess] [info] Scanned user extensions: 2
[2019-06-13 19:27:37.902] [sharedprocess] [info] Scanned user extensions: 2
[2019-06-13 19:32:37.909] [sharedprocess] [info] Scanned user extensions: 2
[2019-06-13 19:37:37.916] [sharedprocess] [info] Scanned user extensions: 2
[2019-06-13 19:42:37.923] [sharedprocess] [info] Scanned user extensions: 2
[2019-06-13 19:47:37.931] [sharedprocess] [info] Scanned user extensions: 2
[2019-06-13 19:52:37.940] [sharedprocess] [info] Scanned user extensions: 2
[2019-06-13 19:57:37.948] [sharedprocess] [info] Scanned user extensions: 2
[2019-06-13 20:02:37.956] [sharedprocess] [info] Scanned user extensions: 2
[2019-06-13 20:07:37.965] [sharedprocess] [info] Scanned user extensions: 2
[2019-06-13 20:12:37.974] [sharedprocess] [info] Scanned user extensions: 2
[2019-06-13 20:17:37.982] [sharedprocess] [info] Scanned user extensions: 2
[2019-06-13 20:22:37.989] [sharedprocess] [info] Scanned user extensions: 2
[2019-06-13 20:27:37.996] [sharedprocess] [info] Scanned user extensions: 2
[2019-06-13 20:32:37.998] [sharedprocess] [info] Scanned user extensions: 2
[2019-06-13 20:37:38.005] [sharedprocess] [info] Scanned user extensions: 2
[2019-06-13 20:42:38.013] [sharedprocess] [info] Scanned user extensions: 2
[2019-06-13 20:47:38.022] [sharedprocess] [info] Scanned user extensions: 2
[2019-06-13 20:52:38.029] [sharedprocess] [info] Scanned user extensions: 2
[2019-06-13 20:57:38.038] [sharedprocess] [info] Scanned user extensions: 2
[2019-06-13 21:02:38.047] [sharedprocess] [info] Scanned user extensions: 2
[2019-06-13 21:07:38.056] [sharedprocess] [info] Scanned user extensions: 2
[2019-06-13 21:12:38.065] [sharedprocess] [info] Scanned user extensions: 2
[2019-06-13 21:17:38.074] [sharedprocess] [info] Scanned user extensions: 2
[2019-06-13 21:22:38.082] [sharedprocess] [info] Scanned user extensions: 2
[2019-06-13 21:27:38.086] [sharedprocess] [info] Scanned user extensions: 2
[2019-06-13 21:32:38.095] [sharedprocess] [info] Scanned user extensions: 2
[2019-06-13 21:37:38.101] [sharedprocess] [info] Scanned user extensions: 2
[2019-06-13 21:42:38.104] [sharedprocess] [info] Scanned user extensions: 2
[2019-06-13 21:47:38.109] [sharedprocess] [info] Scanned user extensions: 2
[2019-06-13 21:52:38.113] [sharedprocess] [info] Scanned user extensions: 2
[2019-06-13 21:57:38.117] [sharedprocess] [info] Scanned user extensions: 2
[2019-06-13 22:02:38.123] [sharedprocess] [info] Scanned user extensions: 2
[2019-06-13 22:07:38.132] [sharedprocess] [info] Scanned user extensions: 2
[2019-06-13 22:12:38.141] [sharedprocess] [info] Scanned user extensions: 2
[2019-06-13 22:17:38.150] [sharedprocess] [info] Scanned user extensions: 2
[2019-06-13 22:22:38.156] [sharedprocess] [info] Scanned user extensions: 2
[2019-06-13 22:27:38.164] [sharedprocess] [info] Scanned user extensions: 2
[2019-06-13 22:32:38.171] [sharedprocess] [info] Scanned user extensions: 2
[2019-06-13 22:37:38.186] [sharedprocess] [info] Scanned user extensions: 2
[2019-06-13 22:42:38.192] [sharedprocess] [info] Scanned user extensions: 2
[2019-06-13 22:47:38.201] [sharedprocess] [info] Scanned user extensions: 2
[2019-06-13 22:52:38.204] [sharedprocess] [info] Scanned user extensions: 2
[2019-06-13 22:57:38.210] [sharedprocess] [info] Scanned user extensions: 2
[2019-06-13 23:02:38.219] [sharedprocess] [info] Scanned user extensions: 2
[2019-06-13 23:07:38.230] [sharedprocess] [info] Scanned user extensions: 2
[2019-06-13 23:12:38.236] [sharedprocess] [info] Scanned user extensions: 2
[2019-06-13 23:17:38.244] [sharedprocess] [info] Scanned user extensions: 2
[2019-06-13 23:22:38.253] [sharedprocess] [info] Scanned user extensions: 2
[2019-06-13 23:27:38.263] [sharedprocess] [info] Scanned user extensions: 2
[2019-06-13 23:32:38.269] [sharedprocess] [info] Scanned user extensions: 2
[2019-06-13 23:37:38.277] [sharedprocess] [info] Scanned user extensions: 2
[2019-06-13 23:42:38.288] [sharedprocess] [info] Scanned user extensions: 2
[2019-06-13 23:47:38.303] [sharedprocess] [info] Scanned user extensions: 2
[2019-06-13 23:52:38.312] [sharedprocess] [info] Scanned user extensions: 2
[2019-06-13 23:57:38.322] [sharedprocess] [info] Scanned user extensions: 2
[2019-06-14 00:02:38.331] [sharedprocess] [info] Scanned user extensions: 2
[2019-06-14 00:07:38.338] [sharedprocess] [info] Scanned user extensions: 2
[2019-06-14 00:12:38.347] [sharedprocess] [info] Scanned user extensions: 2
[2019-06-14 00:17:38.356] [sharedprocess] [info] Scanned user extensions: 2
[2019-06-14 00:22:38.365] [sharedprocess] [info] Scanned user extensions: 2
[2019-06-14 00:27:38.376] [sharedprocess] [info] Scanned user extensions: 2
[2019-06-14 00:32:38.386] [sharedprocess] [info] Scanned user extensions: 2
[2019-06-14 00:37:38.414] [sharedprocess] [info] Scanned user extensions: 2
[2019-06-14 00:42:38.417] [sharedprocess] [info] Scanned user extensions: 2
[2019-06-14 00:47:38.425] [sharedprocess] [info] Scanned user extensions: 2
[2019-06-14 00:52:38.435] [sharedprocess] [info] Scanned user extensions: 2
[2019-06-14 00:57:38.443] [sharedprocess] [info] Scanned user extensions: 2
[2019-06-14 01:02:38.452] [sharedprocess] [info] Scanned user extensions: 2
[2019-06-14 01:07:38.462] [sharedprocess] [info] Scanned user extensions: 2
[2019-06-14 01:12:38.470] [sharedprocess] [info] Scanned user extensions: 2
[2019-06-14 01:17:38.479] [sharedprocess] [info] Scanned user extensions: 2
[2019-06-14 01:22:38.486] [sharedprocess] [info] Scanned user extensions: 2
[2019-06-14 01:27:38.495] [sharedprocess] [info] Scanned user extensions: 2
[2019-06-14 01:32:38.500] [sharedprocess] [info] Scanned user extensions: 2
[2019-06-14 01:37:38.509] [sharedprocess] [info] Scanned user extensions: 2
[2019-06-14 01:42:38.514] [sharedprocess] [info] Scanned user extensions: 2
[2019-06-14 01:47:38.517] [sharedprocess] [info] Scanned user extensions: 2
[2019-06-14 01:52:38.524] [sharedprocess] [info] Scanned user extensions: 2
[2019-06-14 01:57:38.533] [sharedprocess] [info] Scanned user extensions: 2
[2019-06-14 02:02:38.542] [sharedprocess] [info] Scanned user extensions: 2
[2019-06-14 02:07:38.549] [sharedprocess] [info] Scanned user extensions: 2
[2019-06-14 02:12:38.557] [sharedprocess] [info] Scanned user extensions: 2
[2019-06-14 02:17:38.565] [sharedprocess] [info] Scanned user extensions: 2
[2019-06-14 02:22:38.573] [sharedprocess] [info] Scanned user extensions: 2
[2019-06-14 02:27:38.582] [sharedprocess] [info] Scanned user extensions: 2
[2019-06-14 02:32:38.591] [sharedprocess] [info] Scanned user extensions: 2
[2019-06-14 02:37:38.597] [sharedprocess] [info] Scanned user extensions: 2
[2019-06-14 02:42:38.606] [sharedprocess] [info] Scanned user extensions: 2
[2019-06-14 02:47:38.614] [sharedprocess] [info] Scanned user extensions: 2
[2019-06-14 02:52:38.622] [sharedprocess] [info] Scanned user extensions: 2
[2019-06-14 02:57:38.630] [sharedprocess] [info] Scanned user extensions: 2
[2019-06-14 03:02:38.639] [sharedprocess] [info] Scanned user extensions: 2
[2019-06-14 03:07:38.646] [sharedprocess] [info] Scanned user extensions: 2
[2019-06-14 03:12:38.655] [sharedprocess] [info] Scanned user extensions: 2
[2019-06-14 03:17:38.664] [sharedprocess] [info] Scanned user extensions: 2
[2019-06-14 03:22:38.673] [sharedprocess] [info] Scanned user extensions: 2
[2019-06-14 03:27:38.681] [sharedprocess] [info] Scanned user extensions: 2
[2019-06-14 03:32:38.689] [sharedprocess] [info] Scanned user extensions: 2
[2019-06-14 03:37:38.698] [sharedprocess] [info] Scanned user extensions: 2
[2019-06-14 03:42:38.708] [sharedprocess] [info] Scanned user extensions: 2
[2019-06-14 03:47:38.715] [sharedprocess] [info] Scanned user extensions: 2
[2019-06-14 03:52:38.724] [sharedprocess] [info] Scanned user extensions: 2
[2019-06-14 03:57:38.732] [sharedprocess] [info] Scanned user extensions: 2
[2019-06-14 04:02:38.741] [sharedprocess] [info] Scanned user extensions: 2
[2019-06-14 04:07:38.749] [sharedprocess] [info] Scanned user extensions: 2
[2019-06-14 04:12:38.758] [sharedprocess] [info] Scanned user extensions: 2
[2019-06-14 04:17:38.767] [sharedprocess] [info] Scanned user extensions: 2
[2019-06-14 04:22:38.774] [sharedprocess] [info] Scanned user extensions: 2
[2019-06-14 04:27:38.781] [sharedprocess] [info] Scanned user extensions: 2
[2019-06-14 04:32:38.789] [sharedprocess] [info] Scanned user extensions: 2
[2019-06-14 04:37:38.800] [sharedprocess] [info] Scanned user extensions: 2
[2019-06-14 04:42:38.808] [sharedprocess] [info] Scanned user extensions: 2
[2019-06-14 04:47:38.815] [sharedprocess] [info] Scanned user extensions: 2
[2019-06-14 04:52:38.823] [sharedprocess] [info] Scanned user extensions: 2
[2019-06-14 04:57:38.831] [sharedprocess] [info] Scanned user extensions: 2
[2019-06-14 05:02:38.837] [sharedprocess] [info] Scanned user extensions: 2
[2019-06-14 05:07:38.845] [sharedprocess] [info] Scanned user extensions: 2
[2019-06-14 05:12:38.854] [sharedprocess] [info] Scanned user extensions: 2
[2019-06-14 05:17:38.862] [sharedprocess] [info] Scanned user extensions: 2
[2019-06-14 05:22:38.870] [sharedprocess] [info] Scanned user extensions: 2
[2019-06-14 05:27:38.878] [sharedprocess] [info] Scanned user extensions: 2
[2019-06-14 05:32:38.885] [sharedprocess] [info] Scanned user extensions: 2
[2019-06-14 05:37:38.895] [sharedprocess] [info] Scanned user extensions: 2
[2019-06-14 05:42:38.903] [sharedprocess] [info] Scanned user extensions: 2
[2019-06-14 05:47:38.912] [sharedprocess] [info] Scanned user extensions: 2
[2019-06-14 05:52:38.921] [sharedprocess] [info] Scanned user extensions: 2
[2019-06-14 05:57:38.930] [sharedprocess] [info] Scanned user extensions: 2
[2019-06-14 06:02:38.938] [sharedprocess] [info] Scanned user extensions: 2
[2019-06-14 06:07:38.947] [sharedprocess] [info] Scanned user extensions: 2
[2019-06-14 06:12:38.955] [sharedprocess] [info] Scanned user extensions: 2
[2019-06-14 06:17:38.964] [sharedprocess] [info] Scanned user extensions: 2
[2019-06-14 06:22:38.973] [sharedprocess] [info] Scanned user extensions: 2
[2019-06-14 06:27:38.980] [sharedprocess] [info] Scanned user extensions: 2
[2019-06-14 06:32:38.988] [sharedprocess] [info] Scanned user extensions: 2
[2019-06-14 06:37:38.996] [sharedprocess] [info] Scanned user extensions: 2
[2019-06-14 06:42:39.005] [sharedprocess] [info] Scanned user extensions: 2
[2019-06-14 06:47:39.014] [sharedprocess] [info] Scanned user extensions: 2
[2019-06-14 06:52:39.023] [sharedprocess] [info] Scanned user extensions: 2
[2019-06-14 06:57:39.030] [sharedprocess] [info] Scanned user extensions: 2
[2019-06-14 07:02:39.040] [sharedprocess] [info] Scanned user extensions: 2
[2019-06-14 07:07:39.045] [sharedprocess] [info] Scanned user extensions: 2
[2019-06-14 07:12:39.055] [sharedprocess] [info] Scanned user extensions: 2
[2019-06-14 07:17:39.065] [sharedprocess] [info] Scanned user extensions: 2
[2019-06-14 07:22:39.074] [sharedprocess] [info] Scanned user extensions: 2
[2019-06-14 07:27:39.083] [sharedprocess] [info] Scanned user extensions: 2
[2019-06-14 07:32:39.091] [sharedprocess] [info] Scanned user extensions: 2
[2019-06-14 07:37:39.100] [sharedprocess] [info] Scanned user extensions: 2
[2019-06-14 07:42:39.108] [sharedprocess] [info] Scanned user extensions: 2
[2019-06-14 07:47:39.117] [sharedprocess] [info] Scanned user extensions: 2
[2019-06-14 07:52:39.125] [sharedprocess] [info] Scanned user extensions: 2
[2019-06-14 07:57:39.134] [sharedprocess] [info] Scanned user extensions: 2
[2019-06-14 08:02:39.144] [sharedprocess] [info] Scanned user extensions: 2
[2019-06-14 08:07:39.151] [sharedprocess] [info] Scanned user extensions: 2
[2019-06-14 08:12:39.160] [sharedprocess] [info] Scanned user extensions: 2
[2019-06-14 08:17:39.168] [sharedprocess] [info] Scanned user extensions: 2
[2019-06-14 08:22:39.176] [sharedprocess] [info] Scanned user extensions: 2
[2019-06-14 08:27:39.185] [sharedprocess] [info] Scanned user extensions: 2
[2019-06-14 08:32:39.193] [sharedprocess] [info] Scanned user extensions: 2
[2019-06-14 08:37:39.201] [sharedprocess] [info] Scanned user extensions: 2
[2019-06-14 08:42:39.212] [sharedprocess] [info] Scanned user extensions: 2
[2019-06-14 08:47:39.220] [sharedprocess] [info] Scanned user extensions: 2
[2019-06-14 08:52:39.229] [sharedprocess] [info] Scanned user extensions: 2
[2019-06-14 08:57:39.239] [sharedprocess] [info] Scanned user extensions: 2
[2019-06-14 09:02:39.245] [sharedprocess] [info] Scanned user extensions: 2
[2019-06-14 09:07:39.251] [sharedprocess] [info] Scanned user extensions: 2
[2019-06-14 09:12:39.258] [sharedprocess] [info] Scanned user extensions: 2
[2019-06-14 09:17:39.267] [sharedprocess] [info] Scanned user extensions: 2
[2019-06-14 09:22:39.275] [sharedprocess] [info] Scanned user extensions: 2
[2019-06-14 09:27:39.284] [sharedprocess] [info] Scanned user extensions: 2
[2019-06-14 09:32:39.292] [sharedprocess] [info] Scanned user extensions: 2
[2019-06-14 09:37:39.300] [sharedprocess] [info] Scanned user extensions: 2
[2019-06-14 09:42:39.309] [sharedprocess] [info] Scanned user extensions: 2
[2019-06-14 09:47:39.317] [sharedprocess] [info] Scanned user extensions: 2
[2019-06-14 09:52:39.326] [sharedprocess] [info] Scanned user extensions: 2
[2019-06-14 09:57:39.335] [sharedprocess] [info] Scanned user extensions: 2
[2019-06-14 10:02:39.344] [sharedprocess] [info] Scanned user extensions: 2
[2019-06-14 10:07:39.353] [sharedprocess] [info] Scanned user extensions: 2
[2019-06-14 10:12:39.361] [sharedprocess] [info] Scanned user extensions: 2
[2019-06-14 10:17:39.371] [sharedprocess] [info] Scanned user extensions: 2
[2019-06-14 10:22:39.378] [sharedprocess] [info] Scanned user extensions: 2
[2019-06-14 10:27:39.387] [sharedprocess] [info] Scanned user extensions: 2
[2019-06-14 10:32:39.396] [sharedprocess] [info] Scanned user extensions: 2
[2019-06-14 10:37:39.404] [sharedprocess] [info] Scanned user extensions: 2
[2019-06-14 10:42:39.412] [sharedprocess] [info] Scanned user extensions: 2
[2019-06-14 10:47:39.422] [sharedprocess] [info] Scanned user extensions: 2
[2019-06-14 10:52:39.429] [sharedprocess] [info] Scanned user extensions: 2
[2019-06-14 10:57:39.437] [sharedprocess] [info] Scanned user extensions: 2
[2019-06-14 11:02:39.444] [sharedprocess] [info] Scanned user extensions: 2
[2019-06-14 11:07:39.453] [sharedprocess] [info] Scanned user extensions: 2
[2019-06-14 11:12:39.462] [sharedprocess] [info] Scanned user extensions: 2
[2019-06-14 11:17:39.471] [sharedprocess] [info] Scanned user extensions: 2
[2019-06-14 11:22:39.479] [sharedprocess] [info] Scanned user extensions: 2
[2019-06-14 11:27:39.487] [sharedprocess] [info] Scanned user extensions: 2
[2019-06-14 11:32:39.495] [sharedprocess] [info] Scanned user extensions: 2
[2019-06-14 11:37:39.503] [sharedprocess] [info] Scanned user extensions: 2
[2019-06-14 11:42:39.511] [sharedprocess] [info] Scanned user extensions: 2
[2019-06-14 11:47:39.520] [sharedprocess] [info] Scanned user extensions: 2
[2019-06-14 11:52:39.528] [sharedprocess] [info] Scanned user extensions: 2
[2019-06-14 11:57:39.536] [sharedprocess] [info] Scanned user extensions: 2
[2019-06-14 12:02:39.545] [sharedprocess] [info] Scanned user extensions: 2
[2019-06-14 12:07:39.553] [sharedprocess] [info] Scanned user extensions: 2
[2019-06-14 12:12:39.562] [sharedprocess] [info] Scanned user extensions: 2
[2019-06-14 12:17:39.570] [sharedprocess] [info] Scanned user extensions: 2
[2019-06-14 12:22:39.580] [sharedprocess] [info] Scanned user extensions: 2
[2019-06-14 12:27:39.588] [sharedprocess] [info] Scanned user extensions: 2
[2019-06-14 12:32:39.595] [sharedprocess] [info] Scanned user extensions: 2
[2019-06-14 12:37:39.604] [sharedprocess] [info] Scanned user extensions: 2
[2019-06-14 12:42:39.614] [sharedprocess] [info] Scanned user extensions: 2
[2019-06-14 12:47:39.621] [sharedprocess] [info] Scanned user extensions: 2
[2019-06-14 12:52:39.630] [sharedprocess] [info] Scanned user extensions: 2
[2019-06-14 12:57:39.638] [sharedprocess] [info] Scanned user extensions: 2
[2019-06-14 13:02:39.644] [sharedprocess] [info] Scanned user extensions: 2
[2019-06-14 13:07:39.651] [sharedprocess] [info] Scanned user extensions: 2
[2019-06-14 13:12:39.660] [sharedprocess] [info] Scanned user extensions: 2
[2019-06-14 13:17:39.669] [sharedprocess] [info] Scanned user extensions: 2
[2019-06-14 13:22:39.677] [sharedprocess] [info] Scanned user extensions: 2
[2019-06-14 13:27:39.684] [sharedprocess] [info] Scanned user extensions: 2
[2019-06-14 13:32:39.692] [sharedprocess] [info] Scanned user extensions: 2
[2019-06-14 13:37:39.703] [sharedprocess] [info] Scanned user extensions: 2
[2019-06-14 13:42:39.710] [sharedprocess] [info] Scanned user extensions: 2
[2019-06-14 13:47:39.715] [sharedprocess] [info] Scanned user extensions: 2
[2019-06-14 13:52:39.721] [sharedprocess] [info] Scanned user extensions: 2
[2019-06-14 13:57:39.730] [sharedprocess] [info] Scanned user extensions: 2
[2019-06-14 14:02:39.738] [sharedprocess] [info] Scanned user extensions: 2
[2019-06-14 14:07:39.747] [sharedprocess] [info] Scanned user extensions: 2
[2019-06-14 14:12:39.756] [sharedprocess] [info] Scanned user extensions: 2
[2019-06-14 14:17:39.765] [sharedprocess] [info] Scanned user extensions: 2
[2019-06-14 14:22:39.773] [sharedprocess] [info] Scanned user extensions: 2
[2019-06-14 14:27:39.779] [sharedprocess] [info] Scanned user extensions: 2
[2019-06-14 14:32:39.785] [sharedprocess] [info] Scanned user extensions: 2
[2019-06-14 14:37:39.792] [sharedprocess] [info] Scanned user extensions: 2
[2019-06-14 14:42:39.799] [sharedprocess] [info] Scanned user extensions: 2
[2019-06-14 14:47:39.808] [sharedprocess] [info] Scanned user extensions: 2
[2019-06-14 14:52:39.816] [sharedprocess] [info] Scanned user extensions: 2
[2019-06-14 14:57:39.823] [sharedprocess] [info] Scanned user extensions: 2
[2019-06-14 15:02:39.831] [sharedprocess] [info] Scanned user extensions: 2
[2019-06-14 15:07:39.839] [sharedprocess] [info] Scanned user extensions: 2
[2019-06-14 15:12:39.850] [sharedprocess] [info] Scanned user extensions: 2
[2019-06-14 15:17:39.857] [sharedprocess] [info] Scanned user extensions: 2
[2019-06-14 15:22:39.865] [sharedprocess] [info] Scanned user extensions: 2
[2019-06-14 15:27:39.874] [sharedprocess] [info] Scanned user extensions: 2
[2019-06-14 15:32:39.883] [sharedprocess] [info] Scanned user extensions: 2
[2019-06-14 15:37:39.891] [sharedprocess] [info] Scanned user extensions: 2
[2019-06-14 15:42:39.900] [sharedprocess] [info] Scanned user extensions: 2
[2019-06-14 15:47:39.908] [sharedprocess] [info] Scanned user extensions: 2
[2019-06-14 15:52:39.918] [sharedprocess] [info] Scanned user extensions: 2
[2019-06-14 15:57:39.926] [sharedprocess] [info] Scanned user extensions: 2
[2019-06-14 16:02:39.936] [sharedprocess] [info] Scanned user extensions: 2
[2019-06-14 16:07:39.944] [sharedprocess] [info] Scanned user extensions: 2
[2019-06-14 16:12:39.953] [sharedprocess] [info] Scanned user extensions: 2
[2019-06-14 16:17:39.960] [sharedprocess] [info] Scanned user extensions: 2
[2019-06-14 16:22:39.968] [sharedprocess] [info] Scanned user extensions: 2
[2019-06-14 16:27:39.980] [sharedprocess] [info] Scanned user extensions: 2
[2019-06-14 16:32:39.988] [sharedprocess] [info] Scanned user extensions: 2
[2019-06-14 16:37:39.993] [sharedprocess] [info] Scanned user extensions: 2
[2019-06-14 16:42:40.002] [sharedprocess] [info] Scanned user extensions: 2
[2019-06-14 16:47:40.008] [sharedprocess] [info] Scanned user extensions: 2
[2019-06-14 16:52:40.013] [sharedprocess] [info] Scanned user extensions: 2
[2019-06-14 16:57:40.021] [sharedprocess] [info] Scanned user extensions: 2
[2019-06-14 17:02:40.029] [sharedprocess] [info] Scanned user extensions: 2
[2019-06-14 17:07:40.038] [sharedprocess] [info] Scanned user extensions: 2
[2019-06-14 17:12:40.044] [sharedprocess] [info] Scanned user extensions: 2
[2019-06-14 17:17:40.053] [sharedprocess] [info] Scanned user extensions: 2
[2019-06-14 17:22:40.062] [sharedprocess] [info] Scanned user extensions: 2
[2019-06-14 17:27:40.071] [sharedprocess] [info] Scanned user extensions: 2
[2019-06-14 17:32:40.080] [sharedprocess] [info] Scanned user extensions: 2
[2019-06-14 17:37:40.089] [sharedprocess] [info] Scanned user extensions: 2
[2019-06-14 17:42:40.097] [sharedprocess] [info] Scanned user extensions: 2
[2019-06-14 17:47:40.106] [sharedprocess] [info] Scanned user extensions: 2
[2019-06-14 17:52:40.115] [sharedprocess] [info] Scanned user extensions: 2
[2019-06-14 17:57:40.122] [sharedprocess] [info] Scanned user extensions: 2
[2019-06-14 18:02:40.128] [sharedprocess] [info] Scanned user extensions: 2
[2019-06-14 18:07:40.135] [sharedprocess] [info] Scanned user extensions: 2
[2019-06-14 18:12:40.143] [sharedprocess] [info] Scanned user extensions: 2
[2019-06-14 18:17:40.152] [sharedprocess] [info] Scanned user extensions: 2
[2019-06-14 18:22:40.159] [sharedprocess] [info] Scanned user extensions: 2
[2019-06-14 18:27:40.167] [sharedprocess] [info] Scanned user extensions: 2
[2019-06-14 18:32:40.174] [sharedprocess] [info] Scanned user extensions: 2
[2019-06-14 18:37:40.182] [sharedprocess] [info] Scanned user extensions: 2
[2019-06-14 18:42:40.189] [sharedprocess] [info] Scanned user extensions: 2
[2019-06-14 18:47:40.193] [sharedprocess] [info] Scanned user extensions: 2
[2019-06-14 18:52:40.200] [sharedprocess] [info] Scanned user extensions: 2
[2019-06-14 18:57:40.204] [sharedprocess] [info] Scanned user extensions: 2
[2019-06-14 19:02:40.209] [sharedprocess] [info] Scanned user extensions: 2
[2019-06-14 19:07:40.218] [sharedprocess] [info] Scanned user extensions: 2
[2019-06-14 19:12:40.227] [sharedprocess] [info] Scanned user extensions: 2
[2019-06-14 19:17:40.238] [sharedprocess] [info] Scanned user extensions: 2
[2019-06-14 19:22:40.248] [sharedprocess] [info] Scanned user extensions: 2
[2019-06-14 19:27:40.257] [sharedprocess] [info] Scanned user extensions: 2
[2019-06-14 19:32:40.266] [sharedprocess] [info] Scanned user extensions: 2
[2019-06-14 19:37:40.274] [sharedprocess] [info] Scanned user extensions: 2
[2019-06-14 19:42:40.282] [sharedprocess] [info] Scanned user extensions: 2
[2019-06-14 19:47:40.292] [sharedprocess] [info] Scanned user extensions: 2
[2019-06-14 19:52:40.299] [sharedprocess] [info] Scanned user extensions: 2
[2019-06-14 19:57:40.307] [sharedprocess] [info] Scanned user extensions: 2
[2019-06-14 20:02:40.315] [sharedprocess] [info] Scanned user extensions: 2
[2019-06-14 20:07:40.323] [sharedprocess] [info] Scanned user extensions: 2
[2019-06-14 20:12:40.331] [sharedprocess] [info] Scanned user extensions: 2
[2019-06-14 20:17:40.339] [sharedprocess] [info] Scanned user extensions: 2
[2019-06-14 20:22:40.348] [sharedprocess] [info] Scanned user extensions: 2
[2019-06-14 20:27:40.357] [sharedprocess] [info] Scanned user extensions: 2
[2019-06-14 20:32:40.365] [sharedprocess] [info] Scanned user extensions: 2
[2019-06-14 20:37:40.374] [sharedprocess] [info] Scanned user extensions: 2
[2019-06-14 20:42:40.384] [sharedprocess] [info] Scanned user extensions: 2
[2019-06-14 20:47:40.391] [sharedprocess] [info] Scanned user extensions: 2
[2019-06-14 20:52:40.397] [sharedprocess] [info] Scanned user extensions: 2
[2019-06-14 20:57:40.405] [sharedprocess] [info] Scanned user extensions: 2
[2019-06-14 21:02:40.415] [sharedprocess] [info] Scanned user extensions: 2
[2019-06-14 21:07:40.423] [sharedprocess] [info] Scanned user extensions: 2
[2019-06-14 21:12:40.431] [sharedprocess] [info] Scanned user extensions: 2
[2019-06-14 21:17:40.439] [sharedprocess] [info] Scanned user extensions: 2
[2019-06-14 21:22:40.446] [sharedprocess] [info] Scanned user extensions: 2
[2019-06-14 21:27:40.455] [sharedprocess] [info] Scanned user extensions: 2
[2019-06-14 21:32:40.463] [sharedprocess] [info] Scanned user extensions: 2
[2019-06-14 21:37:40.472] [sharedprocess] [info] Scanned user extensions: 2
[2019-06-14 21:42:40.480] [sharedprocess] [info] Scanned user extensions: 2
[2019-06-14 21:47:40.489] [sharedprocess] [info] Scanned user extensions: 2
[2019-06-14 21:52:40.497] [sharedprocess] [info] Scanned user extensions: 2
[2019-06-14 21:57:40.505] [sharedprocess] [info] Scanned user extensions: 2
[2019-06-14 22:02:40.513] [sharedprocess] [info] Scanned user extensions: 2
[2019-06-14 22:07:40.521] [sharedprocess] [info] Scanned user extensions: 2
[2019-06-14 22:12:40.531] [sharedprocess] [info] Scanned user extensions: 2
[2019-06-14 22:17:40.539] [sharedprocess] [info] Scanned user extensions: 2
[2019-06-14 22:22:40.546] [sharedprocess] [info] Scanned user extensions: 2
[2019-06-14 22:27:40.555] [sharedprocess] [info] Scanned user extensions: 2
[2019-06-14 22:32:40.562] [sharedprocess] [info] Scanned user extensions: 2
[2019-06-14 22:37:40.570] [sharedprocess] [info] Scanned user extensions: 2
[2019-06-14 22:42:40.579] [sharedprocess] [info] Scanned user extensions: 2
[2019-06-14 22:47:40.587] [sharedprocess] [info] Scanned user extensions: 2
[2019-06-14 22:52:40.596] [sharedprocess] [info] Scanned user extensions: 2
[2019-06-14 22:57:40.604] [sharedprocess] [info] Scanned user extensions: 2
[2019-06-14 23:02:40.614] [sharedprocess] [info] Scanned user extensions: 2
[2019-06-14 23:07:40.622] [sharedprocess] [info] Scanned user extensions: 2
[2019-06-14 23:12:40.630] [sharedprocess] [info] Scanned user extensions: 2
[2019-06-14 23:17:40.638] [sharedprocess] [info] Scanned user extensions: 2
[2019-06-14 23:22:40.646] [sharedprocess] [info] Scanned user extensions: 2
[2019-06-14 23:27:40.654] [sharedprocess] [info] Scanned user extensions: 2
[2019-06-14 23:32:40.662] [sharedprocess] [info] Scanned user extensions: 2
[2019-06-14 23:37:40.670] [sharedprocess] [info] Scanned user extensions: 2
[2019-06-14 23:42:40.677] [sharedprocess] [info] Scanned user extensions: 2
[2019-06-14 23:47:40.685] [sharedprocess] [info] Scanned user extensions: 2
[2019-06-14 23:52:40.695] [sharedprocess] [info] Scanned user extensions: 2
[2019-06-14 23:57:40.703] [sharedprocess] [info] Scanned user extensions: 2
[2019-06-15 00:02:40.712] [sharedprocess] [info] Scanned user extensions: 2
[2019-06-15 00:07:40.719] [sharedprocess] [info] Scanned user extensions: 2
[2019-06-15 00:12:40.727] [sharedprocess] [info] Scanned user extensions: 2
[2019-06-15 00:17:40.735] [sharedprocess] [info] Scanned user extensions: 2
[2019-06-15 00:22:40.743] [sharedprocess] [info] Scanned user extensions: 2
[2019-06-15 00:27:40.751] [sharedprocess] [info] Scanned user extensions: 2
[2019-06-15 00:32:40.759] [sharedprocess] [info] Scanned user extensions: 2
[2019-06-15 00:37:40.766] [sharedprocess] [info] Scanned user extensions: 2
[2019-06-15 00:42:40.773] [sharedprocess] [info] Scanned user extensions: 2
[2019-06-15 00:47:40.781] [sharedprocess] [info] Scanned user extensions: 2
[2019-06-15 00:52:40.788] [sharedprocess] [info] Scanned user extensions: 2
[2019-06-15 00:57:40.796] [sharedprocess] [info] Scanned user extensions: 2
[2019-06-15 01:02:40.804] [sharedprocess] [info] Scanned user extensions: 2
[2019-06-15 01:07:40.811] [sharedprocess] [info] Scanned user extensions: 2
[2019-06-15 01:12:40.819] [sharedprocess] [info] Scanned user extensions: 2
[2019-06-15 01:17:40.827] [sharedprocess] [info] Scanned user extensions: 2
[2019-06-15 01:22:40.835] [sharedprocess] [info] Scanned user extensions: 2
[2019-06-15 01:27:40.841] [sharedprocess] [info] Scanned user extensions: 2
[2019-06-15 01:32:40.849] [sharedprocess] [info] Scanned user extensions: 2
[2019-06-15 01:37:40.857] [sharedprocess] [info] Scanned user extensions: 2
[2019-06-15 01:42:40.865] [sharedprocess] [info] Scanned user extensions: 2
[2019-06-15 01:47:40.873] [sharedprocess] [info] Scanned user extensions: 2
[2019-06-15 01:52:40.881] [sharedprocess] [info] Scanned user extensions: 2
[2019-06-15 01:57:40.889] [sharedprocess] [info] Scanned user extensions: 2
[2019-06-15 02:02:40.897] [sharedprocess] [info] Scanned user extensions: 2
[2019-06-15 02:07:40.906] [sharedprocess] [info] Scanned user extensions: 2
[2019-06-15 02:12:40.914] [sharedprocess] [info] Scanned user extensions: 2
[2019-06-15 02:17:40.921] [sharedprocess] [info] Scanned user extensions: 2
[2019-06-15 02:22:40.929] [sharedprocess] [info] Scanned user extensions: 2
[2019-06-15 02:27:40.937] [sharedprocess] [info] Scanned user extensions: 2
[2019-06-15 02:32:40.944] [sharedprocess] [info] Scanned user extensions: 2
[2019-06-15 02:37:40.949] [sharedprocess] [info] Scanned user extensions: 2
[2019-06-15 02:42:40.955] [sharedprocess] [info] Scanned user extensions: 2
[2019-06-15 02:47:40.959] [sharedprocess] [info] Scanned user extensions: 2
[2019-06-15 02:52:40.963] [sharedprocess] [info] Scanned user extensions: 2
[2019-06-15 02:57:40.970] [sharedprocess] [info] Scanned user extensions: 2
[2019-06-15 03:02:40.974] [sharedprocess] [info] Scanned user extensions: 2
[2019-06-15 03:07:40.976] [sharedprocess] [info] Scanned user extensions: 2
[2019-06-15 03:12:40.984] [sharedprocess] [info] Scanned user extensions: 2
[2019-06-15 03:17:40.989] [sharedprocess] [info] Scanned user extensions: 2
[2019-06-15 03:22:40.996] [sharedprocess] [info] Scanned user extensions: 2
[2019-06-15 03:27:41.002] [sharedprocess] [info] Scanned user extensions: 2
[2019-06-15 03:32:41.006] [sharedprocess] [info] Scanned user extensions: 2
[2019-06-15 03:37:41.009] [sharedprocess] [info] Scanned user extensions: 2
[2019-06-15 03:42:41.017] [sharedprocess] [info] Scanned user extensions: 2
[2019-06-15 03:47:41.025] [sharedprocess] [info] Scanned user extensions: 2
[2019-06-15 03:52:41.034] [sharedprocess] [info] Scanned user extensions: 2
[2019-06-15 03:57:41.039] [sharedprocess] [info] Scanned user extensions: 2
[2019-06-15 04:02:41.045] [sharedprocess] [info] Scanned user extensions: 2
[2019-06-15 04:07:41.051] [sharedprocess] [info] Scanned user extensions: 2
[2019-06-15 04:12:41.060] [sharedprocess] [info] Scanned user extensions: 2
[2019-06-15 04:17:41.069] [sharedprocess] [info] Scanned user extensions: 2
[2019-06-15 04:22:41.079] [sharedprocess] [info] Scanned user extensions: 2
[2019-06-15 04:27:41.086] [sharedprocess] [info] Scanned user extensions: 2
[2019-06-15 04:32:41.095] [sharedprocess] [info] Scanned user extensions: 2
[2019-06-15 04:37:41.103] [sharedprocess] [info] Scanned user extensions: 2
[2019-06-15 04:42:41.111] [sharedprocess] [info] Scanned user extensions: 2
[2019-06-15 04:47:41.117] [sharedprocess] [info] Scanned user extensions: 2
[2019-06-15 04:52:41.127] [sharedprocess] [info] Scanned user extensions: 2
[2019-06-15 04:57:41.135] [sharedprocess] [info] Scanned user extensions: 2
[2019-06-15 05:02:41.143] [sharedprocess] [info] Scanned user extensions: 2
[2019-06-15 05:07:41.151] [sharedprocess] [info] Scanned user extensions: 2
[2019-06-15 05:12:41.161] [sharedprocess] [info] Scanned user extensions: 2
[2019-06-15 05:17:41.169] [sharedprocess] [info] Scanned user extensions: 2
[2019-06-15 05:22:41.178] [sharedprocess] [info] Scanned user extensions: 2
[2019-06-15 05:27:41.185] [sharedprocess] [info] Scanned user extensions: 2
[2019-06-15 05:32:41.195] [sharedprocess] [info] Scanned user extensions: 2
[2019-06-15 05:37:41.202] [sharedprocess] [info] Scanned user extensions: 2
[2019-06-15 05:42:41.210] [sharedprocess] [info] Scanned user extensions: 2
[2019-06-15 05:47:41.219] [sharedprocess] [info] Scanned user extensions: 2
[2019-06-15 05:52:41.228] [sharedprocess] [info] Scanned user extensions: 2
[2019-06-15 05:57:41.237] [sharedprocess] [info] Scanned user extensions: 2
[2019-06-15 06:02:41.245] [sharedprocess] [info] Scanned user extensions: 2
[2019-06-15 06:07:41.253] [sharedprocess] [info] Scanned user extensions: 2
[2019-06-15 06:12:41.260] [sharedprocess] [info] Scanned user extensions: 2
[2019-06-15 06:17:41.268] [sharedprocess] [info] Scanned user extensions: 2
[2019-06-15 06:22:41.275] [sharedprocess] [info] Scanned user extensions: 2
[2019-06-15 06:27:41.284] [sharedprocess] [info] Scanned user extensions: 2
[2019-06-15 06:32:41.291] [sharedprocess] [info] Scanned user extensions: 2
[2019-06-15 06:37:41.298] [sharedprocess] [info] Scanned user extensions: 2
[2019-06-15 06:42:41.306] [sharedprocess] [info] Scanned user extensions: 2
[2019-06-15 06:47:41.313] [sharedprocess] [info] Scanned user extensions: 2
[2019-06-15 06:52:41.321] [sharedprocess] [info] Scanned user extensions: 2
[2019-06-15 06:57:41.330] [sharedprocess] [info] Scanned user extensions: 2
[2019-06-15 07:02:41.337] [sharedprocess] [info] Scanned user extensions: 2
[2019-06-15 07:07:41.343] [sharedprocess] [info] Scanned user extensions: 2
[2019-06-15 07:12:41.351] [sharedprocess] [info] Scanned user extensions: 2
[2019-06-15 07:17:41.360] [sharedprocess] [info] Scanned user extensions: 2
[2019-06-15 07:22:41.367] [sharedprocess] [info] Scanned user extensions: 2
[2019-06-15 07:27:41.373] [sharedprocess] [info] Scanned user extensions: 2
[2019-06-15 07:32:41.381] [sharedprocess] [info] Scanned user extensions: 2
[2019-06-15 07:37:41.389] [sharedprocess] [info] Scanned user extensions: 2
[2019-06-15 07:42:41.397] [sharedprocess] [info] Scanned user extensions: 2
[2019-06-15 07:47:41.405] [sharedprocess] [info] Scanned user extensions: 2
[2019-06-15 07:52:41.414] [sharedprocess] [info] Scanned user extensions: 2
[2019-06-15 07:57:41.421] [sharedprocess] [info] Scanned user extensions: 2
[2019-06-15 08:02:41.428] [sharedprocess] [info] Scanned user extensions: 2
[2019-06-15 08:07:41.436] [sharedprocess] [info] Scanned user extensions: 2
[2019-06-15 08:12:41.444] [sharedprocess] [info] Scanned user extensions: 2
[2019-06-15 08:17:41.452] [sharedprocess] [info] Scanned user extensions: 2
[2019-06-15 08:22:41.461] [sharedprocess] [info] Scanned user extensions: 2
[2019-06-15 08:27:41.469] [sharedprocess] [info] Scanned user extensions: 2
[2019-06-15 08:32:41.475] [sharedprocess] [info] Scanned user extensions: 2
[2019-06-15 08:37:41.484] [sharedprocess] [info] Scanned user extensions: 2
[2019-06-15 08:42:41.495] [sharedprocess] [info] Scanned user extensions: 2
[2019-06-15 08:47:41.502] [sharedprocess] [info] Scanned user extensions: 2
[2019-06-15 08:52:41.508] [sharedprocess] [info] Scanned user extensions: 2
[2019-06-15 08:57:41.516] [sharedprocess] [info] Scanned user extensions: 2
[2019-06-15 09:02:41.523] [sharedprocess] [info] Scanned user extensions: 2
[2019-06-15 09:07:41.531] [sharedprocess] [info] Scanned user extensions: 2
[2019-06-15 09:12:41.540] [sharedprocess] [info] Scanned user extensions: 2
[2019-06-15 09:17:41.547] [sharedprocess] [info] Scanned user extensions: 2
[2019-06-15 09:22:41.555] [sharedprocess] [info] Scanned user extensions: 2
[2019-06-15 09:27:41.563] [sharedprocess] [info] Scanned user extensions: 2
[2019-06-15 09:32:41.569] [sharedprocess] [info] Scanned user extensions: 2
[2019-06-15 09:37:41.578] [sharedprocess] [info] Scanned user extensions: 2
[2019-06-15 09:42:41.587] [sharedprocess] [info] Scanned user extensions: 2
[2019-06-15 09:47:41.594] [sharedprocess] [info] Scanned user extensions: 2
[2019-06-15 09:52:41.601] [sharedprocess] [info] Scanned user extensions: 2
[2019-06-15 09:57:41.608] [sharedprocess] [info] Scanned user extensions: 2
[2019-06-15 10:02:41.616] [sharedprocess] [info] Scanned user extensions: 2
[2019-06-15 10:07:41.624] [sharedprocess] [info] Scanned user extensions: 2
[2019-06-15 10:12:41.633] [sharedprocess] [info] Scanned user extensions: 2
[2019-06-15 10:17:41.642] [sharedprocess] [info] Scanned user extensions: 2
[2019-06-15 10:22:41.649] [sharedprocess] [info] Scanned user extensions: 2
[2019-06-15 10:27:41.658] [sharedprocess] [info] Scanned user extensions: 2
[2019-06-15 10:32:41.667] [sharedprocess] [info] Scanned user extensions: 2
[2019-06-15 10:37:41.674] [sharedprocess] [info] Scanned user extensions: 2
[2019-06-15 10:42:41.686] [sharedprocess] [info] Scanned user extensions: 2
[2019-06-15 10:47:41.693] [sharedprocess] [info] Scanned user extensions: 2
[2019-06-15 10:52:41.701] [sharedprocess] [info] Scanned user extensions: 2
[2019-06-15 10:57:41.709] [sharedprocess] [info] Scanned user extensions: 2
[2019-06-15 11:02:41.717] [sharedprocess] [info] Scanned user extensions: 2
[2019-06-15 11:07:41.725] [sharedprocess] [info] Scanned user extensions: 2
[2019-06-15 11:12:41.733] [sharedprocess] [info] Scanned user extensions: 2
[2019-06-15 11:17:41.741] [sharedprocess] [info] Scanned user extensions: 2
[2019-06-15 11:22:41.749] [sharedprocess] [info] Scanned user extensions: 2
[2019-06-15 11:27:41.757] [sharedprocess] [info] Scanned user extensions: 2
[2019-06-15 11:32:41.765] [sharedprocess] [info] Scanned user extensions: 2
[2019-06-15 11:37:41.774] [sharedprocess] [info] Scanned user extensions: 2
[2019-06-15 11:42:41.780] [sharedprocess] [info] Scanned user extensions: 2
[2019-06-15 11:47:41.788] [sharedprocess] [info] Scanned user extensions: 2
[2019-06-15 11:52:41.795] [sharedprocess] [info] Scanned user extensions: 2
[2019-06-15 11:57:41.802] [sharedprocess] [info] Scanned user extensions: 2
[2019-06-15 12:02:41.810] [sharedprocess] [info] Scanned user extensions: 2
[2019-06-15 12:07:41.819] [sharedprocess] [info] Scanned user extensions: 2
[2019-06-15 12:12:41.826] [sharedprocess] [info] Scanned user extensions: 2
[2019-06-15 12:17:41.834] [sharedprocess] [info] Scanned user extensions: 2
[2019-06-15 12:22:41.842] [sharedprocess] [info] Scanned user extensions: 2
[2019-06-15 12:27:41.849] [sharedprocess] [info] Scanned user extensions: 2
[2019-06-15 12:32:41.855] [sharedprocess] [info] Scanned user extensions: 2
[2019-06-15 12:37:41.862] [sharedprocess] [info] Scanned user extensions: 2
[2019-06-15 12:42:41.873] [sharedprocess] [info] Scanned user extensions: 2
[2019-06-15 12:47:41.880] [sharedprocess] [info] Scanned user extensions: 2
[2019-06-15 12:52:41.888] [sharedprocess] [info] Scanned user extensions: 2
[2019-06-15 12:57:41.896] [sharedprocess] [info] Scanned user extensions: 2
[2019-06-15 13:02:41.903] [sharedprocess] [info] Scanned user extensions: 2
[2019-06-15 13:07:41.910] [sharedprocess] [info] Scanned user extensions: 2
[2019-06-15 13:12:41.917] [sharedprocess] [info] Scanned user extensions: 2
[2019-06-15 13:17:41.925] [sharedprocess] [info] Scanned user extensions: 2
[2019-06-15 13:22:41.933] [sharedprocess] [info] Scanned user extensions: 2
[2019-06-15 13:27:41.941] [sharedprocess] [info] Scanned user extensions: 2
[2019-06-15 13:32:41.947] [sharedprocess] [info] Scanned user extensions: 2
[2019-06-15 13:37:41.955] [sharedprocess] [info] Scanned user extensions: 2
[2019-06-15 13:42:41.961] [sharedprocess] [info] Scanned user extensions: 2
[2019-06-15 13:47:41.969] [sharedprocess] [info] Scanned user extensions: 2
[2019-06-15 13:52:41.977] [sharedprocess] [info] Scanned user extensions: 2
[2019-06-15 13:57:41.985] [sharedprocess] [info] Scanned user extensions: 2
[2019-06-15 14:02:41.992] [sharedprocess] [info] Scanned user extensions: 2
[2019-06-15 14:07:42.000] [sharedprocess] [info] Scanned user extensions: 2
[2019-06-15 14:12:42.009] [sharedprocess] [info] Scanned user extensions: 2
[2019-06-15 14:17:42.018] [sharedprocess] [info] Scanned user extensions: 2
[2019-06-15 14:22:42.026] [sharedprocess] [info] Scanned user extensions: 2
[2019-06-15 14:27:42.034] [sharedprocess] [info] Scanned user extensions: 2
[2019-06-15 14:32:42.041] [sharedprocess] [info] Scanned user extensions: 2
[2019-06-15 14:37:42.047] [sharedprocess] [info] Scanned user extensions: 2
[2019-06-15 14:42:42.053] [sharedprocess] [info] Scanned user extensions: 2
[2019-06-15 14:47:42.060] [sharedprocess] [info] Scanned user extensions: 2
[2019-06-15 14:52:42.064] [sharedprocess] [info] Scanned user extensions: 2
[2019-06-15 14:57:42.070] [sharedprocess] [info] Scanned user extensions: 2
[2019-06-15 15:02:42.078] [sharedprocess] [info] Scanned user extensions: 2
[2019-06-15 15:07:42.083] [sharedprocess] [info] Scanned user extensions: 2
[2019-06-15 15:12:42.089] [sharedprocess] [info] Scanned user extensions: 2
[2019-06-15 15:17:42.094] [sharedprocess] [info] Scanned user extensions: 2
[2019-06-15 15:22:42.100] [sharedprocess] [info] Scanned user extensions: 2
[2019-06-15 15:27:42.105] [sharedprocess] [info] Scanned user extensions: 2
[2019-06-15 15:32:42.110] [sharedprocess] [info] Scanned user extensions: 2
[2019-06-15 15:37:42.116] [sharedprocess] [info] Scanned user extensions: 2
[2019-06-15 15:42:42.122] [sharedprocess] [info] Scanned user extensions: 2
[2019-06-15 15:47:42.126] [sharedprocess] [info] Scanned user extensions: 2
[2019-06-15 15:52:42.132] [sharedprocess] [info] Scanned user extensions: 2
[2019-06-15 15:57:42.140] [sharedprocess] [info] Scanned user extensions: 2
[2019-06-15 16:02:42.148] [sharedprocess] [info] Scanned user extensions: 2
[2019-06-15 16:07:42.157] [sharedprocess] [info] Scanned user extensions: 2
[2019-06-15 16:12:42.163] [sharedprocess] [info] Scanned user extensions: 2
[2019-06-15 16:17:42.170] [sharedprocess] [info] Scanned user extensions: 2
[2019-06-15 16:22:42.174] [sharedprocess] [info] Scanned user extensions: 2
[2019-06-15 16:27:42.181] [sharedprocess] [info] Scanned user extensions: 2
[2019-06-15 16:32:42.190] [sharedprocess] [info] Scanned user extensions: 2
[2019-06-15 16:37:42.737] [sharedprocess] [info] Scanned user extensions: 2
