[2019-06-16 16:01:53.553] [sharedprocess] [info] main {"machineId":"fee108dde72c3cd6202ff4ba6af0fadab50e9bacabdda6b53390b6457e2a6d81"}
[2019-06-16 16:01:53.569] [sharedprocess] [info] Scanned user extensions: 2
[2019-06-16 16:01:53.594] [sharedprocess] [info] Scanned user extensions: 2
[2019-06-16 16:01:53.663] [sharedprocess] [info] Scanned system extensions: 72
[2019-06-16 16:01:53.663] [sharedprocess] [info] Scanned system extensions: 72
[2019-06-16 16:01:53.677] [sharedprocess] [info] Scanned user extensions: 2
[2019-06-16 16:01:53.694] [sharedprocess] [info] Scanned system extensions: 72
[2019-06-16 16:01:53.983] [sharedprocess] [info] Scanned user extensions: 2
[2019-06-16 16:02:33.534] [sharedprocess] [info] Starting to clean up unused language packs.
[2019-06-16 16:06:53.989] [sharedprocess] [info] Scanned user extensions: 2
[2019-06-16 16:11:53.993] [sharedprocess] [info] Scanned user extensions: 2
[2019-06-16 16:16:53.996] [sharedprocess] [info] Scanned user extensions: 2
[2019-06-16 16:21:53.999] [sharedprocess] [info] Scanned user extensions: 2
[2019-06-16 16:26:54.005] [sharedprocess] [info] Scanned user extensions: 2
[2019-06-16 16:31:54.009] [sharedprocess] [info] Scanned user extensions: 2
[2019-06-16 16:36:54.017] [sharedprocess] [info] Scanned user extensions: 2
[2019-06-16 16:41:54.024] [sharedprocess] [info] Scanned user extensions: 2
[2019-06-16 16:46:54.028] [sharedprocess] [info] Scanned user extensions: 2
[2019-06-16 16:51:54.036] [sharedprocess] [info] Scanned user extensions: 2
[2019-06-16 16:56:54.055] [sharedprocess] [info] Scanned user extensions: 2
[2019-06-16 17:01:54.060] [sharedprocess] [info] Scanned user extensions: 2
[2019-06-16 17:06:54.066] [sharedprocess] [info] Scanned user extensions: 2
[2019-06-16 17:11:54.070] [sharedprocess] [info] Scanned user extensions: 2
[2019-06-16 17:16:54.078] [sharedprocess] [info] Scanned user extensions: 2
[2019-06-16 17:21:54.083] [sharedprocess] [info] Scanned user extensions: 2
[2019-06-16 17:26:54.092] [sharedprocess] [info] Scanned user extensions: 2
[2019-06-16 17:31:54.100] [sharedprocess] [info] Scanned user extensions: 2
[2019-06-16 17:36:54.108] [sharedprocess] [info] Scanned user extensions: 2
[2019-06-16 17:41:54.116] [sharedprocess] [info] Scanned user extensions: 2
[2019-06-16 17:46:54.125] [sharedprocess] [info] Scanned user extensions: 2
[2019-06-16 17:51:54.134] [sharedprocess] [info] Scanned user extensions: 2
[2019-06-16 17:56:54.142] [sharedprocess] [info] Scanned user extensions: 2
[2019-06-16 18:01:54.151] [sharedprocess] [info] Scanned user extensions: 2
[2019-06-16 18:06:54.156] [sharedprocess] [info] Scanned user extensions: 2
[2019-06-16 18:11:54.168] [sharedprocess] [info] Scanned user extensions: 2
[2019-06-16 18:16:54.175] [sharedprocess] [info] Scanned user extensions: 2
[2019-06-16 18:21:54.180] [sharedprocess] [info] Scanned user extensions: 2
[2019-06-16 18:26:54.188] [sharedprocess] [info] Scanned user extensions: 2
[2019-06-16 18:31:54.195] [sharedprocess] [info] Scanned user extensions: 2
[2019-06-16 18:36:54.204] [sharedprocess] [info] Scanned user extensions: 2
[2019-06-16 18:41:54.214] [sharedprocess] [info] Scanned user extensions: 2
[2019-06-16 18:46:54.223] [sharedprocess] [info] Scanned user extensions: 2
[2019-06-16 18:51:54.233] [sharedprocess] [info] Scanned user extensions: 2
[2019-06-16 18:56:54.240] [sharedprocess] [info] Scanned user extensions: 2
[2019-06-16 19:01:54.248] [sharedprocess] [info] Scanned user extensions: 2
[2019-06-16 19:06:54.257] [sharedprocess] [info] Scanned user extensions: 2
[2019-06-16 19:11:54.269] [sharedprocess] [info] Scanned user extensions: 2
[2019-06-16 19:16:54.278] [sharedprocess] [info] Scanned user extensions: 2
[2019-06-16 19:21:54.286] [sharedprocess] [info] Scanned user extensions: 2
[2019-06-16 19:26:54.296] [sharedprocess] [info] Scanned user extensions: 2
[2019-06-16 19:31:54.304] [sharedprocess] [info] Scanned user extensions: 2
[2019-06-16 19:36:54.312] [sharedprocess] [info] Scanned user extensions: 2
[2019-06-16 19:41:54.322] [sharedprocess] [info] Scanned user extensions: 2
[2019-06-16 19:46:54.329] [sharedprocess] [info] Scanned user extensions: 2
[2019-06-16 19:51:54.337] [sharedprocess] [info] Scanned user extensions: 2
[2019-06-16 19:56:54.345] [sharedprocess] [info] Scanned user extensions: 2
[2019-06-16 20:01:54.349] [sharedprocess] [info] Scanned user extensions: 2
[2019-06-16 20:06:54.358] [sharedprocess] [info] Scanned user extensions: 2
[2019-06-16 20:11:54.364] [sharedprocess] [info] Scanned user extensions: 2
[2019-06-16 20:16:54.368] [sharedprocess] [info] Scanned user extensions: 2
[2019-06-16 20:21:54.379] [sharedprocess] [info] Scanned user extensions: 2
[2019-06-16 20:26:54.389] [sharedprocess] [info] Scanned user extensions: 2
[2019-06-16 20:31:54.400] [sharedprocess] [info] Scanned user extensions: 2
[2019-06-16 20:36:54.408] [sharedprocess] [info] Scanned user extensions: 2
[2019-06-16 20:41:54.417] [sharedprocess] [info] Scanned user extensions: 2
[2019-06-16 20:46:54.421] [sharedprocess] [info] Scanned user extensions: 2
[2019-06-16 20:51:54.429] [sharedprocess] [info] Scanned user extensions: 2
[2019-06-16 20:56:54.437] [sharedprocess] [info] Scanned user extensions: 2
[2019-06-16 21:01:54.447] [sharedprocess] [info] Scanned user extensions: 2
[2019-06-16 21:06:54.453] [sharedprocess] [info] Scanned user extensions: 2
[2019-06-16 21:11:54.460] [sharedprocess] [info] Scanned user extensions: 2
[2019-06-16 21:16:54.466] [sharedprocess] [info] Scanned user extensions: 2
[2019-06-16 21:21:54.474] [sharedprocess] [info] Scanned user extensions: 2
[2019-06-16 21:26:54.481] [sharedprocess] [info] Scanned user extensions: 2
[2019-06-16 21:31:54.490] [sharedprocess] [info] Scanned user extensions: 2
[2019-06-16 21:36:54.500] [sharedprocess] [info] Scanned user extensions: 2
[2019-06-16 21:41:54.506] [sharedprocess] [info] Scanned user extensions: 2
[2019-06-16 21:46:54.509] [sharedprocess] [info] Scanned user extensions: 2
[2019-06-16 21:51:54.513] [sharedprocess] [info] Scanned user extensions: 2
[2019-06-16 21:56:54.521] [sharedprocess] [info] Scanned user extensions: 2
[2019-06-16 22:01:54.531] [sharedprocess] [info] Scanned user extensions: 2
[2019-06-16 22:06:54.541] [sharedprocess] [info] Scanned user extensions: 2
[2019-06-16 22:11:54.550] [sharedprocess] [info] Scanned user extensions: 2
[2019-06-16 22:16:54.554] [sharedprocess] [info] Scanned user extensions: 2
[2019-06-16 22:21:54.559] [sharedprocess] [info] Scanned user extensions: 2
[2019-06-16 22:26:54.567] [sharedprocess] [info] Scanned user extensions: 2
[2019-06-16 22:31:54.575] [sharedprocess] [info] Scanned user extensions: 2
[2019-06-16 22:36:54.584] [sharedprocess] [info] Scanned user extensions: 2
[2019-06-16 22:41:54.591] [sharedprocess] [info] Scanned user extensions: 2
[2019-06-16 22:46:54.598] [sharedprocess] [info] Scanned user extensions: 2
[2019-06-16 22:51:54.608] [sharedprocess] [info] Scanned user extensions: 2
[2019-06-16 22:56:54.614] [sharedprocess] [info] Scanned user extensions: 2
[2019-06-16 23:01:54.619] [sharedprocess] [info] Scanned user extensions: 2
[2019-06-16 23:06:54.624] [sharedprocess] [info] Scanned user extensions: 2
[2019-06-16 23:11:54.633] [sharedprocess] [info] Scanned user extensions: 2
[2019-06-16 23:16:54.637] [sharedprocess] [info] Scanned user extensions: 2
[2019-06-16 23:21:54.646] [sharedprocess] [info] Scanned user extensions: 2
[2019-06-16 23:26:54.651] [sharedprocess] [info] Scanned user extensions: 2
[2019-06-16 23:31:54.659] [sharedprocess] [info] Scanned user extensions: 2
[2019-06-16 23:36:54.673] [sharedprocess] [info] Scanned user extensions: 2
[2019-06-16 23:41:54.684] [sharedprocess] [info] Scanned user extensions: 2
[2019-06-16 23:46:54.693] [sharedprocess] [info] Scanned user extensions: 2
[2019-06-16 23:51:54.703] [sharedprocess] [info] Scanned user extensions: 2
[2019-06-16 23:56:54.712] [sharedprocess] [info] Scanned user extensions: 2
[2019-06-17 00:01:54.722] [sharedprocess] [info] Scanned user extensions: 2
[2019-06-17 00:06:54.731] [sharedprocess] [info] Scanned user extensions: 2
[2019-06-17 00:11:54.747] [sharedprocess] [info] Scanned user extensions: 2
[2019-06-17 00:16:54.752] [sharedprocess] [info] Scanned user extensions: 2
[2019-06-17 00:21:54.761] [sharedprocess] [info] Scanned user extensions: 2
[2019-06-17 00:26:54.770] [sharedprocess] [info] Scanned user extensions: 2
[2019-06-17 00:31:54.779] [sharedprocess] [info] Scanned user extensions: 2
[2019-06-17 00:36:54.788] [sharedprocess] [info] Scanned user extensions: 2
[2019-06-17 00:41:54.797] [sharedprocess] [info] Scanned user extensions: 2
[2019-06-17 00:46:54.806] [sharedprocess] [info] Scanned user extensions: 2
[2019-06-17 00:51:54.816] [sharedprocess] [info] Scanned user extensions: 2
[2019-06-17 00:56:54.829] [sharedprocess] [info] Scanned user extensions: 2
[2019-06-17 01:01:54.839] [sharedprocess] [info] Scanned user extensions: 2
[2019-06-17 01:06:54.842] [sharedprocess] [info] Scanned user extensions: 2
[2019-06-17 01:11:54.850] [sharedprocess] [info] Scanned user extensions: 2
[2019-06-17 01:16:54.860] [sharedprocess] [info] Scanned user extensions: 2
[2019-06-17 01:21:54.867] [sharedprocess] [info] Scanned user extensions: 2
[2019-06-17 01:26:54.875] [sharedprocess] [info] Scanned user extensions: 2
[2019-06-17 01:31:54.885] [sharedprocess] [info] Scanned user extensions: 2
[2019-06-17 01:36:54.894] [sharedprocess] [info] Scanned user extensions: 2
[2019-06-17 01:41:54.903] [sharedprocess] [info] Scanned user extensions: 2
[2019-06-17 01:46:54.912] [sharedprocess] [info] Scanned user extensions: 2
[2019-06-17 01:51:54.918] [sharedprocess] [info] Scanned user extensions: 2
[2019-06-17 01:56:54.923] [sharedprocess] [info] Scanned user extensions: 2
[2019-06-17 02:01:54.927] [sharedprocess] [info] Scanned user extensions: 2
[2019-06-17 02:06:54.935] [sharedprocess] [info] Scanned user extensions: 2
[2019-06-17 02:11:54.949] [sharedprocess] [info] Scanned user extensions: 2
[2019-06-17 02:16:54.954] [sharedprocess] [info] Scanned user extensions: 2
[2019-06-17 02:21:54.963] [sharedprocess] [info] Scanned user extensions: 2
[2019-06-17 02:26:54.968] [sharedprocess] [info] Scanned user extensions: 2
[2019-06-17 02:31:54.976] [sharedprocess] [info] Scanned user extensions: 2
[2019-06-17 02:36:54.985] [sharedprocess] [info] Scanned user extensions: 2
[2019-06-17 02:41:54.994] [sharedprocess] [info] Scanned user extensions: 2
[2019-06-17 02:46:54.999] [sharedprocess] [info] Scanned user extensions: 2
[2019-06-17 02:51:55.007] [sharedprocess] [info] Scanned user extensions: 2
[2019-06-17 02:56:55.015] [sharedprocess] [info] Scanned user extensions: 2
[2019-06-17 03:01:55.023] [sharedprocess] [info] Scanned user extensions: 2
[2019-06-17 03:06:55.031] [sharedprocess] [info] Scanned user extensions: 2
[2019-06-17 03:11:55.039] [sharedprocess] [info] Scanned user extensions: 2
[2019-06-17 03:16:55.048] [sharedprocess] [info] Scanned user extensions: 2
[2019-06-17 03:21:55.056] [sharedprocess] [info] Scanned user extensions: 2
[2019-06-17 03:26:55.064] [sharedprocess] [info] Scanned user extensions: 2
[2019-06-17 03:31:55.072] [sharedprocess] [info] Scanned user extensions: 2
[2019-06-17 03:36:55.080] [sharedprocess] [info] Scanned user extensions: 2
[2019-06-17 03:41:55.088] [sharedprocess] [info] Scanned user extensions: 2
[2019-06-17 03:46:55.095] [sharedprocess] [info] Scanned user extensions: 2
[2019-06-17 03:51:55.104] [sharedprocess] [info] Scanned user extensions: 2
[2019-06-17 03:56:55.111] [sharedprocess] [info] Scanned user extensions: 2
[2019-06-17 04:01:55.120] [sharedprocess] [info] Scanned user extensions: 2
[2019-06-17 04:06:55.128] [sharedprocess] [info] Scanned user extensions: 2
[2019-06-17 04:11:55.136] [sharedprocess] [info] Scanned user extensions: 2
[2019-06-17 04:16:55.144] [sharedprocess] [info] Scanned user extensions: 2
[2019-06-17 04:21:55.152] [sharedprocess] [info] Scanned user extensions: 2
[2019-06-17 04:26:55.162] [sharedprocess] [info] Scanned user extensions: 2
[2019-06-17 04:31:55.175] [sharedprocess] [info] Scanned user extensions: 2
[2019-06-17 04:36:55.182] [sharedprocess] [info] Scanned user extensions: 2
[2019-06-17 04:41:55.189] [sharedprocess] [info] Scanned user extensions: 2
[2019-06-17 04:46:55.198] [sharedprocess] [info] Scanned user extensions: 2
[2019-06-17 04:51:55.207] [sharedprocess] [info] Scanned user extensions: 2
[2019-06-17 04:56:55.215] [sharedprocess] [info] Scanned user extensions: 2
[2019-06-17 05:01:55.223] [sharedprocess] [info] Scanned user extensions: 2
[2019-06-17 05:06:55.230] [sharedprocess] [info] Scanned user extensions: 2
[2019-06-17 05:11:55.238] [sharedprocess] [info] Scanned user extensions: 2
[2019-06-17 05:16:55.246] [sharedprocess] [info] Scanned user extensions: 2
[2019-06-17 05:21:55.253] [sharedprocess] [info] Scanned user extensions: 2
[2019-06-17 05:26:55.261] [sharedprocess] [info] Scanned user extensions: 2
[2019-06-17 05:31:55.271] [sharedprocess] [info] Scanned user extensions: 2
[2019-06-17 05:36:55.280] [sharedprocess] [info] Scanned user extensions: 2
[2019-06-17 05:41:55.287] [sharedprocess] [info] Scanned user extensions: 2
[2019-06-17 05:46:55.295] [sharedprocess] [info] Scanned user extensions: 2
[2019-06-17 05:51:55.302] [sharedprocess] [info] Scanned user extensions: 2
[2019-06-17 05:56:55.311] [sharedprocess] [info] Scanned user extensions: 2
[2019-06-17 06:01:55.320] [sharedprocess] [info] Scanned user extensions: 2
[2019-06-17 06:06:55.327] [sharedprocess] [info] Scanned user extensions: 2
[2019-06-17 06:11:55.336] [sharedprocess] [info] Scanned user extensions: 2
[2019-06-17 06:16:55.345] [sharedprocess] [info] Scanned user extensions: 2
[2019-06-17 06:21:55.353] [sharedprocess] [info] Scanned user extensions: 2
[2019-06-17 06:26:55.361] [sharedprocess] [info] Scanned user extensions: 2
[2019-06-17 06:31:55.370] [sharedprocess] [info] Scanned user extensions: 2
[2019-06-17 06:36:55.377] [sharedprocess] [info] Scanned user extensions: 2
[2019-06-17 06:41:55.385] [sharedprocess] [info] Scanned user extensions: 2
[2019-06-17 06:46:55.394] [sharedprocess] [info] Scanned user extensions: 2
[2019-06-17 06:51:55.401] [sharedprocess] [info] Scanned user extensions: 2
[2019-06-17 06:56:55.409] [sharedprocess] [info] Scanned user extensions: 2
[2019-06-17 07:01:55.416] [sharedprocess] [info] Scanned user extensions: 2
[2019-06-17 07:06:55.424] [sharedprocess] [info] Scanned user extensions: 2
[2019-06-17 07:11:55.432] [sharedprocess] [info] Scanned user extensions: 2
[2019-06-17 07:16:55.440] [sharedprocess] [info] Scanned user extensions: 2
[2019-06-17 07:21:55.449] [sharedprocess] [info] Scanned user extensions: 2
[2019-06-17 07:26:55.457] [sharedprocess] [info] Scanned user extensions: 2
[2019-06-17 07:31:55.466] [sharedprocess] [info] Scanned user extensions: 2
[2019-06-17 07:36:55.472] [sharedprocess] [info] Scanned user extensions: 2
[2019-06-17 07:41:55.481] [sharedprocess] [info] Scanned user extensions: 2
[2019-06-17 07:46:55.488] [sharedprocess] [info] Scanned user extensions: 2
[2019-06-17 07:51:55.496] [sharedprocess] [info] Scanned user extensions: 2
[2019-06-17 07:56:55.505] [sharedprocess] [info] Scanned user extensions: 2
[2019-06-17 08:01:55.514] [sharedprocess] [info] Scanned user extensions: 2
[2019-06-17 08:06:55.521] [sharedprocess] [info] Scanned user extensions: 2
[2019-06-17 08:11:55.533] [sharedprocess] [info] Scanned user extensions: 2
[2019-06-17 08:16:55.542] [sharedprocess] [info] Scanned user extensions: 2
[2019-06-17 08:21:55.550] [sharedprocess] [info] Scanned user extensions: 2
[2019-06-17 08:26:55.558] [sharedprocess] [info] Scanned user extensions: 2
[2019-06-17 08:31:55.567] [sharedprocess] [info] Scanned user extensions: 2
[2019-06-17 08:36:55.574] [sharedprocess] [info] Scanned user extensions: 2
[2019-06-17 08:41:55.583] [sharedprocess] [info] Scanned user extensions: 2
[2019-06-17 08:46:55.590] [sharedprocess] [info] Scanned user extensions: 2
[2019-06-17 08:51:55.599] [sharedprocess] [info] Scanned user extensions: 2
[2019-06-17 08:56:55.607] [sharedprocess] [info] Scanned user extensions: 2
[2019-06-17 09:01:55.614] [sharedprocess] [info] Scanned user extensions: 2
[2019-06-17 09:06:55.622] [sharedprocess] [info] Scanned user extensions: 2
[2019-06-17 09:11:55.631] [sharedprocess] [info] Scanned user extensions: 2
[2019-06-17 09:16:55.639] [sharedprocess] [info] Scanned user extensions: 2
[2019-06-17 09:21:55.647] [sharedprocess] [info] Scanned user extensions: 2
[2019-06-17 09:26:55.654] [sharedprocess] [info] Scanned user extensions: 2
[2019-06-17 09:31:55.662] [sharedprocess] [info] Scanned user extensions: 2
[2019-06-17 09:36:55.670] [sharedprocess] [info] Scanned user extensions: 2
[2019-06-17 09:41:55.679] [sharedprocess] [info] Scanned user extensions: 2
[2019-06-17 09:46:55.687] [sharedprocess] [info] Scanned user extensions: 2
[2019-06-17 09:51:55.697] [sharedprocess] [info] Scanned user extensions: 2
[2019-06-17 09:56:55.703] [sharedprocess] [info] Scanned user extensions: 2
[2019-06-17 10:01:55.712] [sharedprocess] [info] Scanned user extensions: 2
[2019-06-17 10:06:55.720] [sharedprocess] [info] Scanned user extensions: 2
[2019-06-17 10:11:55.727] [sharedprocess] [info] Scanned user extensions: 2
[2019-06-17 10:16:55.734] [sharedprocess] [info] Scanned user extensions: 2
[2019-06-17 10:21:55.743] [sharedprocess] [info] Scanned user extensions: 2
[2019-06-17 10:26:55.752] [sharedprocess] [info] Scanned user extensions: 2
[2019-06-17 10:31:55.759] [sharedprocess] [info] Scanned user extensions: 2
[2019-06-17 10:36:55.768] [sharedprocess] [info] Scanned user extensions: 2
[2019-06-17 10:41:55.776] [sharedprocess] [info] Scanned user extensions: 2
[2019-06-17 10:46:55.785] [sharedprocess] [info] Scanned user extensions: 2
[2019-06-17 10:51:55.793] [sharedprocess] [info] Scanned user extensions: 2
[2019-06-17 10:56:55.801] [sharedprocess] [info] Scanned user extensions: 2
[2019-06-17 11:01:55.809] [sharedprocess] [info] Scanned user extensions: 2
[2019-06-17 11:06:55.818] [sharedprocess] [info] Scanned user extensions: 2
[2019-06-17 11:11:55.826] [sharedprocess] [info] Scanned user extensions: 2
[2019-06-17 11:16:55.834] [sharedprocess] [info] Scanned user extensions: 2
[2019-06-17 11:21:55.843] [sharedprocess] [info] Scanned user extensions: 2
[2019-06-17 11:26:55.852] [sharedprocess] [info] Scanned user extensions: 2
[2019-06-17 11:31:55.861] [sharedprocess] [info] Scanned user extensions: 2
[2019-06-17 11:36:55.869] [sharedprocess] [info] Scanned user extensions: 2
[2019-06-17 11:41:55.876] [sharedprocess] [info] Scanned user extensions: 2
[2019-06-17 11:46:55.884] [sharedprocess] [info] Scanned user extensions: 2
[2019-06-17 11:51:55.893] [sharedprocess] [info] Scanned user extensions: 2
[2019-06-17 11:56:55.901] [sharedprocess] [info] Scanned user extensions: 2
[2019-06-17 12:01:55.909] [sharedprocess] [info] Scanned user extensions: 2
[2019-06-17 12:06:55.918] [sharedprocess] [info] Scanned user extensions: 2
[2019-06-17 12:11:55.926] [sharedprocess] [info] Scanned user extensions: 2
[2019-06-17 12:16:55.935] [sharedprocess] [info] Scanned user extensions: 2
[2019-06-17 12:21:55.943] [sharedprocess] [info] Scanned user extensions: 2
[2019-06-17 12:26:55.951] [sharedprocess] [info] Scanned user extensions: 2
[2019-06-17 12:31:55.958] [sharedprocess] [info] Scanned user extensions: 2
[2019-06-17 12:36:55.968] [sharedprocess] [info] Scanned user extensions: 2
[2019-06-17 12:41:55.975] [sharedprocess] [info] Scanned user extensions: 2
[2019-06-17 12:46:55.983] [sharedprocess] [info] Scanned user extensions: 2
[2019-06-17 12:51:55.992] [sharedprocess] [info] Scanned user extensions: 2
[2019-06-17 12:56:56.000] [sharedprocess] [info] Scanned user extensions: 2
[2019-06-17 13:01:56.008] [sharedprocess] [info] Scanned user extensions: 2
[2019-06-17 13:06:56.015] [sharedprocess] [info] Scanned user extensions: 2
[2019-06-17 13:11:56.025] [sharedprocess] [info] Scanned user extensions: 2
[2019-06-17 13:16:56.033] [sharedprocess] [info] Scanned user extensions: 2
[2019-06-17 13:21:56.041] [sharedprocess] [info] Scanned user extensions: 2
[2019-06-17 13:26:56.049] [sharedprocess] [info] Scanned user extensions: 2
[2019-06-17 13:31:56.059] [sharedprocess] [info] Scanned user extensions: 2
[2019-06-17 13:36:56.067] [sharedprocess] [info] Scanned user extensions: 2
[2019-06-17 13:41:56.075] [sharedprocess] [info] Scanned user extensions: 2
[2019-06-17 13:46:56.083] [sharedprocess] [info] Scanned user extensions: 2
[2019-06-17 13:51:56.093] [sharedprocess] [info] Scanned user extensions: 2
[2019-06-17 13:56:56.100] [sharedprocess] [info] Scanned user extensions: 2
[2019-06-17 14:01:56.109] [sharedprocess] [info] Scanned user extensions: 2
[2019-06-17 14:06:56.116] [sharedprocess] [info] Scanned user extensions: 2
[2019-06-17 14:11:56.125] [sharedprocess] [info] Scanned user extensions: 2
[2019-06-17 14:16:56.133] [sharedprocess] [info] Scanned user extensions: 2
[2019-06-17 14:21:56.141] [sharedprocess] [info] Scanned user extensions: 2
[2019-06-17 14:26:56.148] [sharedprocess] [info] Scanned user extensions: 2
[2019-06-17 14:31:56.156] [sharedprocess] [info] Scanned user extensions: 2
[2019-06-17 14:36:56.165] [sharedprocess] [info] Scanned user extensions: 2
[2019-06-17 14:41:56.173] [sharedprocess] [info] Scanned user extensions: 2
[2019-06-17 14:46:56.182] [sharedprocess] [info] Scanned user extensions: 2
[2019-06-17 14:51:56.190] [sharedprocess] [info] Scanned user extensions: 2
[2019-06-17 14:56:56.197] [sharedprocess] [info] Scanned user extensions: 2
[2019-06-17 15:01:56.206] [sharedprocess] [info] Scanned user extensions: 2
[2019-06-17 15:06:56.214] [sharedprocess] [info] Scanned user extensions: 2
[2019-06-17 15:11:56.222] [sharedprocess] [info] Scanned user extensions: 2
[2019-06-17 15:16:56.229] [sharedprocess] [info] Scanned user extensions: 2
[2019-06-17 15:21:56.237] [sharedprocess] [info] Scanned user extensions: 2
[2019-06-17 15:26:56.246] [sharedprocess] [info] Scanned user extensions: 2
[2019-06-17 15:31:56.253] [sharedprocess] [info] Scanned user extensions: 2
[2019-06-17 15:36:56.263] [sharedprocess] [info] Scanned user extensions: 2
[2019-06-17 15:41:56.270] [sharedprocess] [info] Scanned user extensions: 2
[2019-06-17 15:46:56.279] [sharedprocess] [info] Scanned user extensions: 2
[2019-06-17 15:51:56.287] [sharedprocess] [info] Scanned user extensions: 2
[2019-06-17 15:56:56.295] [sharedprocess] [info] Scanned user extensions: 2
[2019-06-17 16:01:56.302] [sharedprocess] [info] Scanned user extensions: 2
[2019-06-17 16:06:56.311] [sharedprocess] [info] Scanned user extensions: 2
[2019-06-17 16:11:56.319] [sharedprocess] [info] Scanned user extensions: 2
[2019-06-17 16:16:56.327] [sharedprocess] [info] Scanned user extensions: 2
[2019-06-17 16:21:56.335] [sharedprocess] [info] Scanned user extensions: 2
[2019-06-17 16:26:56.343] [sharedprocess] [info] Scanned user extensions: 2
[2019-06-17 16:31:56.350] [sharedprocess] [info] Scanned user extensions: 2
[2019-06-17 16:36:56.358] [sharedprocess] [info] Scanned user extensions: 2
[2019-06-17 16:41:56.366] [sharedprocess] [info] Scanned user extensions: 2
[2019-06-17 16:46:56.376] [sharedprocess] [info] Scanned user extensions: 2
[2019-06-17 16:51:56.383] [sharedprocess] [info] Scanned user extensions: 2
[2019-06-17 16:56:56.392] [sharedprocess] [info] Scanned user extensions: 2
[2019-06-17 17:01:56.400] [sharedprocess] [info] Scanned user extensions: 2
[2019-06-17 17:06:56.408] [sharedprocess] [info] Scanned user extensions: 2
[2019-06-17 17:11:56.416] [sharedprocess] [info] Scanned user extensions: 2
[2019-06-17 17:16:56.425] [sharedprocess] [info] Scanned user extensions: 2
[2019-06-17 17:21:56.433] [sharedprocess] [info] Scanned user extensions: 2
[2019-06-17 17:26:56.441] [sharedprocess] [info] Scanned user extensions: 2
[2019-06-17 17:31:56.449] [sharedprocess] [info] Scanned user extensions: 2
[2019-06-17 17:36:56.459] [sharedprocess] [info] Scanned user extensions: 2
[2019-06-17 17:41:56.466] [sharedprocess] [info] Scanned user extensions: 2
[2019-06-17 17:46:56.475] [sharedprocess] [info] Scanned user extensions: 2
[2019-06-17 17:51:56.482] [sharedprocess] [info] Scanned user extensions: 2
[2019-06-17 17:56:56.492] [sharedprocess] [info] Scanned user extensions: 2
[2019-06-17 18:01:56.499] [sharedprocess] [info] Scanned user extensions: 2
[2019-06-17 18:06:56.507] [sharedprocess] [info] Scanned user extensions: 2
[2019-06-17 18:11:56.514] [sharedprocess] [info] Scanned user extensions: 2
[2019-06-17 18:16:56.522] [sharedprocess] [info] Scanned user extensions: 2
[2019-06-17 18:21:56.529] [sharedprocess] [info] Scanned user extensions: 2
[2019-06-17 18:26:56.538] [sharedprocess] [info] Scanned user extensions: 2
[2019-06-17 18:31:56.546] [sharedprocess] [info] Scanned user extensions: 2
[2019-06-17 18:36:56.555] [sharedprocess] [info] Scanned user extensions: 2
[2019-06-17 18:41:56.564] [sharedprocess] [info] Scanned user extensions: 2
[2019-06-17 18:46:56.571] [sharedprocess] [info] Scanned user extensions: 2
[2019-06-17 18:51:56.575] [sharedprocess] [info] Scanned user extensions: 2
[2019-06-17 18:56:56.579] [sharedprocess] [info] Scanned user extensions: 2
[2019-06-17 19:01:56.586] [sharedprocess] [info] Scanned user extensions: 2
[2019-06-17 19:06:56.593] [sharedprocess] [info] Scanned user extensions: 2
[2019-06-17 19:11:56.598] [sharedprocess] [info] Scanned user extensions: 2
[2019-06-17 19:16:56.602] [sharedprocess] [info] Scanned user extensions: 2
[2019-06-17 19:21:56.607] [sharedprocess] [info] Scanned user extensions: 2
[2019-06-17 19:26:56.611] [sharedprocess] [info] Scanned user extensions: 2
[2019-06-17 19:31:56.615] [sharedprocess] [info] Scanned user extensions: 2
[2019-06-17 19:36:56.625] [sharedprocess] [info] Scanned user extensions: 2
[2019-06-17 19:41:56.633] [sharedprocess] [info] Scanned user extensions: 2
[2019-06-17 19:46:56.640] [sharedprocess] [info] Scanned user extensions: 2
[2019-06-17 19:51:56.647] [sharedprocess] [info] Scanned user extensions: 2
[2019-06-17 19:56:56.655] [sharedprocess] [info] Scanned user extensions: 2
[2019-06-17 20:01:56.663] [sharedprocess] [info] Scanned user extensions: 2
[2019-06-17 20:06:56.671] [sharedprocess] [info] Scanned user extensions: 2
[2019-06-17 20:11:56.679] [sharedprocess] [info] Scanned user extensions: 2
[2019-06-17 20:16:56.687] [sharedprocess] [info] Scanned user extensions: 2
[2019-06-17 20:21:56.694] [sharedprocess] [info] Scanned user extensions: 2
[2019-06-17 20:26:56.703] [sharedprocess] [info] Scanned user extensions: 2
[2019-06-17 20:31:56.709] [sharedprocess] [info] Scanned user extensions: 2
[2019-06-17 20:36:56.713] [sharedprocess] [info] Scanned user extensions: 2
[2019-06-17 20:41:56.719] [sharedprocess] [info] Scanned user extensions: 2
[2019-06-17 20:46:56.725] [sharedprocess] [info] Scanned user extensions: 2
[2019-06-17 20:51:56.734] [sharedprocess] [info] Scanned user extensions: 2
[2019-06-17 20:56:56.741] [sharedprocess] [info] Scanned user extensions: 2
[2019-06-17 21:01:56.746] [sharedprocess] [info] Scanned user extensions: 2
[2019-06-17 21:06:56.753] [sharedprocess] [info] Scanned user extensions: 2
[2019-06-17 21:11:56.761] [sharedprocess] [info] Scanned user extensions: 2
[2019-06-17 21:16:56.770] [sharedprocess] [info] Scanned user extensions: 2
[2019-06-17 21:21:56.779] [sharedprocess] [info] Scanned user extensions: 2
[2019-06-17 21:26:56.788] [sharedprocess] [info] Scanned user extensions: 2
[2019-06-17 21:31:56.797] [sharedprocess] [info] Scanned user extensions: 2
[2019-06-17 21:36:56.802] [sharedprocess] [info] Scanned user extensions: 2
[2019-06-17 21:41:56.806] [sharedprocess] [info] Scanned user extensions: 2
[2019-06-17 21:46:56.811] [sharedprocess] [info] Scanned user extensions: 2
[2019-06-17 21:51:56.815] [sharedprocess] [info] Scanned user extensions: 2
[2019-06-17 21:56:56.819] [sharedprocess] [info] Scanned user extensions: 2
[2019-06-17 22:01:56.827] [sharedprocess] [info] Scanned user extensions: 2
[2019-06-17 22:06:56.836] [sharedprocess] [info] Scanned user extensions: 2
[2019-06-17 22:11:56.844] [sharedprocess] [info] Scanned user extensions: 2
[2019-06-17 22:16:56.852] [sharedprocess] [info] Scanned user extensions: 2
[2019-06-17 22:21:56.860] [sharedprocess] [info] Scanned user extensions: 2
[2019-06-17 22:26:56.868] [sharedprocess] [info] Scanned user extensions: 2
[2019-06-17 22:31:56.878] [sharedprocess] [info] Scanned user extensions: 2
[2019-06-17 22:36:56.885] [sharedprocess] [info] Scanned user extensions: 2
[2019-06-17 22:41:56.891] [sharedprocess] [info] Scanned user extensions: 2
[2019-06-17 22:46:56.895] [sharedprocess] [info] Scanned user extensions: 2
[2019-06-17 22:51:56.902] [sharedprocess] [info] Scanned user extensions: 2
[2019-06-17 22:56:56.908] [sharedprocess] [info] Scanned user extensions: 2
[2019-06-17 23:01:56.914] [sharedprocess] [info] Scanned user extensions: 2
[2019-06-17 23:06:56.919] [sharedprocess] [info] Scanned user extensions: 2
[2019-06-17 23:11:56.927] [sharedprocess] [info] Scanned user extensions: 2
[2019-06-17 23:16:56.931] [sharedprocess] [info] Scanned user extensions: 2
[2019-06-17 23:21:56.935] [sharedprocess] [info] Scanned user extensions: 2
[2019-06-17 23:26:56.938] [sharedprocess] [info] Scanned user extensions: 2
[2019-06-17 23:31:56.945] [sharedprocess] [info] Scanned user extensions: 2
[2019-06-17 23:36:56.954] [sharedprocess] [info] Scanned user extensions: 2
[2019-06-17 23:41:56.962] [sharedprocess] [info] Scanned user extensions: 2
[2019-06-17 23:46:56.971] [sharedprocess] [info] Scanned user extensions: 2
[2019-06-17 23:51:56.980] [sharedprocess] [info] Scanned user extensions: 2
[2019-06-17 23:56:56.988] [sharedprocess] [info] Scanned user extensions: 2
[2019-06-18 00:01:56.996] [sharedprocess] [info] Scanned user extensions: 2
[2019-06-18 00:06:57.003] [sharedprocess] [info] Scanned user extensions: 2
[2019-06-18 00:11:57.012] [sharedprocess] [info] Scanned user extensions: 2
[2019-06-18 00:16:57.016] [sharedprocess] [info] Scanned user extensions: 2
[2019-06-18 00:21:57.023] [sharedprocess] [info] Scanned user extensions: 2
[2019-06-18 00:26:57.032] [sharedprocess] [info] Scanned user extensions: 2
[2019-06-18 00:31:57.036] [sharedprocess] [info] Scanned user extensions: 2
[2019-06-18 00:36:57.050] [sharedprocess] [info] Scanned user extensions: 2
[2019-06-18 00:41:57.059] [sharedprocess] [info] Scanned user extensions: 2
[2019-06-18 00:46:57.070] [sharedprocess] [info] Scanned user extensions: 2
[2019-06-18 00:51:57.078] [sharedprocess] [info] Scanned user extensions: 2
[2019-06-18 00:56:57.087] [sharedprocess] [info] Scanned user extensions: 2
[2019-06-18 01:01:57.095] [sharedprocess] [info] Scanned user extensions: 2
[2019-06-18 01:06:57.105] [sharedprocess] [info] Scanned user extensions: 2
[2019-06-18 01:11:57.113] [sharedprocess] [info] Scanned user extensions: 2
[2019-06-18 01:16:57.121] [sharedprocess] [info] Scanned user extensions: 2
[2019-06-18 01:21:57.129] [sharedprocess] [info] Scanned user extensions: 2
[2019-06-18 01:26:57.137] [sharedprocess] [info] Scanned user extensions: 2
[2019-06-18 01:31:57.146] [sharedprocess] [info] Scanned user extensions: 2
[2019-06-18 01:36:57.156] [sharedprocess] [info] Scanned user extensions: 2
[2019-06-18 01:41:57.165] [sharedprocess] [info] Scanned user extensions: 2
[2019-06-18 01:46:57.176] [sharedprocess] [info] Scanned user extensions: 2
[2019-06-18 01:51:57.184] [sharedprocess] [info] Scanned user extensions: 2
[2019-06-18 01:56:57.192] [sharedprocess] [info] Scanned user extensions: 2
[2019-06-18 02:01:57.200] [sharedprocess] [info] Scanned user extensions: 2
[2019-06-18 02:06:57.209] [sharedprocess] [info] Scanned user extensions: 2
[2019-06-18 02:11:57.216] [sharedprocess] [info] Scanned user extensions: 2
[2019-06-18 02:16:57.225] [sharedprocess] [info] Scanned user extensions: 2
[2019-06-18 02:21:57.232] [sharedprocess] [info] Scanned user extensions: 2
[2019-06-18 02:26:57.241] [sharedprocess] [info] Scanned user extensions: 2
[2019-06-18 02:31:57.248] [sharedprocess] [info] Scanned user extensions: 2
[2019-06-18 02:36:57.256] [sharedprocess] [info] Scanned user extensions: 2
[2019-06-18 02:41:57.262] [sharedprocess] [info] Scanned user extensions: 2
[2019-06-18 02:46:57.270] [sharedprocess] [info] Scanned user extensions: 2
[2019-06-18 02:51:57.280] [sharedprocess] [info] Scanned user extensions: 2
[2019-06-18 02:56:57.288] [sharedprocess] [info] Scanned user extensions: 2
[2019-06-18 03:01:57.296] [sharedprocess] [info] Scanned user extensions: 2
[2019-06-18 03:06:57.305] [sharedprocess] [info] Scanned user extensions: 2
[2019-06-18 03:11:57.313] [sharedprocess] [info] Scanned user extensions: 2
[2019-06-18 03:16:57.321] [sharedprocess] [info] Scanned user extensions: 2
[2019-06-18 03:21:57.328] [sharedprocess] [info] Scanned user extensions: 2
[2019-06-18 03:26:57.335] [sharedprocess] [info] Scanned user extensions: 2
[2019-06-18 03:31:57.343] [sharedprocess] [info] Scanned user extensions: 2
[2019-06-18 03:36:57.352] [sharedprocess] [info] Scanned user extensions: 2
[2019-06-18 03:41:57.358] [sharedprocess] [info] Scanned user extensions: 2
[2019-06-18 03:46:57.367] [sharedprocess] [info] Scanned user extensions: 2
[2019-06-18 03:51:57.375] [sharedprocess] [info] Scanned user extensions: 2
[2019-06-18 03:56:57.382] [sharedprocess] [info] Scanned user extensions: 2
[2019-06-18 04:01:57.391] [sharedprocess] [info] Scanned user extensions: 2
[2019-06-18 04:06:57.398] [sharedprocess] [info] Scanned user extensions: 2
[2019-06-18 04:11:57.405] [sharedprocess] [info] Scanned user extensions: 2
[2019-06-18 04:16:57.413] [sharedprocess] [info] Scanned user extensions: 2
[2019-06-18 04:21:57.421] [sharedprocess] [info] Scanned user extensions: 2
[2019-06-18 04:26:57.429] [sharedprocess] [info] Scanned user extensions: 2
[2019-06-18 04:31:57.438] [sharedprocess] [info] Scanned user extensions: 2
[2019-06-18 04:36:57.446] [sharedprocess] [info] Scanned user extensions: 2
[2019-06-18 04:41:57.456] [sharedprocess] [info] Scanned user extensions: 2
[2019-06-18 04:46:57.463] [sharedprocess] [info] Scanned user extensions: 2
[2019-06-18 04:51:57.471] [sharedprocess] [info] Scanned user extensions: 2
[2019-06-18 04:56:57.479] [sharedprocess] [info] Scanned user extensions: 2
[2019-06-18 05:01:57.487] [sharedprocess] [info] Scanned user extensions: 2
[2019-06-18 05:06:57.495] [sharedprocess] [info] Scanned user extensions: 2
[2019-06-18 05:11:57.503] [sharedprocess] [info] Scanned user extensions: 2
[2019-06-18 05:16:57.510] [sharedprocess] [info] Scanned user extensions: 2
[2019-06-18 05:21:57.520] [sharedprocess] [info] Scanned user extensions: 2
[2019-06-18 05:26:57.527] [sharedprocess] [info] Scanned user extensions: 2
[2019-06-18 05:31:57.534] [sharedprocess] [info] Scanned user extensions: 2
[2019-06-18 05:36:57.542] [sharedprocess] [info] Scanned user extensions: 2
[2019-06-18 05:41:57.551] [sharedprocess] [info] Scanned user extensions: 2
[2019-06-18 05:46:57.558] [sharedprocess] [info] Scanned user extensions: 2
[2019-06-18 05:51:57.566] [sharedprocess] [info] Scanned user extensions: 2
[2019-06-18 05:56:57.574] [sharedprocess] [info] Scanned user extensions: 2
[2019-06-18 06:01:57.582] [sharedprocess] [info] Scanned user extensions: 2
[2019-06-18 06:06:57.589] [sharedprocess] [info] Scanned user extensions: 2
[2019-06-18 06:11:57.596] [sharedprocess] [info] Scanned user extensions: 2
[2019-06-18 06:16:57.605] [sharedprocess] [info] Scanned user extensions: 2
[2019-06-18 06:21:57.613] [sharedprocess] [info] Scanned user extensions: 2
[2019-06-18 06:26:57.624] [sharedprocess] [info] Scanned user extensions: 2
[2019-06-18 06:31:57.632] [sharedprocess] [info] Scanned user extensions: 2
[2019-06-18 06:36:57.640] [sharedprocess] [info] Scanned user extensions: 2
[2019-06-18 06:41:57.648] [sharedprocess] [info] Scanned user extensions: 2
[2019-06-18 06:46:57.656] [sharedprocess] [info] Scanned user extensions: 2
[2019-06-18 06:51:57.662] [sharedprocess] [info] Scanned user extensions: 2
[2019-06-18 06:56:57.671] [sharedprocess] [info] Scanned user extensions: 2
[2019-06-18 07:01:57.680] [sharedprocess] [info] Scanned user extensions: 2
[2019-06-18 07:06:57.686] [sharedprocess] [info] Scanned user extensions: 2
[2019-06-18 07:11:57.694] [sharedprocess] [info] Scanned user extensions: 2
[2019-06-18 07:16:57.701] [sharedprocess] [info] Scanned user extensions: 2
[2019-06-18 07:21:57.709] [sharedprocess] [info] Scanned user extensions: 2
[2019-06-18 07:26:57.716] [sharedprocess] [info] Scanned user extensions: 2
[2019-06-18 07:31:57.724] [sharedprocess] [info] Scanned user extensions: 2
[2019-06-18 07:36:57.732] [sharedprocess] [info] Scanned user extensions: 2
[2019-06-18 07:41:57.740] [sharedprocess] [info] Scanned user extensions: 2
[2019-06-18 07:46:57.749] [sharedprocess] [info] Scanned user extensions: 2
[2019-06-18 07:51:57.755] [sharedprocess] [info] Scanned user extensions: 2
[2019-06-18 07:56:57.763] [sharedprocess] [info] Scanned user extensions: 2
[2019-06-18 08:01:57.770] [sharedprocess] [info] Scanned user extensions: 2
[2019-06-18 08:06:57.779] [sharedprocess] [info] Scanned user extensions: 2
[2019-06-18 08:11:57.787] [sharedprocess] [info] Scanned user extensions: 2
[2019-06-18 08:16:57.795] [sharedprocess] [info] Scanned user extensions: 2
[2019-06-18 08:21:57.803] [sharedprocess] [info] Scanned user extensions: 2
[2019-06-18 08:26:57.811] [sharedprocess] [info] Scanned user extensions: 2
[2019-06-18 08:31:57.820] [sharedprocess] [info] Scanned user extensions: 2
[2019-06-18 08:36:57.828] [sharedprocess] [info] Scanned user extensions: 2
[2019-06-18 08:41:57.836] [sharedprocess] [info] Scanned user extensions: 2
[2019-06-18 08:46:57.843] [sharedprocess] [info] Scanned user extensions: 2
[2019-06-18 08:51:57.851] [sharedprocess] [info] Scanned user extensions: 2
[2019-06-18 08:56:57.859] [sharedprocess] [info] Scanned user extensions: 2
[2019-06-18 09:01:57.866] [sharedprocess] [info] Scanned user extensions: 2
[2019-06-18 09:06:57.875] [sharedprocess] [info] Scanned user extensions: 2
[2019-06-18 09:11:57.884] [sharedprocess] [info] Scanned user extensions: 2
[2019-06-18 09:16:57.892] [sharedprocess] [info] Scanned user extensions: 2
[2019-06-18 09:21:57.902] [sharedprocess] [info] Scanned user extensions: 2
[2019-06-18 09:26:57.910] [sharedprocess] [info] Scanned user extensions: 2
[2019-06-18 09:31:57.918] [sharedprocess] [info] Scanned user extensions: 2
[2019-06-18 09:36:57.926] [sharedprocess] [info] Scanned user extensions: 2
[2019-06-18 09:41:57.935] [sharedprocess] [info] Scanned user extensions: 2
[2019-06-18 09:46:57.944] [sharedprocess] [info] Scanned user extensions: 2
[2019-06-18 09:51:57.952] [sharedprocess] [info] Scanned user extensions: 2
[2019-06-18 09:56:57.960] [sharedprocess] [info] Scanned user extensions: 2
[2019-06-18 10:01:57.968] [sharedprocess] [info] Scanned user extensions: 2
[2019-06-18 10:06:57.976] [sharedprocess] [info] Scanned user extensions: 2
[2019-06-18 10:11:57.984] [sharedprocess] [info] Scanned user extensions: 2
[2019-06-18 10:16:57.993] [sharedprocess] [info] Scanned user extensions: 2
[2019-06-18 10:21:58.000] [sharedprocess] [info] Scanned user extensions: 2
[2019-06-18 10:26:58.008] [sharedprocess] [info] Scanned user extensions: 2
[2019-06-18 10:31:58.016] [sharedprocess] [info] Scanned user extensions: 2
[2019-06-18 10:36:58.024] [sharedprocess] [info] Scanned user extensions: 2
[2019-06-18 10:41:58.031] [sharedprocess] [info] Scanned user extensions: 2
[2019-06-18 10:46:58.039] [sharedprocess] [info] Scanned user extensions: 2
[2019-06-18 10:51:58.047] [sharedprocess] [info] Scanned user extensions: 2
[2019-06-18 10:56:58.054] [sharedprocess] [info] Scanned user extensions: 2
[2019-06-18 11:01:58.062] [sharedprocess] [info] Scanned user extensions: 2
[2019-06-18 11:06:58.069] [sharedprocess] [info] Scanned user extensions: 2
[2019-06-18 11:11:58.077] [sharedprocess] [info] Scanned user extensions: 2
[2019-06-18 11:16:58.085] [sharedprocess] [info] Scanned user extensions: 2
[2019-06-18 11:21:58.094] [sharedprocess] [info] Scanned user extensions: 2
[2019-06-18 11:26:58.101] [sharedprocess] [info] Scanned user extensions: 2
[2019-06-18 11:31:58.108] [sharedprocess] [info] Scanned user extensions: 2
[2019-06-18 11:36:58.116] [sharedprocess] [info] Scanned user extensions: 2
[2019-06-18 11:41:58.124] [sharedprocess] [info] Scanned user extensions: 2
[2019-06-18 11:46:58.131] [sharedprocess] [info] Scanned user extensions: 2
[2019-06-18 11:51:58.138] [sharedprocess] [info] Scanned user extensions: 2
[2019-06-18 11:56:58.146] [sharedprocess] [info] Scanned user extensions: 2
[2019-06-18 12:01:58.154] [sharedprocess] [info] Scanned user extensions: 2
[2019-06-18 12:06:58.162] [sharedprocess] [info] Scanned user extensions: 2
[2019-06-18 12:11:58.169] [sharedprocess] [info] Scanned user extensions: 2
[2019-06-18 12:16:58.176] [sharedprocess] [info] Scanned user extensions: 2
[2019-06-18 12:21:58.184] [sharedprocess] [info] Scanned user extensions: 2
[2019-06-18 12:26:58.191] [sharedprocess] [info] Scanned user extensions: 2
[2019-06-18 12:31:58.199] [sharedprocess] [info] Scanned user extensions: 2
[2019-06-18 12:36:58.205] [sharedprocess] [info] Scanned user extensions: 2
[2019-06-18 12:41:58.214] [sharedprocess] [info] Scanned user extensions: 2
[2019-06-18 12:46:58.222] [sharedprocess] [info] Scanned user extensions: 2
[2019-06-18 12:51:58.230] [sharedprocess] [info] Scanned user extensions: 2
[2019-06-18 12:56:58.237] [sharedprocess] [info] Scanned user extensions: 2
[2019-06-18 13:01:58.247] [sharedprocess] [info] Scanned user extensions: 2
[2019-06-18 13:06:58.255] [sharedprocess] [info] Scanned user extensions: 2
[2019-06-18 13:11:58.263] [sharedprocess] [info] Scanned user extensions: 2
[2019-06-18 13:16:58.272] [sharedprocess] [info] Scanned user extensions: 2
[2019-06-18 13:21:58.280] [sharedprocess] [info] Scanned user extensions: 2
[2019-06-18 13:26:58.288] [sharedprocess] [info] Scanned user extensions: 2
[2019-06-18 13:31:58.297] [sharedprocess] [info] Scanned user extensions: 2
[2019-06-18 13:36:58.305] [sharedprocess] [info] Scanned user extensions: 2
[2019-06-18 13:41:58.313] [sharedprocess] [info] Scanned user extensions: 2
[2019-06-18 13:46:58.319] [sharedprocess] [info] Scanned user extensions: 2
[2019-06-18 13:51:58.325] [sharedprocess] [info] Scanned user extensions: 2
[2019-06-18 13:56:58.331] [sharedprocess] [info] Scanned user extensions: 2
[2019-06-18 14:01:58.339] [sharedprocess] [info] Scanned user extensions: 2
[2019-06-18 14:06:58.347] [sharedprocess] [info] Scanned user extensions: 2
[2019-06-18 14:11:58.355] [sharedprocess] [info] Scanned user extensions: 2
[2019-06-18 14:16:58.363] [sharedprocess] [info] Scanned user extensions: 2
[2019-06-18 14:21:58.372] [sharedprocess] [info] Scanned user extensions: 2
[2019-06-18 14:26:58.379] [sharedprocess] [info] Scanned user extensions: 2
[2019-06-18 14:31:58.387] [sharedprocess] [info] Scanned user extensions: 2
[2019-06-18 14:36:58.395] [sharedprocess] [info] Scanned user extensions: 2
[2019-06-18 14:41:58.402] [sharedprocess] [info] Scanned user extensions: 2
[2019-06-18 14:46:58.410] [sharedprocess] [info] Scanned user extensions: 2
[2019-06-18 14:51:58.418] [sharedprocess] [info] Scanned user extensions: 2
[2019-06-18 14:56:58.425] [sharedprocess] [info] Scanned user extensions: 2
[2019-06-18 15:01:58.433] [sharedprocess] [info] Scanned user extensions: 2
[2019-06-18 15:06:58.441] [sharedprocess] [info] Scanned user extensions: 2
[2019-06-18 15:11:58.449] [sharedprocess] [info] Scanned user extensions: 2
[2019-06-18 15:16:58.457] [sharedprocess] [info] Scanned user extensions: 2
[2019-06-18 15:21:58.465] [sharedprocess] [info] Scanned user extensions: 2
[2019-06-18 15:26:58.475] [sharedprocess] [info] Scanned user extensions: 2
[2019-06-18 15:31:58.483] [sharedprocess] [info] Scanned user extensions: 2
[2019-06-18 15:36:58.490] [sharedprocess] [info] Scanned user extensions: 2
[2019-06-18 15:41:58.498] [sharedprocess] [info] Scanned user extensions: 2
[2019-06-18 15:46:58.506] [sharedprocess] [info] Scanned user extensions: 2
[2019-06-18 15:51:58.513] [sharedprocess] [info] Scanned user extensions: 2
[2019-06-18 15:56:58.522] [sharedprocess] [info] Scanned user extensions: 2
[2019-06-18 16:01:58.529] [sharedprocess] [info] Scanned user extensions: 2
[2019-06-18 16:06:58.537] [sharedprocess] [info] Scanned user extensions: 2
[2019-06-18 16:11:58.545] [sharedprocess] [info] Scanned user extensions: 2
[2019-06-18 16:16:58.552] [sharedprocess] [info] Scanned user extensions: 2
[2019-06-18 16:21:58.559] [sharedprocess] [info] Scanned user extensions: 2
[2019-06-18 16:26:58.566] [sharedprocess] [info] Scanned user extensions: 2
[2019-06-18 16:31:58.575] [sharedprocess] [info] Scanned user extensions: 2
[2019-06-18 16:36:58.585] [sharedprocess] [info] Scanned user extensions: 2
[2019-06-18 16:41:58.591] [sharedprocess] [info] Scanned user extensions: 2
[2019-06-18 16:46:58.599] [sharedprocess] [info] Scanned user extensions: 2
[2019-06-18 16:51:58.605] [sharedprocess] [info] Scanned user extensions: 2
[2019-06-18 16:56:58.613] [sharedprocess] [info] Scanned user extensions: 2
[2019-06-18 17:01:58.623] [sharedprocess] [info] Scanned user extensions: 2
[2019-06-18 17:06:58.631] [sharedprocess] [info] Scanned user extensions: 2
[2019-06-18 17:11:58.639] [sharedprocess] [info] Scanned user extensions: 2
[2019-06-18 17:16:58.646] [sharedprocess] [info] Scanned user extensions: 2
[2019-06-18 17:21:58.653] [sharedprocess] [info] Scanned user extensions: 2
[2019-06-18 17:26:58.661] [sharedprocess] [info] Scanned user extensions: 2
[2019-06-18 17:31:58.669] [sharedprocess] [info] Scanned user extensions: 2
[2019-06-18 17:36:58.677] [sharedprocess] [info] Scanned user extensions: 2
[2019-06-18 17:41:58.685] [sharedprocess] [info] Scanned user extensions: 2
[2019-06-18 17:46:58.693] [sharedprocess] [info] Scanned user extensions: 2
[2019-06-18 17:51:58.702] [sharedprocess] [info] Scanned user extensions: 2
[2019-06-18 17:56:58.708] [sharedprocess] [info] Scanned user extensions: 2
[2019-06-18 18:01:58.715] [sharedprocess] [info] Scanned user extensions: 2
[2019-06-18 18:06:58.723] [sharedprocess] [info] Scanned user extensions: 2
[2019-06-18 18:11:58.731] [sharedprocess] [info] Scanned user extensions: 2
[2019-06-18 18:16:58.738] [sharedprocess] [info] Scanned user extensions: 2
[2019-06-18 18:21:58.748] [sharedprocess] [info] Scanned user extensions: 2
[2019-06-18 18:26:58.757] [sharedprocess] [info] Scanned user extensions: 2
[2019-06-18 18:31:58.762] [sharedprocess] [info] Scanned user extensions: 2
[2019-06-18 18:36:58.764] [sharedprocess] [info] Scanned user extensions: 2
[2019-06-18 18:41:58.771] [sharedprocess] [info] Scanned user extensions: 2
[2019-06-18 18:46:58.779] [sharedprocess] [info] Scanned user extensions: 2
[2019-06-18 18:51:58.784] [sharedprocess] [info] Scanned user extensions: 2
[2019-06-18 18:56:58.789] [sharedprocess] [info] Scanned user extensions: 2
[2019-06-18 19:01:58.795] [sharedprocess] [info] Scanned user extensions: 2
[2019-06-18 19:06:58.803] [sharedprocess] [info] Scanned user extensions: 2
[2019-06-18 19:11:58.812] [sharedprocess] [info] Scanned user extensions: 2
[2019-06-18 19:16:58.817] [sharedprocess] [info] Scanned user extensions: 2
[2019-06-18 19:21:58.824] [sharedprocess] [info] Scanned user extensions: 2
[2019-06-18 19:26:58.833] [sharedprocess] [info] Scanned user extensions: 2
[2019-06-18 19:31:58.839] [sharedprocess] [info] Scanned user extensions: 2
[2019-06-18 19:36:58.849] [sharedprocess] [info] Scanned user extensions: 2
[2019-06-18 19:41:58.857] [sharedprocess] [info] Scanned user extensions: 2
[2019-06-18 19:46:58.864] [sharedprocess] [info] Scanned user extensions: 2
[2019-06-18 19:51:58.873] [sharedprocess] [info] Scanned user extensions: 2
[2019-06-18 19:56:58.878] [sharedprocess] [info] Scanned user extensions: 2
[2019-06-18 20:01:58.885] [sharedprocess] [info] Scanned user extensions: 2
[2019-06-18 20:06:58.893] [sharedprocess] [info] Scanned user extensions: 2
[2019-06-18 20:11:58.901] [sharedprocess] [info] Scanned user extensions: 2
[2019-06-18 20:16:58.909] [sharedprocess] [info] Scanned user extensions: 2
[2019-06-18 20:21:58.913] [sharedprocess] [info] Scanned user extensions: 2
[2019-06-18 20:26:58.920] [sharedprocess] [info] Scanned user extensions: 2
[2019-06-18 20:31:58.931] [sharedprocess] [info] Scanned user extensions: 2
[2019-06-18 20:36:58.939] [sharedprocess] [info] Scanned user extensions: 2
[2019-06-18 20:41:58.947] [sharedprocess] [info] Scanned user extensions: 2
[2019-06-18 20:46:58.956] [sharedprocess] [info] Scanned user extensions: 2
[2019-06-18 20:51:58.961] [sharedprocess] [info] Scanned user extensions: 2
[2019-06-18 20:56:58.972] [sharedprocess] [info] Scanned user extensions: 2
[2019-06-18 21:01:58.982] [sharedprocess] [info] Scanned user extensions: 2
[2019-06-18 21:06:58.990] [sharedprocess] [info] Scanned user extensions: 2
[2019-06-18 21:11:58.997] [sharedprocess] [info] Scanned user extensions: 2
[2019-06-18 21:16:59.007] [sharedprocess] [info] Scanned user extensions: 2
[2019-06-18 21:21:59.015] [sharedprocess] [info] Scanned user extensions: 2
[2019-06-18 21:26:59.024] [sharedprocess] [info] Scanned user extensions: 2
[2019-06-18 21:31:59.034] [sharedprocess] [info] Scanned user extensions: 2
[2019-06-18 21:36:59.039] [sharedprocess] [info] Scanned user extensions: 2
[2019-06-18 21:41:59.047] [sharedprocess] [info] Scanned user extensions: 2
[2019-06-18 21:46:59.056] [sharedprocess] [info] Scanned user extensions: 2
[2019-06-18 21:51:59.067] [sharedprocess] [info] Scanned user extensions: 2
[2019-06-18 21:56:59.075] [sharedprocess] [info] Scanned user extensions: 2
[2019-06-18 22:01:59.084] [sharedprocess] [info] Scanned user extensions: 2
[2019-06-18 22:06:59.093] [sharedprocess] [info] Scanned user extensions: 2
[2019-06-18 22:11:59.104] [sharedprocess] [info] Scanned user extensions: 2
[2019-06-18 22:16:59.109] [sharedprocess] [info] Scanned user extensions: 2
[2019-06-18 22:21:59.117] [sharedprocess] [info] Scanned user extensions: 2
[2019-06-18 22:26:59.121] [sharedprocess] [info] Scanned user extensions: 2
[2019-06-18 22:31:59.128] [sharedprocess] [info] Scanned user extensions: 2
[2019-06-18 22:36:59.137] [sharedprocess] [info] Scanned user extensions: 2
[2019-06-18 22:41:59.144] [sharedprocess] [info] Scanned user extensions: 2
[2019-06-18 22:46:59.151] [sharedprocess] [info] Scanned user extensions: 2
[2019-06-18 22:51:59.157] [sharedprocess] [info] Scanned user extensions: 2
[2019-06-18 22:56:59.172] [sharedprocess] [info] Scanned user extensions: 2
[2019-06-18 23:01:59.179] [sharedprocess] [info] Scanned user extensions: 2
[2019-06-18 23:06:59.188] [sharedprocess] [info] Scanned user extensions: 2
[2019-06-18 23:11:59.197] [sharedprocess] [info] Scanned user extensions: 2
[2019-06-18 23:16:59.204] [sharedprocess] [info] Scanned user extensions: 2
[2019-06-18 23:21:59.212] [sharedprocess] [info] Scanned user extensions: 2
[2019-06-18 23:26:59.216] [sharedprocess] [info] Scanned user extensions: 2
[2019-06-18 23:31:59.220] [sharedprocess] [info] Scanned user extensions: 2
[2019-06-18 23:36:59.225] [sharedprocess] [info] Scanned user extensions: 2
[2019-06-18 23:41:59.233] [sharedprocess] [info] Scanned user extensions: 2
[2019-06-18 23:46:59.238] [sharedprocess] [info] Scanned user extensions: 2
[2019-06-18 23:51:59.245] [sharedprocess] [info] Scanned user extensions: 2
[2019-06-18 23:56:59.251] [sharedprocess] [info] Scanned user extensions: 2
[2019-06-19 00:01:59.260] [sharedprocess] [info] Scanned user extensions: 2
[2019-06-19 00:06:59.267] [sharedprocess] [info] Scanned user extensions: 2
[2019-06-19 00:11:59.270] [sharedprocess] [info] Scanned user extensions: 2
[2019-06-19 00:16:59.275] [sharedprocess] [info] Scanned user extensions: 2
[2019-06-19 00:21:59.283] [sharedprocess] [info] Scanned user extensions: 2
[2019-06-19 00:26:59.289] [sharedprocess] [info] Scanned user extensions: 2
[2019-06-19 00:31:59.296] [sharedprocess] [info] Scanned user extensions: 2
[2019-06-19 00:36:59.301] [sharedprocess] [info] Scanned user extensions: 2
[2019-06-19 00:41:59.308] [sharedprocess] [info] Scanned user extensions: 2
[2019-06-19 00:46:59.317] [sharedprocess] [info] Scanned user extensions: 2
[2019-06-19 00:51:59.323] [sharedprocess] [info] Scanned user extensions: 2
[2019-06-19 00:56:59.331] [sharedprocess] [info] Scanned user extensions: 2
[2019-06-19 01:01:59.339] [sharedprocess] [info] Scanned user extensions: 2
[2019-06-19 01:06:59.347] [sharedprocess] [info] Scanned user extensions: 2
[2019-06-19 01:11:59.355] [sharedprocess] [info] Scanned user extensions: 2
[2019-06-19 01:16:59.364] [sharedprocess] [info] Scanned user extensions: 2
[2019-06-19 01:21:59.370] [sharedprocess] [info] Scanned user extensions: 2
[2019-06-19 01:26:59.378] [sharedprocess] [info] Scanned user extensions: 2
[2019-06-19 01:31:59.388] [sharedprocess] [info] Scanned user extensions: 2
[2019-06-19 01:36:59.395] [sharedprocess] [info] Scanned user extensions: 2
[2019-06-19 01:41:59.403] [sharedprocess] [info] Scanned user extensions: 2
[2019-06-19 01:46:59.411] [sharedprocess] [info] Scanned user extensions: 2
[2019-06-19 01:51:59.419] [sharedprocess] [info] Scanned user extensions: 2
[2019-06-19 01:56:59.427] [sharedprocess] [info] Scanned user extensions: 2
[2019-06-19 02:01:59.435] [sharedprocess] [info] Scanned user extensions: 2
[2019-06-19 02:06:59.443] [sharedprocess] [info] Scanned user extensions: 2
[2019-06-19 02:11:59.451] [sharedprocess] [info] Scanned user extensions: 2
[2019-06-19 02:16:59.459] [sharedprocess] [info] Scanned user extensions: 2
[2019-06-19 02:21:59.470] [sharedprocess] [info] Scanned user extensions: 2
[2019-06-19 02:26:59.478] [sharedprocess] [info] Scanned user extensions: 2
[2019-06-19 02:31:59.486] [sharedprocess] [info] Scanned user extensions: 2
[2019-06-19 02:36:59.494] [sharedprocess] [info] Scanned user extensions: 2
[2019-06-19 02:41:59.505] [sharedprocess] [info] Scanned user extensions: 2
[2019-06-19 02:46:59.512] [sharedprocess] [info] Scanned user extensions: 2
[2019-06-19 02:51:59.520] [sharedprocess] [info] Scanned user extensions: 2
[2019-06-19 02:56:59.527] [sharedprocess] [info] Scanned user extensions: 2
[2019-06-19 03:01:59.534] [sharedprocess] [info] Scanned user extensions: 2
[2019-06-19 03:06:59.541] [sharedprocess] [info] Scanned user extensions: 2
[2019-06-19 03:11:59.550] [sharedprocess] [info] Scanned user extensions: 2
[2019-06-19 03:16:59.557] [sharedprocess] [info] Scanned user extensions: 2
[2019-06-19 03:21:59.567] [sharedprocess] [info] Scanned user extensions: 2
[2019-06-19 03:26:59.575] [sharedprocess] [info] Scanned user extensions: 2
[2019-06-19 03:31:59.582] [sharedprocess] [info] Scanned user extensions: 2
[2019-06-19 03:36:59.590] [sharedprocess] [info] Scanned user extensions: 2
[2019-06-19 03:41:59.598] [sharedprocess] [info] Scanned user extensions: 2
[2019-06-19 03:46:59.607] [sharedprocess] [info] Scanned user extensions: 2
[2019-06-19 03:51:59.614] [sharedprocess] [info] Scanned user extensions: 2
[2019-06-19 03:56:59.622] [sharedprocess] [info] Scanned user extensions: 2
[2019-06-19 04:01:59.630] [sharedprocess] [info] Scanned user extensions: 2
[2019-06-19 04:06:59.638] [sharedprocess] [info] Scanned user extensions: 2
[2019-06-19 04:11:59.646] [sharedprocess] [info] Scanned user extensions: 2
[2019-06-19 04:16:59.654] [sharedprocess] [info] Scanned user extensions: 2
[2019-06-19 04:21:59.661] [sharedprocess] [info] Scanned user extensions: 2
[2019-06-19 04:26:59.668] [sharedprocess] [info] Scanned user extensions: 2
[2019-06-19 04:31:59.675] [sharedprocess] [info] Scanned user extensions: 2
[2019-06-19 04:36:59.685] [sharedprocess] [info] Scanned user extensions: 2
[2019-06-19 04:41:59.692] [sharedprocess] [info] Scanned user extensions: 2
[2019-06-19 04:46:59.702] [sharedprocess] [info] Scanned user extensions: 2
[2019-06-19 04:51:59.709] [sharedprocess] [info] Scanned user extensions: 2
[2019-06-19 04:56:59.716] [sharedprocess] [info] Scanned user extensions: 2
[2019-06-19 05:01:59.724] [sharedprocess] [info] Scanned user extensions: 2
[2019-06-19 05:06:59.732] [sharedprocess] [info] Scanned user extensions: 2
[2019-06-19 05:11:59.739] [sharedprocess] [info] Scanned user extensions: 2
[2019-06-19 05:16:59.747] [sharedprocess] [info] Scanned user extensions: 2
[2019-06-19 05:21:59.756] [sharedprocess] [info] Scanned user extensions: 2
[2019-06-19 05:26:59.764] [sharedprocess] [info] Scanned user extensions: 2
[2019-06-19 05:31:59.772] [sharedprocess] [info] Scanned user extensions: 2
[2019-06-19 05:36:59.780] [sharedprocess] [info] Scanned user extensions: 2
[2019-06-19 05:41:59.787] [sharedprocess] [info] Scanned user extensions: 2
[2019-06-19 05:46:59.793] [sharedprocess] [info] Scanned user extensions: 2
[2019-06-19 05:51:59.800] [sharedprocess] [info] Scanned user extensions: 2
[2019-06-19 05:56:59.809] [sharedprocess] [info] Scanned user extensions: 2
[2019-06-19 06:01:59.817] [sharedprocess] [info] Scanned user extensions: 2
[2019-06-19 06:06:59.825] [sharedprocess] [info] Scanned user extensions: 2
[2019-06-19 06:11:59.833] [sharedprocess] [info] Scanned user extensions: 2
[2019-06-19 06:16:59.842] [sharedprocess] [info] Scanned user extensions: 2
[2019-06-19 06:21:59.850] [sharedprocess] [info] Scanned user extensions: 2
[2019-06-19 06:26:59.860] [sharedprocess] [info] Scanned user extensions: 2
[2019-06-19 06:31:59.867] [sharedprocess] [info] Scanned user extensions: 2
[2019-06-19 06:36:59.876] [sharedprocess] [info] Scanned user extensions: 2
[2019-06-19 06:41:59.884] [sharedprocess] [info] Scanned user extensions: 2
[2019-06-19 06:46:59.892] [sharedprocess] [info] Scanned user extensions: 2
[2019-06-19 06:51:59.905] [sharedprocess] [info] Scanned user extensions: 2
[2019-06-19 06:56:59.912] [sharedprocess] [info] Scanned user extensions: 2
[2019-06-19 07:01:59.921] [sharedprocess] [info] Scanned user extensions: 2
[2019-06-19 07:06:59.926] [sharedprocess] [info] Scanned user extensions: 2
[2019-06-19 07:11:59.934] [sharedprocess] [info] Scanned user extensions: 2
[2019-06-19 07:16:59.941] [sharedprocess] [info] Scanned user extensions: 2
[2019-06-19 07:21:59.949] [sharedprocess] [info] Scanned user extensions: 2
[2019-06-19 07:26:59.957] [sharedprocess] [info] Scanned user extensions: 2
[2019-06-19 07:31:59.966] [sharedprocess] [info] Scanned user extensions: 2
[2019-06-19 07:36:59.973] [sharedprocess] [info] Scanned user extensions: 2
[2019-06-19 07:41:59.979] [sharedprocess] [info] Scanned user extensions: 2
[2019-06-19 07:46:59.987] [sharedprocess] [info] Scanned user extensions: 2
[2019-06-19 07:51:59.995] [sharedprocess] [info] Scanned user extensions: 2
[2019-06-19 07:57:00.001] [sharedprocess] [info] Scanned user extensions: 2
[2019-06-19 08:02:00.008] [sharedprocess] [info] Scanned user extensions: 2
[2019-06-19 08:07:00.015] [sharedprocess] [info] Scanned user extensions: 2
[2019-06-19 08:12:00.023] [sharedprocess] [info] Scanned user extensions: 2
[2019-06-19 08:17:00.030] [sharedprocess] [info] Scanned user extensions: 2
[2019-06-19 08:22:00.039] [sharedprocess] [info] Scanned user extensions: 2
[2019-06-19 08:27:00.047] [sharedprocess] [info] Scanned user extensions: 2
[2019-06-19 08:32:00.056] [sharedprocess] [info] Scanned user extensions: 2
[2019-06-19 08:37:00.063] [sharedprocess] [info] Scanned user extensions: 2
[2019-06-19 08:42:00.070] [sharedprocess] [info] Scanned user extensions: 2
[2019-06-19 08:47:00.078] [sharedprocess] [info] Scanned user extensions: 2
[2019-06-19 08:52:00.086] [sharedprocess] [info] Scanned user extensions: 2
[2019-06-19 08:57:00.094] [sharedprocess] [info] Scanned user extensions: 2
[2019-06-19 09:02:00.101] [sharedprocess] [info] Scanned user extensions: 2
[2019-06-19 09:07:00.108] [sharedprocess] [info] Scanned user extensions: 2
[2019-06-19 09:12:00.115] [sharedprocess] [info] Scanned user extensions: 2
[2019-06-19 09:17:00.122] [sharedprocess] [info] Scanned user extensions: 2
[2019-06-19 09:22:00.130] [sharedprocess] [info] Scanned user extensions: 2
[2019-06-19 09:27:00.138] [sharedprocess] [info] Scanned user extensions: 2
[2019-06-19 09:32:00.146] [sharedprocess] [info] Scanned user extensions: 2
[2019-06-19 09:37:00.153] [sharedprocess] [info] Scanned user extensions: 2
[2019-06-19 09:42:00.161] [sharedprocess] [info] Scanned user extensions: 2
[2019-06-19 09:47:00.169] [sharedprocess] [info] Scanned user extensions: 2
[2019-06-19 09:52:00.176] [sharedprocess] [info] Scanned user extensions: 2
[2019-06-19 09:57:00.184] [sharedprocess] [info] Scanned user extensions: 2
[2019-06-19 10:02:00.192] [sharedprocess] [info] Scanned user extensions: 2
[2019-06-19 10:07:00.200] [sharedprocess] [info] Scanned user extensions: 2
[2019-06-19 10:12:00.207] [sharedprocess] [info] Scanned user extensions: 2
[2019-06-19 10:17:00.215] [sharedprocess] [info] Scanned user extensions: 2
[2019-06-19 10:22:00.223] [sharedprocess] [info] Scanned user extensions: 2
[2019-06-19 10:27:00.231] [sharedprocess] [info] Scanned user extensions: 2
[2019-06-19 10:32:00.239] [sharedprocess] [info] Scanned user extensions: 2
[2019-06-19 10:37:00.245] [sharedprocess] [info] Scanned user extensions: 2
[2019-06-19 10:42:00.254] [sharedprocess] [info] Scanned user extensions: 2
[2019-06-19 10:47:00.260] [sharedprocess] [info] Scanned user extensions: 2
[2019-06-19 10:52:00.268] [sharedprocess] [info] Scanned user extensions: 2
[2019-06-19 10:57:00.276] [sharedprocess] [info] Scanned user extensions: 2
[2019-06-19 11:02:00.285] [sharedprocess] [info] Scanned user extensions: 2
[2019-06-19 11:07:00.294] [sharedprocess] [info] Scanned user extensions: 2
[2019-06-19 11:12:00.301] [sharedprocess] [info] Scanned user extensions: 2
[2019-06-19 11:17:00.309] [sharedprocess] [info] Scanned user extensions: 2
[2019-06-19 11:22:00.316] [sharedprocess] [info] Scanned user extensions: 2
[2019-06-19 11:27:00.323] [sharedprocess] [info] Scanned user extensions: 2
[2019-06-19 11:32:00.331] [sharedprocess] [info] Scanned user extensions: 2
[2019-06-19 11:37:00.340] [sharedprocess] [info] Scanned user extensions: 2
[2019-06-19 11:42:00.348] [sharedprocess] [info] Scanned user extensions: 2
[2019-06-19 11:47:00.356] [sharedprocess] [info] Scanned user extensions: 2
[2019-06-19 11:52:00.364] [sharedprocess] [info] Scanned user extensions: 2
[2019-06-19 11:57:00.372] [sharedprocess] [info] Scanned user extensions: 2
[2019-06-19 12:02:00.380] [sharedprocess] [info] Scanned user extensions: 2
[2019-06-19 12:07:00.387] [sharedprocess] [info] Scanned user extensions: 2
[2019-06-19 12:12:00.396] [sharedprocess] [info] Scanned user extensions: 2
[2019-06-19 12:17:00.403] [sharedprocess] [info] Scanned user extensions: 2
[2019-06-19 12:22:00.411] [sharedprocess] [info] Scanned user extensions: 2
[2019-06-19 12:27:00.419] [sharedprocess] [info] Scanned user extensions: 2
[2019-06-19 12:32:00.424] [sharedprocess] [info] Scanned user extensions: 2
[2019-06-19 12:37:00.432] [sharedprocess] [info] Scanned user extensions: 2
[2019-06-19 12:42:00.441] [sharedprocess] [info] Scanned user extensions: 2
[2019-06-19 12:47:00.448] [sharedprocess] [info] Scanned user extensions: 2
[2019-06-19 12:52:00.455] [sharedprocess] [info] Scanned user extensions: 2
[2019-06-19 12:57:00.462] [sharedprocess] [info] Scanned user extensions: 2
[2019-06-19 13:02:00.471] [sharedprocess] [info] Scanned user extensions: 2
[2019-06-19 13:07:00.478] [sharedprocess] [info] Scanned user extensions: 2
[2019-06-19 13:12:00.486] [sharedprocess] [info] Scanned user extensions: 2
[2019-06-19 13:17:00.494] [sharedprocess] [info] Scanned user extensions: 2
[2019-06-19 13:22:00.502] [sharedprocess] [info] Scanned user extensions: 2
[2019-06-19 13:27:00.510] [sharedprocess] [info] Scanned user extensions: 2
[2019-06-19 13:32:00.518] [sharedprocess] [info] Scanned user extensions: 2
[2019-06-19 13:37:00.525] [sharedprocess] [info] Scanned user extensions: 2
[2019-06-19 13:42:00.532] [sharedprocess] [info] Scanned user extensions: 2
[2019-06-19 13:47:00.538] [sharedprocess] [info] Scanned user extensions: 2
[2019-06-19 13:52:00.545] [sharedprocess] [info] Scanned user extensions: 2
[2019-06-19 13:57:00.552] [sharedprocess] [info] Scanned user extensions: 2
[2019-06-19 14:02:00.561] [sharedprocess] [info] Scanned user extensions: 2
[2019-06-19 14:07:00.570] [sharedprocess] [info] Scanned user extensions: 2
[2019-06-19 14:12:00.578] [sharedprocess] [info] Scanned user extensions: 2
[2019-06-19 14:17:00.584] [sharedprocess] [info] Scanned user extensions: 2
[2019-06-19 14:22:00.592] [sharedprocess] [info] Scanned user extensions: 2
[2019-06-19 14:27:00.599] [sharedprocess] [info] Scanned user extensions: 2
[2019-06-19 14:32:00.607] [sharedprocess] [info] Scanned user extensions: 2
[2019-06-19 14:37:00.614] [sharedprocess] [info] Scanned user extensions: 2
[2019-06-19 14:42:00.622] [sharedprocess] [info] Scanned user extensions: 2
[2019-06-19 14:47:00.629] [sharedprocess] [info] Scanned user extensions: 2
[2019-06-19 14:52:00.637] [sharedprocess] [info] Scanned user extensions: 2
[2019-06-19 14:57:00.645] [sharedprocess] [info] Scanned user extensions: 2
[2019-06-19 15:02:00.653] [sharedprocess] [info] Scanned user extensions: 2
[2019-06-19 15:07:00.661] [sharedprocess] [info] Scanned user extensions: 2
[2019-06-19 15:12:00.670] [sharedprocess] [info] Scanned user extensions: 2
[2019-06-19 15:17:00.677] [sharedprocess] [info] Scanned user extensions: 2
[2019-06-19 15:22:00.684] [sharedprocess] [info] Scanned user extensions: 2
[2019-06-19 15:27:00.692] [sharedprocess] [info] Scanned user extensions: 2
[2019-06-19 15:32:00.698] [sharedprocess] [info] Scanned user extensions: 2
[2019-06-19 15:37:00.706] [sharedprocess] [info] Scanned user extensions: 2
[2019-06-19 15:42:00.715] [sharedprocess] [info] Scanned user extensions: 2
[2019-06-19 15:47:00.722] [sharedprocess] [info] Scanned user extensions: 2
[2019-06-19 15:52:00.730] [sharedprocess] [info] Scanned user extensions: 2
[2019-06-19 15:57:00.737] [sharedprocess] [info] Scanned user extensions: 2
[2019-06-19 16:02:00.745] [sharedprocess] [info] Scanned user extensions: 2
[2019-06-19 16:07:00.753] [sharedprocess] [info] Scanned user extensions: 2
[2019-06-19 16:12:00.760] [sharedprocess] [info] Scanned user extensions: 2
[2019-06-19 16:17:00.769] [sharedprocess] [info] Scanned user extensions: 2
[2019-06-19 16:22:00.776] [sharedprocess] [info] Scanned user extensions: 2
[2019-06-19 16:27:00.784] [sharedprocess] [info] Scanned user extensions: 2
[2019-06-19 16:32:00.791] [sharedprocess] [info] Scanned user extensions: 2
[2019-06-19 16:37:00.799] [sharedprocess] [info] Scanned user extensions: 2
[2019-06-19 16:42:00.807] [sharedprocess] [info] Scanned user extensions: 2
[2019-06-19 16:47:00.815] [sharedprocess] [info] Scanned user extensions: 2
[2019-06-19 16:52:00.822] [sharedprocess] [info] Scanned user extensions: 2
[2019-06-19 16:57:00.829] [sharedprocess] [info] Scanned user extensions: 2
[2019-06-19 17:02:00.836] [sharedprocess] [info] Scanned user extensions: 2
[2019-06-19 17:07:00.844] [sharedprocess] [info] Scanned user extensions: 2
[2019-06-19 17:12:00.851] [sharedprocess] [info] Scanned user extensions: 2
[2019-06-19 17:17:00.859] [sharedprocess] [info] Scanned user extensions: 2
[2019-06-19 17:22:00.868] [sharedprocess] [info] Scanned user extensions: 2
[2019-06-19 17:27:00.875] [sharedprocess] [info] Scanned user extensions: 2
[2019-06-19 17:32:00.882] [sharedprocess] [info] Scanned user extensions: 2
[2019-06-19 17:37:00.891] [sharedprocess] [info] Scanned user extensions: 2
[2019-06-19 17:42:00.901] [sharedprocess] [info] Scanned user extensions: 2
[2019-06-19 17:47:00.908] [sharedprocess] [info] Scanned user extensions: 2
[2019-06-19 17:52:00.917] [sharedprocess] [info] Scanned user extensions: 2
[2019-06-19 17:57:00.925] [sharedprocess] [info] Scanned user extensions: 2
[2019-06-19 18:02:00.933] [sharedprocess] [info] Scanned user extensions: 2
[2019-06-19 18:07:00.941] [sharedprocess] [info] Scanned user extensions: 2
[2019-06-19 18:12:00.949] [sharedprocess] [info] Scanned user extensions: 2
[2019-06-19 18:17:00.956] [sharedprocess] [info] Scanned user extensions: 2
[2019-06-19 18:22:00.962] [sharedprocess] [info] Scanned user extensions: 2
[2019-06-19 18:27:00.969] [sharedprocess] [info] Scanned user extensions: 2
[2019-06-19 18:32:00.977] [sharedprocess] [info] Scanned user extensions: 2
[2019-06-19 18:37:00.985] [sharedprocess] [info] Scanned user extensions: 2
[2019-06-19 18:42:00.999] [sharedprocess] [info] Scanned user extensions: 2
[2019-06-19 18:47:01.008] [sharedprocess] [info] Scanned user extensions: 2
[2019-06-19 18:52:01.015] [sharedprocess] [info] Scanned user extensions: 2
[2019-06-19 18:57:01.023] [sharedprocess] [info] Scanned user extensions: 2
[2019-06-19 19:02:01.031] [sharedprocess] [info] Scanned user extensions: 2
[2019-06-19 19:07:01.040] [sharedprocess] [info] Scanned user extensions: 2
[2019-06-19 19:12:01.045] [sharedprocess] [info] Scanned user extensions: 2
[2019-06-19 19:17:01.053] [sharedprocess] [info] Scanned user extensions: 2
[2019-06-19 19:22:01.060] [sharedprocess] [info] Scanned user extensions: 2
[2019-06-19 19:27:01.064] [sharedprocess] [info] Scanned user extensions: 2
[2019-06-19 19:32:01.067] [sharedprocess] [info] Scanned user extensions: 2
[2019-06-19 19:37:01.071] [sharedprocess] [info] Scanned user extensions: 2
[2019-06-19 19:42:01.075] [sharedprocess] [info] Scanned user extensions: 2
[2019-06-19 19:47:01.083] [sharedprocess] [info] Scanned user extensions: 2
[2019-06-19 19:52:01.088] [sharedprocess] [info] Scanned user extensions: 2
[2019-06-19 19:57:01.096] [sharedprocess] [info] Scanned user extensions: 2
[2019-06-19 20:02:01.101] [sharedprocess] [info] Scanned user extensions: 2
[2019-06-19 20:07:01.105] [sharedprocess] [info] Scanned user extensions: 2
