6/13/2019, 10:42:45 PM:
-----------------------
Adjacent JSX elements must be wrapped in an enclosing tag. Did you want a JSX fragment <>...</>? (/home/user/Git/fullstackopen2019/osa2/kurssitiedot/src/index.js:7:5)
   5 |   return(
   6 |     <Header name={course.name}/>
>  7 |     <Content parts={course.parts}/>
     |     ^
   8 |   )
   9 | }
  10 | 

6/13/2019, 10:42:49 PM:
-----------------------
Adjacent JSX elements must be wrapped in an enclosing tag. Did you want a JSX fragment <>...</>? (/home/user/Git/fullstackopen2019/osa2/kurssitiedot/src/index.js:7:5)
   5 |   return(
   6 |     <Header name={course.name}/>
>  7 |     <Content parts={course.parts}/>
     |     ^
   8 |   )
   9 | }
  10 | 

6/14/2019, 12:34:28 AM:
-----------------------
Unexpected token, expected ";" (/home/user/Git/fullstackopen2019/osa2/puhelinluettelo/src/components/PersonForm.js:15:2)
  13 |     </form>
  14 |   );
> 15 | });
     |  ^
  16 | 

6/14/2019, 12:45:24 AM:
-----------------------
Unexpected token, expected "," (/home/user/Git/fullstackopen2019/osa2/puhelinluettelo/src/App.js:22:55)
  20 |     });
  21 |     if (exists) {
> 22 |       alert(`${newName} is already added to phonebook`;);
     |                                                       ^
  23 |     } else {
  24 |       const person = {
  25 |         name: newName

6/14/2019, 12:47:19 AM:
-----------------------
Unexpected token (/home/user/Git/fullstackopen2019/osa2/puhelinluettelo/src/components/PersonForm.js:13:7)
  11 |           <label>Number: </label>
  12 |           <input value={number} onChange={numberChange}
> 13 |       </div>
     |       ^
  14 |       <div>
  15 |         <button type="submit">Add</button>
  16 |       </div>

6/14/2019, 12:47:21 AM:
-----------------------
Unexpected token (/home/user/Git/fullstackopen2019/osa2/puhelinluettelo/src/components/PersonForm.js:13:7)
  11 |           <label>Number: </label>
  12 |           <input value={number} onChange={numberChange}
> 13 |       </div>
     |       ^
  14 |       <div>
  15 |         <button type="submit">Add</button>
  16 |       </div>

6/14/2019, 12:53:25 AM:
-----------------------
Adjacent JSX elements must be wrapped in an enclosing tag. Did you want a JSX fragment <>...</>? (/home/user/Git/fullstackopen2019/osa2/puhelinluettelo/src/components/PersonForm.js:6:5)
  4 |   return (
  5 |       <h3>Add a new</h3>
> 6 |     <form onSubmit={submit}>
    |     ^
  7 |       <div>
  8 |         <label>Name: </label>
  9 |         <input value={name} onChange={nameChange} />

