[2019-06-12 23:19:51.675] [exthost] [info] extension host started
[2019-06-12 23:19:51.687] [exthost] [info] ExtensionService#_doActivateExtension vscode.typescript-language-features {"startup":false,"activationEvent":"onLanguage:javascript"}
[2019-06-12 23:19:51.687] [exthost] [info] ExtensionService#loadCommonJSModule /usr/lib/code/extensions/typescript-language-features/dist/extension
[2019-06-12 23:19:51.742] [exthost] [info] ExtensionService#_doActivateExtension vscode.debug-auto-launch {"startup":true,"activationEvent":"*"}
[2019-06-12 23:19:51.742] [exthost] [info] ExtensionService#loadCommonJSModule /usr/lib/code/extensions/debug-auto-launch/dist/extension
[2019-06-12 23:19:51.744] [exthost] [info] ExtensionService#_doActivateExtension vscode.emmet {"startup":true,"activationEvent":"*"}
[2019-06-12 23:19:51.744] [exthost] [info] ExtensionService#loadCommonJSModule /usr/lib/code/extensions/emmet/dist/extension
[2019-06-12 23:19:51.753] [exthost] [info] ExtensionService#_doActivateExtension vscode.git {"startup":true,"activationEvent":"*"}
[2019-06-12 23:19:51.753] [exthost] [info] ExtensionService#loadCommonJSModule /usr/lib/code/extensions/git/dist/main
[2019-06-12 23:19:51.825] [exthost] [info] ExtensionService#_doActivateExtension vscode.merge-conflict {"startup":true,"activationEvent":"*"}
[2019-06-12 23:19:51.825] [exthost] [info] ExtensionService#loadCommonJSModule /usr/lib/code/extensions/merge-conflict/dist/extension
[2019-06-12 23:19:51.830] [exthost] [info] ExtensionService#_doActivateExtension esbenp.prettier-vscode {"startup":true,"activationEvent":"*"}
[2019-06-12 23:19:51.830] [exthost] [info] ExtensionService#loadCommonJSModule /home/user/.vscode-oss/extensions/esbenp.prettier-vscode-1.9.0/out/src/extension
[2019-06-12 23:19:51.931] [exthost] [info] eager extensions activated
[2019-06-12 23:26:56.191] [exthost] [info] ExtensionService#_doActivateExtension vscode.extension-editing {"startup":false,"activationEvent":"onLanguage:typescript"}
[2019-06-12 23:26:56.191] [exthost] [info] ExtensionService#loadCommonJSModule /usr/lib/code/extensions/extension-editing/dist/extension
[2019-06-12 23:48:10.719] [exthost] [error] [vscode.typescript-language-features] provider FAILED
[2019-06-12 23:48:10.721] [exthost] [error] Error: TypeScript Server Error (3.5.1)
Debug Failure. Did not expect JsxExpression to have an Identifier in its trivia
Error: Debug Failure. Did not expect JsxExpression to have an Identifier in its trivia
    at addSyntheticNodes (tsserver.js:121096:30)
    at createChildren (tsserver.js:121085:9)
    at NodeObject.getChildren (tsserver.js:121029:56)
    at getTokenAtPositionWorker (tsserver.js:96646:43)
    at getTokenAtPosition (tsserver.js:96638:16)
    at Object.findTokenOnLeftOfPosition (tsserver.js:96679:31)
    at Object.getSignatureHelpItems (tsserver.js:107487:36)
    at Object.getSignatureHelpItems (tsserver.js:122240:37)
    at IOSession.Session.getSignatureHelpItems (tsserver.js:131190:62)
    at Session.handlers.ts.createMapFromTemplate._a.(anonymous function) (tsserver.js:130090:61)
    at tsserver.js:131637:88
    at IOSession.Session.executeWithRequestId (tsserver.js:131628:28)
    at IOSession.Session.executeCommand (tsserver.js:131637:33)
    at IOSession.Session.onMessage (tsserver.js:131659:35)
    at Interface.<anonymous> (tsserver.js:132950:27)
    at Interface.emit (events.js:182:13)
    at Interface._onLine (readline.js:290:10)
    at Interface._normalWrite (readline.js:433:12)
    at Socket.ondata (readline.js:149:10)
    at Socket.emit (events.js:182:13)
    at addChunk (_stream_readable.js:283:12)
    at readableAddChunk (_stream_readable.js:264:11)
    at Socket.Readable.push (_stream_readable.js:219:10)
    at Pipe.onStreamRead [as onread] (internal/stream_base_commons.js:94:17)
	at Function.create (/usr/lib/code/extensions/typescript-language-features/dist/extension.js:1:197728)
	at v.dispatchResponse (/usr/lib/code/extensions/typescript-language-features/dist/extension.js:1:203096)
	at v.dispatchMessage (/usr/lib/code/extensions/typescript-language-features/dist/extension.js:1:201848)
	at constructor._reader.onData.e (/usr/lib/code/extensions/typescript-language-features/dist/extension.js:1:201204)
	at u.fire (/usr/lib/code/out/vs/workbench/services/extensions/node/extensionHostProcess.js:47:720)
	at t.Reader.onLengthData (/usr/lib/code/extensions/typescript-language-features/dist/extension.js:1:206508)
	at Socket.t.Reader.constructor.e.on.e (/usr/lib/code/extensions/typescript-language-features/dist/extension.js:1:206156)
	at Socket.emit (events.js:182:13)
	at addChunk (_stream_readable.js:283:12)
	at readableAddChunk (_stream_readable.js:264:11)
	at Socket.Readable.push (_stream_readable.js:219:10)
	at Pipe.onStreamRead [as onread] (internal/stream_base_commons.js:94:17)
[2019-06-13 00:27:35.791] [exthost] [info] ExtensionService#_doActivateExtension vscode.css-language-features {"startup":false,"activationEvent":"onLanguage:css"}
[2019-06-13 00:27:35.791] [exthost] [info] ExtensionService#loadCommonJSModule /usr/lib/code/extensions/css-language-features/client/dist/cssMain
[2019-06-13 01:02:44.647] [exthost] [error] [vscode.typescript-language-features] provider FAILED
[2019-06-13 01:02:44.648] [exthost] [error] Error: TypeScript Server Error (3.5.1)
Debug Failure. Did not expect JsxClosingFragment to have an Identifier in its trivia
Error: Debug Failure. Did not expect JsxClosingFragment to have an Identifier in its trivia
    at addSyntheticNodes (tsserver.js:121096:30)
    at createChildren (tsserver.js:121085:9)
    at NodeObject.getChildren (tsserver.js:121029:56)
    at getTokenAtPositionWorker (tsserver.js:96646:43)
    at getTouchingToken (tsserver.js:96633:16)
    at Object.getTouchingPropertyName (tsserver.js:96625:16)
    at Object.getDocumentHighlights (tsserver.js:101315:27)
    at Object.getDocumentHighlights (tsserver.js:122187:42)
    at IOSession.Session.getDocumentHighlights (tsserver.js:130772:71)
    at Session.handlers.ts.createMapFromTemplate._a.(anonymous function) (tsserver.js:130173:61)
    at tsserver.js:131637:88
    at IOSession.Session.executeWithRequestId (tsserver.js:131628:28)
    at IOSession.Session.executeCommand (tsserver.js:131637:33)
    at IOSession.Session.onMessage (tsserver.js:131659:35)
    at Interface.<anonymous> (tsserver.js:132950:27)
    at Interface.emit (events.js:182:13)
    at Interface._onLine (readline.js:290:10)
    at Interface._normalWrite (readline.js:433:12)
    at Socket.ondata (readline.js:149:10)
    at Socket.emit (events.js:182:13)
    at addChunk (_stream_readable.js:283:12)
    at readableAddChunk (_stream_readable.js:264:11)
    at Socket.Readable.push (_stream_readable.js:219:10)
    at Pipe.onStreamRead [as onread] (internal/stream_base_commons.js:94:17)
	at Function.create (/usr/lib/code/extensions/typescript-language-features/dist/extension.js:1:197728)
	at v.dispatchResponse (/usr/lib/code/extensions/typescript-language-features/dist/extension.js:1:203096)
	at v.dispatchMessage (/usr/lib/code/extensions/typescript-language-features/dist/extension.js:1:201848)
	at constructor._reader.onData.e (/usr/lib/code/extensions/typescript-language-features/dist/extension.js:1:201204)
	at u.fire (/usr/lib/code/out/vs/workbench/services/extensions/node/extensionHostProcess.js:47:720)
	at t.Reader.onLengthData (/usr/lib/code/extensions/typescript-language-features/dist/extension.js:1:206508)
	at Socket.t.Reader.constructor.e.on.e (/usr/lib/code/extensions/typescript-language-features/dist/extension.js:1:206156)
	at Socket.emit (events.js:182:13)
	at addChunk (_stream_readable.js:283:12)
	at readableAddChunk (_stream_readable.js:264:11)
	at Socket.Readable.push (_stream_readable.js:219:10)
	at Pipe.onStreamRead [as onread] (internal/stream_base_commons.js:94:17)
[2019-06-13 01:02:44.874] [exthost] [error] [vscode.typescript-language-features] provider FAILED
[2019-06-13 01:02:44.875] [exthost] [error] Error: TypeScript Server Error (3.5.1)
Debug Failure. Did not expect JsxClosingFragment to have an Identifier in its trivia
Error: Debug Failure. Did not expect JsxClosingFragment to have an Identifier in its trivia
    at addSyntheticNodes (tsserver.js:121096:30)
    at createChildren (tsserver.js:121085:9)
    at NodeObject.getChildren (tsserver.js:121029:56)
    at getTokenAtPositionWorker (tsserver.js:96646:43)
    at Object.getTokenAtPosition (tsserver.js:96638:16)
    at getInfo (tsserver.js:117568:28)
    at Object.getAvailableActions (tsserver.js:117552:28)
    at tsserver.js:112870:128
    at getIterator (tsserver.js:627:23)
    at Object.flatMapIterator (tsserver.js:610:27)
    at Object.getApplicableRefactors (tsserver.js:112869:36)
    at Object.getApplicableRefactors (tsserver.js:122632:32)
    at IOSession.Session.getApplicableRefactors (tsserver.js:131393:53)
    at Session.handlers.ts.createMapFromTemplate._a.(anonymous function) (tsserver.js:130211:61)
    at tsserver.js:131637:88
    at IOSession.Session.executeWithRequestId (tsserver.js:131628:28)
    at IOSession.Session.executeCommand (tsserver.js:131637:33)
    at IOSession.Session.onMessage (tsserver.js:131659:35)
    at Interface.<anonymous> (tsserver.js:132950:27)
    at Interface.emit (events.js:182:13)
    at Interface._onLine (readline.js:290:10)
    at Interface._normalWrite (readline.js:433:12)
    at Socket.ondata (readline.js:149:10)
    at Socket.emit (events.js:182:13)
    at addChunk (_stream_readable.js:283:12)
    at readableAddChunk (_stream_readable.js:264:11)
    at Socket.Readable.push (_stream_readable.js:219:10)
    at Pipe.onStreamRead [as onread] (internal/stream_base_commons.js:94:17)
	at Function.create (/usr/lib/code/extensions/typescript-language-features/dist/extension.js:1:197728)
	at v.dispatchResponse (/usr/lib/code/extensions/typescript-language-features/dist/extension.js:1:203096)
	at v.dispatchMessage (/usr/lib/code/extensions/typescript-language-features/dist/extension.js:1:201848)
	at constructor._reader.onData.e (/usr/lib/code/extensions/typescript-language-features/dist/extension.js:1:201204)
	at u.fire (/usr/lib/code/out/vs/workbench/services/extensions/node/extensionHostProcess.js:47:720)
	at t.Reader.onLengthData (/usr/lib/code/extensions/typescript-language-features/dist/extension.js:1:206508)
	at Socket.t.Reader.constructor.e.on.e (/usr/lib/code/extensions/typescript-language-features/dist/extension.js:1:206156)
	at Socket.emit (events.js:182:13)
	at addChunk (_stream_readable.js:283:12)
	at readableAddChunk (_stream_readable.js:264:11)
	at Socket.Readable.push (_stream_readable.js:219:10)
	at Pipe.onStreamRead [as onread] (internal/stream_base_commons.js:94:17)
[2019-06-13 01:34:40.861] [exthost] [error] [vscode.typescript-language-features] provider FAILED
[2019-06-13 01:34:40.861] [exthost] [error] Error: TypeScript Server Error (3.5.1)
Debug Failure. Did not expect JsxExpression to have an Identifier in its trivia
Error: Debug Failure. Did not expect JsxExpression to have an Identifier in its trivia
    at addSyntheticNodes (tsserver.js:121096:30)
    at createChildren (tsserver.js:121085:9)
    at NodeObject.getChildren (tsserver.js:121029:56)
    at findRightmostToken (tsserver.js:96757:26)
    at findRightmostToken (tsserver.js:96759:29)
    at find (tsserver.js:96732:47)
    at find (tsserver.js:96736:32)
    at find (tsserver.js:96736:32)
    at find (tsserver.js:96736:32)
    at find (tsserver.js:96736:32)
    at find (tsserver.js:96736:32)
    at find (tsserver.js:96736:32)
    at find (tsserver.js:96736:32)
    at find (tsserver.js:96736:32)
    at find (tsserver.js:96736:32)
    at find (tsserver.js:96736:32)
    at find (tsserver.js:96736:32)
    at find (tsserver.js:96736:32)
    at find (tsserver.js:96736:32)
    at Object.findPrecedingToken (tsserver.js:96709:22)
    at Object.getCompletionsAtPosition (tsserver.js:99500:35)
    at Object.getCompletionsAtPosition (tsserver.js:122085:35)
    at IOSession.Session.getCompletions (tsserver.js:131119:64)
    at Session.handlers.ts.createMapFromTemplate._a.(anonymous function) (tsserver.js:130069:61)
    at tsserver.js:131637:88
    at IOSession.Session.executeWithRequestId (tsserver.js:131628:28)
    at IOSession.Session.executeCommand (tsserver.js:131637:33)
    at IOSession.Session.onMessage (tsserver.js:131659:35)
    at Interface.<anonymous> (tsserver.js:132950:27)
    at Interface.emit (events.js:182:13)
    at Interface._onLine (readline.js:290:10)
    at Interface._normalWrite (readline.js:433:12)
    at Socket.ondata (readline.js:149:10)
    at Socket.emit (events.js:182:13)
    at addChunk (_stream_readable.js:283:12)
    at readableAddChunk (_stream_readable.js:264:11)
    at Socket.Readable.push (_stream_readable.js:219:10)
    at Pipe.onStreamRead [as onread] (internal/stream_base_commons.js:94:17)
	at Function.create (/usr/lib/code/extensions/typescript-language-features/dist/extension.js:1:197728)
	at v.dispatchResponse (/usr/lib/code/extensions/typescript-language-features/dist/extension.js:1:203096)
	at v.dispatchMessage (/usr/lib/code/extensions/typescript-language-features/dist/extension.js:1:201848)
	at constructor._reader.onData.e (/usr/lib/code/extensions/typescript-language-features/dist/extension.js:1:201204)
	at u.fire (/usr/lib/code/out/vs/workbench/services/extensions/node/extensionHostProcess.js:47:720)
	at t.Reader.onLengthData (/usr/lib/code/extensions/typescript-language-features/dist/extension.js:1:206508)
	at Socket.t.Reader.constructor.e.on.e (/usr/lib/code/extensions/typescript-language-features/dist/extension.js:1:206156)
	at Socket.emit (events.js:182:13)
	at addChunk (_stream_readable.js:283:12)
	at readableAddChunk (_stream_readable.js:264:11)
	at Socket.Readable.push (_stream_readable.js:219:10)
	at Pipe.onStreamRead [as onread] (internal/stream_base_commons.js:94:17)
[2019-06-13 01:34:42.876] [exthost] [error] [vscode.typescript-language-features] provider FAILED
[2019-06-13 01:34:42.876] [exthost] [error] Error: TypeScript Server Error (3.5.1)
Debug Failure. Did not expect JsxExpression to have an Identifier in its trivia
Error: Debug Failure. Did not expect JsxExpression to have an Identifier in its trivia
    at addSyntheticNodes (tsserver.js:121096:30)
    at createChildren (tsserver.js:121085:9)
    at NodeObject.getChildren (tsserver.js:121029:56)
    at getTokenAtPositionWorker (tsserver.js:96646:43)
    at getTouchingToken (tsserver.js:96633:16)
    at Object.getTouchingPropertyName (tsserver.js:96625:16)
    at Object.getDocumentHighlights (tsserver.js:101315:27)
    at Object.getDocumentHighlights (tsserver.js:122187:42)
    at IOSession.Session.getDocumentHighlights (tsserver.js:130772:71)
    at Session.handlers.ts.createMapFromTemplate._a.(anonymous function) (tsserver.js:130173:61)
    at tsserver.js:131637:88
    at IOSession.Session.executeWithRequestId (tsserver.js:131628:28)
    at IOSession.Session.executeCommand (tsserver.js:131637:33)
    at IOSession.Session.onMessage (tsserver.js:131659:35)
    at Interface.<anonymous> (tsserver.js:132950:27)
    at Interface.emit (events.js:182:13)
    at Interface._onLine (readline.js:290:10)
    at Interface._normalWrite (readline.js:433:12)
    at Socket.ondata (readline.js:149:10)
    at Socket.emit (events.js:182:13)
    at addChunk (_stream_readable.js:283:12)
    at readableAddChunk (_stream_readable.js:264:11)
    at Socket.Readable.push (_stream_readable.js:219:10)
    at Pipe.onStreamRead [as onread] (internal/stream_base_commons.js:94:17)
	at Function.create (/usr/lib/code/extensions/typescript-language-features/dist/extension.js:1:197728)
	at v.dispatchResponse (/usr/lib/code/extensions/typescript-language-features/dist/extension.js:1:203096)
	at v.dispatchMessage (/usr/lib/code/extensions/typescript-language-features/dist/extension.js:1:201848)
	at constructor._reader.onData.e (/usr/lib/code/extensions/typescript-language-features/dist/extension.js:1:201204)
	at u.fire (/usr/lib/code/out/vs/workbench/services/extensions/node/extensionHostProcess.js:47:720)
	at t.Reader.onLengthData (/usr/lib/code/extensions/typescript-language-features/dist/extension.js:1:206508)
	at Socket.t.Reader.constructor.e.on.e (/usr/lib/code/extensions/typescript-language-features/dist/extension.js:1:206156)
	at Socket.emit (events.js:182:13)
	at addChunk (_stream_readable.js:283:12)
	at readableAddChunk (_stream_readable.js:264:11)
	at Socket.Readable.push (_stream_readable.js:219:10)
	at Pipe.onStreamRead [as onread] (internal/stream_base_commons.js:94:17)
[2019-06-13 01:34:43.806] [exthost] [error] [vscode.typescript-language-features] provider FAILED
[2019-06-13 01:34:43.806] [exthost] [error] Error: TypeScript Server Error (3.5.1)
Debug Failure. Did not expect JsxExpression to have an Identifier in its trivia
Error: Debug Failure. Did not expect JsxExpression to have an Identifier in its trivia
    at addSyntheticNodes (tsserver.js:121096:30)
    at createChildren (tsserver.js:121085:9)
    at NodeObject.getChildren (tsserver.js:121029:56)
    at getTokenAtPositionWorker (tsserver.js:96646:43)
    at Object.getTokenAtPosition (tsserver.js:96638:16)
    at getInfo (tsserver.js:117568:28)
    at Object.getAvailableActions (tsserver.js:117552:28)
    at tsserver.js:112870:128
    at getIterator (tsserver.js:627:23)
    at Object.flatMapIterator (tsserver.js:610:27)
    at Object.getApplicableRefactors (tsserver.js:112869:36)
    at Object.getApplicableRefactors (tsserver.js:122632:32)
    at IOSession.Session.getApplicableRefactors (tsserver.js:131393:53)
    at Session.handlers.ts.createMapFromTemplate._a.(anonymous function) (tsserver.js:130211:61)
    at tsserver.js:131637:88
    at IOSession.Session.executeWithRequestId (tsserver.js:131628:28)
    at IOSession.Session.executeCommand (tsserver.js:131637:33)
    at IOSession.Session.onMessage (tsserver.js:131659:35)
    at Interface.<anonymous> (tsserver.js:132950:27)
    at Interface.emit (events.js:182:13)
    at Interface._onLine (readline.js:290:10)
    at Interface._normalWrite (readline.js:433:12)
    at Socket.ondata (readline.js:149:10)
    at Socket.emit (events.js:182:13)
    at addChunk (_stream_readable.js:283:12)
    at readableAddChunk (_stream_readable.js:264:11)
    at Socket.Readable.push (_stream_readable.js:219:10)
    at Pipe.onStreamRead [as onread] (internal/stream_base_commons.js:94:17)
	at Function.create (/usr/lib/code/extensions/typescript-language-features/dist/extension.js:1:197728)
	at v.dispatchResponse (/usr/lib/code/extensions/typescript-language-features/dist/extension.js:1:203096)
	at v.dispatchMessage (/usr/lib/code/extensions/typescript-language-features/dist/extension.js:1:201848)
	at constructor._reader.onData.e (/usr/lib/code/extensions/typescript-language-features/dist/extension.js:1:201204)
	at u.fire (/usr/lib/code/out/vs/workbench/services/extensions/node/extensionHostProcess.js:47:720)
	at t.Reader.onLengthData (/usr/lib/code/extensions/typescript-language-features/dist/extension.js:1:206508)
	at Socket.t.Reader.constructor.e.on.e (/usr/lib/code/extensions/typescript-language-features/dist/extension.js:1:206156)
	at Socket.emit (events.js:182:13)
	at addChunk (_stream_readable.js:283:12)
	at readableAddChunk (_stream_readable.js:264:11)
	at Socket.Readable.push (_stream_readable.js:219:10)
	at Pipe.onStreamRead [as onread] (internal/stream_base_commons.js:94:17)
[2019-06-13 07:16:21.315] [exthost] [info] ExtensionService#_doActivateExtension vscode.configuration-editing {"startup":false,"activationEvent":"onLanguage:jsonc"}
[2019-06-13 07:16:21.315] [exthost] [info] ExtensionService#loadCommonJSModule /usr/lib/code/extensions/configuration-editing/dist/extension
[2019-06-13 07:16:21.319] [exthost] [info] ExtensionService#_doActivateExtension vscode.json-language-features {"startup":false,"activationEvent":"onLanguage:jsonc"}
[2019-06-13 07:16:21.319] [exthost] [info] ExtensionService#loadCommonJSModule /usr/lib/code/extensions/json-language-features/client/dist/jsonMain
